[2023-09-07 18:00:39,308] {processor.py:163} INFO - Started process (PID=40) to work on /home/airflow/.local/lib/python3.7/site-packages/airflow/example_dags/example_task_group_decorator.py
[2023-09-07 18:00:39,319] {processor.py:642} INFO - Processing file /home/airflow/.local/lib/python3.7/site-packages/airflow/example_dags/example_task_group_decorator.py for tasks to queue
[2023-09-07 18:00:39,326] {logging_mixin.py:109} INFO - [2023-09-07 18:00:39,326] {dagbag.py:500} INFO - Filling up the DagBag from /home/airflow/.local/lib/python3.7/site-packages/airflow/example_dags/example_task_group_decorator.py
[2023-09-07 18:00:39,488] {processor.py:654} INFO - DAG(s) dict_keys(['example_task_group_decorator']) retrieved from /home/airflow/.local/lib/python3.7/site-packages/airflow/example_dags/example_task_group_decorator.py
[2023-09-07 18:00:47,250] {logging_mixin.py:109} INFO - [2023-09-07 18:00:47,250] {manager.py:496} INFO - Created Permission View: can edit on DAG:example_task_group_decorator
[2023-09-07 18:00:47,278] {logging_mixin.py:109} INFO - [2023-09-07 18:00:47,277] {manager.py:496} INFO - Created Permission View: can read on DAG:example_task_group_decorator
[2023-09-07 18:00:47,279] {logging_mixin.py:109} INFO - [2023-09-07 18:00:47,279] {dag.py:2398} INFO - Sync 1 DAGs
[2023-09-07 18:00:47,303] {logging_mixin.py:109} INFO - [2023-09-07 18:00:47,303] {dag.py:2417} INFO - Creating ORM DAG for example_task_group_decorator
[2023-09-07 18:00:47,337] {logging_mixin.py:109} INFO - [2023-09-07 18:00:47,337] {dag.py:2937} INFO - Setting next_dagrun for example_task_group_decorator to 2023-09-06T18:00:47.337107+00:00
[2023-09-07 18:00:47,373] {processor.py:171} INFO - Processing /home/airflow/.local/lib/python3.7/site-packages/airflow/example_dags/example_task_group_decorator.py took 8.106 seconds
[2023-09-07 18:01:27,384] {processor.py:163} INFO - Started process (PID=279) to work on /home/airflow/.local/lib/python3.7/site-packages/airflow/example_dags/example_task_group_decorator.py
[2023-09-07 18:01:27,387] {processor.py:642} INFO - Processing file /home/airflow/.local/lib/python3.7/site-packages/airflow/example_dags/example_task_group_decorator.py for tasks to queue
[2023-09-07 18:01:27,388] {logging_mixin.py:109} INFO - [2023-09-07 18:01:27,388] {dagbag.py:500} INFO - Filling up the DagBag from /home/airflow/.local/lib/python3.7/site-packages/airflow/example_dags/example_task_group_decorator.py
[2023-09-07 18:01:27,441] {processor.py:654} INFO - DAG(s) dict_keys(['example_task_group_decorator']) retrieved from /home/airflow/.local/lib/python3.7/site-packages/airflow/example_dags/example_task_group_decorator.py
[2023-09-07 18:01:27,720] {logging_mixin.py:109} INFO - [2023-09-07 18:01:27,720] {dag.py:2398} INFO - Sync 1 DAGs
[2023-09-07 18:01:27,742] {logging_mixin.py:109} INFO - [2023-09-07 18:01:27,742] {dag.py:2937} INFO - Setting next_dagrun for example_task_group_decorator to 2023-09-06T18:01:27.742031+00:00
[2023-09-07 18:01:27,759] {processor.py:171} INFO - Processing /home/airflow/.local/lib/python3.7/site-packages/airflow/example_dags/example_task_group_decorator.py took 0.378 seconds
[2023-09-07 18:01:57,925] {processor.py:163} INFO - Started process (PID=333) to work on /home/airflow/.local/lib/python3.7/site-packages/airflow/example_dags/example_task_group_decorator.py
[2023-09-07 18:01:57,928] {processor.py:642} INFO - Processing file /home/airflow/.local/lib/python3.7/site-packages/airflow/example_dags/example_task_group_decorator.py for tasks to queue
[2023-09-07 18:01:57,929] {logging_mixin.py:109} INFO - [2023-09-07 18:01:57,929] {dagbag.py:500} INFO - Filling up the DagBag from /home/airflow/.local/lib/python3.7/site-packages/airflow/example_dags/example_task_group_decorator.py
[2023-09-07 18:01:57,985] {processor.py:654} INFO - DAG(s) dict_keys(['example_task_group_decorator']) retrieved from /home/airflow/.local/lib/python3.7/site-packages/airflow/example_dags/example_task_group_decorator.py
[2023-09-07 18:01:58,219] {logging_mixin.py:109} INFO - [2023-09-07 18:01:58,218] {dag.py:2398} INFO - Sync 1 DAGs
[2023-09-07 18:01:58,238] {logging_mixin.py:109} INFO - [2023-09-07 18:01:58,237] {dag.py:2937} INFO - Setting next_dagrun for example_task_group_decorator to 2023-09-06T18:01:58.237670+00:00
[2023-09-07 18:01:58,250] {processor.py:171} INFO - Processing /home/airflow/.local/lib/python3.7/site-packages/airflow/example_dags/example_task_group_decorator.py took 0.329 seconds
[2023-09-07 18:02:28,876] {processor.py:163} INFO - Started process (PID=383) to work on /home/airflow/.local/lib/python3.7/site-packages/airflow/example_dags/example_task_group_decorator.py
[2023-09-07 18:02:28,878] {processor.py:642} INFO - Processing file /home/airflow/.local/lib/python3.7/site-packages/airflow/example_dags/example_task_group_decorator.py for tasks to queue
[2023-09-07 18:02:28,880] {logging_mixin.py:109} INFO - [2023-09-07 18:02:28,879] {dagbag.py:500} INFO - Filling up the DagBag from /home/airflow/.local/lib/python3.7/site-packages/airflow/example_dags/example_task_group_decorator.py
[2023-09-07 18:02:28,931] {processor.py:654} INFO - DAG(s) dict_keys(['example_task_group_decorator']) retrieved from /home/airflow/.local/lib/python3.7/site-packages/airflow/example_dags/example_task_group_decorator.py
[2023-09-07 18:02:29,157] {logging_mixin.py:109} INFO - [2023-09-07 18:02:29,157] {dag.py:2398} INFO - Sync 1 DAGs
[2023-09-07 18:02:29,172] {logging_mixin.py:109} INFO - [2023-09-07 18:02:29,172] {dag.py:2937} INFO - Setting next_dagrun for example_task_group_decorator to 2023-09-06T18:02:29.172236+00:00
[2023-09-07 18:02:29,184] {processor.py:171} INFO - Processing /home/airflow/.local/lib/python3.7/site-packages/airflow/example_dags/example_task_group_decorator.py took 0.313 seconds
[2023-09-07 18:02:59,728] {processor.py:163} INFO - Started process (PID=442) to work on /home/airflow/.local/lib/python3.7/site-packages/airflow/example_dags/example_task_group_decorator.py
[2023-09-07 18:02:59,730] {processor.py:642} INFO - Processing file /home/airflow/.local/lib/python3.7/site-packages/airflow/example_dags/example_task_group_decorator.py for tasks to queue
[2023-09-07 18:02:59,731] {logging_mixin.py:109} INFO - [2023-09-07 18:02:59,731] {dagbag.py:500} INFO - Filling up the DagBag from /home/airflow/.local/lib/python3.7/site-packages/airflow/example_dags/example_task_group_decorator.py
[2023-09-07 18:02:59,778] {processor.py:654} INFO - DAG(s) dict_keys(['example_task_group_decorator']) retrieved from /home/airflow/.local/lib/python3.7/site-packages/airflow/example_dags/example_task_group_decorator.py
[2023-09-07 18:02:59,995] {logging_mixin.py:109} INFO - [2023-09-07 18:02:59,995] {dag.py:2398} INFO - Sync 1 DAGs
[2023-09-07 18:03:00,020] {logging_mixin.py:109} INFO - [2023-09-07 18:03:00,020] {dag.py:2937} INFO - Setting next_dagrun for example_task_group_decorator to 2023-09-06T18:03:00.020211+00:00
[2023-09-07 18:03:00,038] {processor.py:171} INFO - Processing /home/airflow/.local/lib/python3.7/site-packages/airflow/example_dags/example_task_group_decorator.py took 0.314 seconds
[2023-09-07 18:03:30,179] {processor.py:163} INFO - Started process (PID=492) to work on /home/airflow/.local/lib/python3.7/site-packages/airflow/example_dags/example_task_group_decorator.py
[2023-09-07 18:03:30,181] {processor.py:642} INFO - Processing file /home/airflow/.local/lib/python3.7/site-packages/airflow/example_dags/example_task_group_decorator.py for tasks to queue
[2023-09-07 18:03:30,182] {logging_mixin.py:109} INFO - [2023-09-07 18:03:30,182] {dagbag.py:500} INFO - Filling up the DagBag from /home/airflow/.local/lib/python3.7/site-packages/airflow/example_dags/example_task_group_decorator.py
[2023-09-07 18:03:30,234] {processor.py:654} INFO - DAG(s) dict_keys(['example_task_group_decorator']) retrieved from /home/airflow/.local/lib/python3.7/site-packages/airflow/example_dags/example_task_group_decorator.py
[2023-09-07 18:03:30,461] {logging_mixin.py:109} INFO - [2023-09-07 18:03:30,461] {dag.py:2398} INFO - Sync 1 DAGs
[2023-09-07 18:03:30,479] {logging_mixin.py:109} INFO - [2023-09-07 18:03:30,479] {dag.py:2937} INFO - Setting next_dagrun for example_task_group_decorator to 2023-09-06T18:03:30.478870+00:00
[2023-09-07 18:03:30,491] {processor.py:171} INFO - Processing /home/airflow/.local/lib/python3.7/site-packages/airflow/example_dags/example_task_group_decorator.py took 0.317 seconds
[2023-09-07 18:04:01,297] {processor.py:163} INFO - Started process (PID=542) to work on /home/airflow/.local/lib/python3.7/site-packages/airflow/example_dags/example_task_group_decorator.py
[2023-09-07 18:04:01,298] {processor.py:642} INFO - Processing file /home/airflow/.local/lib/python3.7/site-packages/airflow/example_dags/example_task_group_decorator.py for tasks to queue
[2023-09-07 18:04:01,300] {logging_mixin.py:109} INFO - [2023-09-07 18:04:01,299] {dagbag.py:500} INFO - Filling up the DagBag from /home/airflow/.local/lib/python3.7/site-packages/airflow/example_dags/example_task_group_decorator.py
[2023-09-07 18:04:01,358] {processor.py:654} INFO - DAG(s) dict_keys(['example_task_group_decorator']) retrieved from /home/airflow/.local/lib/python3.7/site-packages/airflow/example_dags/example_task_group_decorator.py
[2023-09-07 18:04:01,605] {logging_mixin.py:109} INFO - [2023-09-07 18:04:01,605] {dag.py:2398} INFO - Sync 1 DAGs
[2023-09-07 18:04:01,623] {logging_mixin.py:109} INFO - [2023-09-07 18:04:01,623] {dag.py:2937} INFO - Setting next_dagrun for example_task_group_decorator to 2023-09-06T18:04:01.623161+00:00
[2023-09-07 18:04:01,636] {processor.py:171} INFO - Processing /home/airflow/.local/lib/python3.7/site-packages/airflow/example_dags/example_task_group_decorator.py took 0.344 seconds
[2023-09-07 18:04:31,732] {processor.py:163} INFO - Started process (PID=601) to work on /home/airflow/.local/lib/python3.7/site-packages/airflow/example_dags/example_task_group_decorator.py
[2023-09-07 18:04:31,734] {processor.py:642} INFO - Processing file /home/airflow/.local/lib/python3.7/site-packages/airflow/example_dags/example_task_group_decorator.py for tasks to queue
[2023-09-07 18:04:31,736] {logging_mixin.py:109} INFO - [2023-09-07 18:04:31,736] {dagbag.py:500} INFO - Filling up the DagBag from /home/airflow/.local/lib/python3.7/site-packages/airflow/example_dags/example_task_group_decorator.py
[2023-09-07 18:04:31,828] {processor.py:654} INFO - DAG(s) dict_keys(['example_task_group_decorator']) retrieved from /home/airflow/.local/lib/python3.7/site-packages/airflow/example_dags/example_task_group_decorator.py
[2023-09-07 18:04:32,104] {logging_mixin.py:109} INFO - [2023-09-07 18:04:32,104] {dag.py:2398} INFO - Sync 1 DAGs
[2023-09-07 18:04:32,124] {logging_mixin.py:109} INFO - [2023-09-07 18:04:32,124] {dag.py:2937} INFO - Setting next_dagrun for example_task_group_decorator to 2023-09-06T18:04:32.123981+00:00
[2023-09-07 18:04:32,140] {processor.py:171} INFO - Processing /home/airflow/.local/lib/python3.7/site-packages/airflow/example_dags/example_task_group_decorator.py took 0.414 seconds
