[2023-09-07 18:00:56,475] {processor.py:163} INFO - Started process (PID=90) to work on /home/airflow/.local/lib/python3.7/site-packages/airflow/example_dags/example_time_delta_sensor_async.py
[2023-09-07 18:00:56,480] {processor.py:642} INFO - Processing file /home/airflow/.local/lib/python3.7/site-packages/airflow/example_dags/example_time_delta_sensor_async.py for tasks to queue
[2023-09-07 18:00:56,483] {logging_mixin.py:109} INFO - [2023-09-07 18:00:56,483] {dagbag.py:500} INFO - Filling up the DagBag from /home/airflow/.local/lib/python3.7/site-packages/airflow/example_dags/example_time_delta_sensor_async.py
[2023-09-07 18:00:56,555] {processor.py:654} INFO - DAG(s) dict_keys(['example_time_delta_sensor_async']) retrieved from /home/airflow/.local/lib/python3.7/site-packages/airflow/example_dags/example_time_delta_sensor_async.py
[2023-09-07 18:01:01,238] {logging_mixin.py:109} INFO - [2023-09-07 18:01:01,238] {manager.py:496} INFO - Created Permission View: can edit on DAG:example_time_delta_sensor_async
[2023-09-07 18:01:01,251] {logging_mixin.py:109} INFO - [2023-09-07 18:01:01,251] {manager.py:496} INFO - Created Permission View: can read on DAG:example_time_delta_sensor_async
[2023-09-07 18:01:01,252] {logging_mixin.py:109} INFO - [2023-09-07 18:01:01,252] {dag.py:2398} INFO - Sync 1 DAGs
[2023-09-07 18:01:01,263] {logging_mixin.py:109} INFO - [2023-09-07 18:01:01,263] {dag.py:2417} INFO - Creating ORM DAG for example_time_delta_sensor_async
[2023-09-07 18:01:01,277] {logging_mixin.py:109} INFO - [2023-09-07 18:01:01,277] {dag.py:2937} INFO - Setting next_dagrun for example_time_delta_sensor_async to None
[2023-09-07 18:01:01,305] {processor.py:171} INFO - Processing /home/airflow/.local/lib/python3.7/site-packages/airflow/example_dags/example_time_delta_sensor_async.py took 4.841 seconds
[2023-09-07 18:01:31,777] {processor.py:163} INFO - Started process (PID=292) to work on /home/airflow/.local/lib/python3.7/site-packages/airflow/example_dags/example_time_delta_sensor_async.py
[2023-09-07 18:01:31,779] {processor.py:642} INFO - Processing file /home/airflow/.local/lib/python3.7/site-packages/airflow/example_dags/example_time_delta_sensor_async.py for tasks to queue
[2023-09-07 18:01:31,780] {logging_mixin.py:109} INFO - [2023-09-07 18:01:31,780] {dagbag.py:500} INFO - Filling up the DagBag from /home/airflow/.local/lib/python3.7/site-packages/airflow/example_dags/example_time_delta_sensor_async.py
[2023-09-07 18:01:31,819] {processor.py:654} INFO - DAG(s) dict_keys(['example_time_delta_sensor_async']) retrieved from /home/airflow/.local/lib/python3.7/site-packages/airflow/example_dags/example_time_delta_sensor_async.py
[2023-09-07 18:01:31,831] {logging_mixin.py:109} INFO - [2023-09-07 18:01:31,831] {dag.py:2398} INFO - Sync 1 DAGs
[2023-09-07 18:01:31,851] {logging_mixin.py:109} INFO - [2023-09-07 18:01:31,851] {dag.py:2937} INFO - Setting next_dagrun for example_time_delta_sensor_async to None
[2023-09-07 18:01:31,863] {processor.py:171} INFO - Processing /home/airflow/.local/lib/python3.7/site-packages/airflow/example_dags/example_time_delta_sensor_async.py took 0.090 seconds
[2023-09-07 18:02:02,227] {processor.py:163} INFO - Started process (PID=342) to work on /home/airflow/.local/lib/python3.7/site-packages/airflow/example_dags/example_time_delta_sensor_async.py
[2023-09-07 18:02:02,229] {processor.py:642} INFO - Processing file /home/airflow/.local/lib/python3.7/site-packages/airflow/example_dags/example_time_delta_sensor_async.py for tasks to queue
[2023-09-07 18:02:02,230] {logging_mixin.py:109} INFO - [2023-09-07 18:02:02,230] {dagbag.py:500} INFO - Filling up the DagBag from /home/airflow/.local/lib/python3.7/site-packages/airflow/example_dags/example_time_delta_sensor_async.py
[2023-09-07 18:02:02,264] {processor.py:654} INFO - DAG(s) dict_keys(['example_time_delta_sensor_async']) retrieved from /home/airflow/.local/lib/python3.7/site-packages/airflow/example_dags/example_time_delta_sensor_async.py
[2023-09-07 18:02:02,275] {logging_mixin.py:109} INFO - [2023-09-07 18:02:02,275] {dag.py:2398} INFO - Sync 1 DAGs
[2023-09-07 18:02:02,301] {logging_mixin.py:109} INFO - [2023-09-07 18:02:02,301] {dag.py:2937} INFO - Setting next_dagrun for example_time_delta_sensor_async to None
[2023-09-07 18:02:02,312] {processor.py:171} INFO - Processing /home/airflow/.local/lib/python3.7/site-packages/airflow/example_dags/example_time_delta_sensor_async.py took 0.090 seconds
[2023-09-07 18:02:32,467] {processor.py:163} INFO - Started process (PID=392) to work on /home/airflow/.local/lib/python3.7/site-packages/airflow/example_dags/example_time_delta_sensor_async.py
[2023-09-07 18:02:32,469] {processor.py:642} INFO - Processing file /home/airflow/.local/lib/python3.7/site-packages/airflow/example_dags/example_time_delta_sensor_async.py for tasks to queue
[2023-09-07 18:02:32,471] {logging_mixin.py:109} INFO - [2023-09-07 18:02:32,471] {dagbag.py:500} INFO - Filling up the DagBag from /home/airflow/.local/lib/python3.7/site-packages/airflow/example_dags/example_time_delta_sensor_async.py
[2023-09-07 18:02:32,505] {processor.py:654} INFO - DAG(s) dict_keys(['example_time_delta_sensor_async']) retrieved from /home/airflow/.local/lib/python3.7/site-packages/airflow/example_dags/example_time_delta_sensor_async.py
[2023-09-07 18:02:32,517] {logging_mixin.py:109} INFO - [2023-09-07 18:02:32,517] {dag.py:2398} INFO - Sync 1 DAGs
[2023-09-07 18:02:32,534] {logging_mixin.py:109} INFO - [2023-09-07 18:02:32,534] {dag.py:2937} INFO - Setting next_dagrun for example_time_delta_sensor_async to None
[2023-09-07 18:02:32,545] {processor.py:171} INFO - Processing /home/airflow/.local/lib/python3.7/site-packages/airflow/example_dags/example_time_delta_sensor_async.py took 0.081 seconds
