[2023-09-07 18:00:52,414] {processor.py:163} INFO - Started process (PID=77) to work on /home/airflow/.local/lib/python3.7/site-packages/airflow/example_dags/example_xcomargs.py
[2023-09-07 18:00:52,422] {processor.py:642} INFO - Processing file /home/airflow/.local/lib/python3.7/site-packages/airflow/example_dags/example_xcomargs.py for tasks to queue
[2023-09-07 18:00:52,424] {logging_mixin.py:109} INFO - [2023-09-07 18:00:52,424] {dagbag.py:500} INFO - Filling up the DagBag from /home/airflow/.local/lib/python3.7/site-packages/airflow/example_dags/example_xcomargs.py
[2023-09-07 18:00:52,505] {processor.py:654} INFO - DAG(s) dict_keys(['example_xcom_args', 'example_xcom_args_with_operators']) retrieved from /home/airflow/.local/lib/python3.7/site-packages/airflow/example_dags/example_xcomargs.py
[2023-09-07 18:00:56,492] {logging_mixin.py:109} INFO - [2023-09-07 18:00:56,492] {manager.py:496} INFO - Created Permission View: can edit on DAG:example_xcom_args
[2023-09-07 18:00:56,507] {logging_mixin.py:109} INFO - [2023-09-07 18:00:56,507] {manager.py:496} INFO - Created Permission View: can read on DAG:example_xcom_args
[2023-09-07 18:00:56,537] {logging_mixin.py:109} INFO - [2023-09-07 18:00:56,537] {manager.py:496} INFO - Created Permission View: can edit on DAG:example_xcom_args_with_operators
[2023-09-07 18:00:56,551] {logging_mixin.py:109} INFO - [2023-09-07 18:00:56,551] {manager.py:496} INFO - Created Permission View: can read on DAG:example_xcom_args_with_operators
[2023-09-07 18:00:56,552] {logging_mixin.py:109} INFO - [2023-09-07 18:00:56,552] {dag.py:2398} INFO - Sync 2 DAGs
[2023-09-07 18:00:56,565] {logging_mixin.py:109} INFO - [2023-09-07 18:00:56,564] {dag.py:2417} INFO - Creating ORM DAG for example_xcom_args_with_operators
[2023-09-07 18:00:56,566] {logging_mixin.py:109} INFO - [2023-09-07 18:00:56,566] {dag.py:2417} INFO - Creating ORM DAG for example_xcom_args
[2023-09-07 18:00:56,581] {logging_mixin.py:109} INFO - [2023-09-07 18:00:56,581] {dag.py:2937} INFO - Setting next_dagrun for example_xcom_args to None
[2023-09-07 18:00:56,583] {logging_mixin.py:109} INFO - [2023-09-07 18:00:56,583] {dag.py:2937} INFO - Setting next_dagrun for example_xcom_args_with_operators to None
[2023-09-07 18:00:56,604] {processor.py:171} INFO - Processing /home/airflow/.local/lib/python3.7/site-packages/airflow/example_dags/example_xcomargs.py took 4.198 seconds
[2023-09-07 18:01:28,072] {processor.py:163} INFO - Started process (PID=289) to work on /home/airflow/.local/lib/python3.7/site-packages/airflow/example_dags/example_xcomargs.py
[2023-09-07 18:01:28,076] {processor.py:642} INFO - Processing file /home/airflow/.local/lib/python3.7/site-packages/airflow/example_dags/example_xcomargs.py for tasks to queue
[2023-09-07 18:01:28,078] {logging_mixin.py:109} INFO - [2023-09-07 18:01:28,078] {dagbag.py:500} INFO - Filling up the DagBag from /home/airflow/.local/lib/python3.7/site-packages/airflow/example_dags/example_xcomargs.py
[2023-09-07 18:01:28,156] {processor.py:654} INFO - DAG(s) dict_keys(['example_xcom_args', 'example_xcom_args_with_operators']) retrieved from /home/airflow/.local/lib/python3.7/site-packages/airflow/example_dags/example_xcomargs.py
[2023-09-07 18:01:28,642] {logging_mixin.py:109} INFO - [2023-09-07 18:01:28,641] {dag.py:2398} INFO - Sync 2 DAGs
[2023-09-07 18:01:28,679] {logging_mixin.py:109} INFO - [2023-09-07 18:01:28,678] {dag.py:2937} INFO - Setting next_dagrun for example_xcom_args to None
[2023-09-07 18:01:28,681] {logging_mixin.py:109} INFO - [2023-09-07 18:01:28,680] {dag.py:2937} INFO - Setting next_dagrun for example_xcom_args_with_operators to None
[2023-09-07 18:01:28,712] {processor.py:171} INFO - Processing /home/airflow/.local/lib/python3.7/site-packages/airflow/example_dags/example_xcomargs.py took 0.646 seconds
[2023-09-07 18:01:58,807] {processor.py:163} INFO - Started process (PID=341) to work on /home/airflow/.local/lib/python3.7/site-packages/airflow/example_dags/example_xcomargs.py
[2023-09-07 18:01:58,812] {processor.py:642} INFO - Processing file /home/airflow/.local/lib/python3.7/site-packages/airflow/example_dags/example_xcomargs.py for tasks to queue
[2023-09-07 18:01:58,819] {logging_mixin.py:109} INFO - [2023-09-07 18:01:58,819] {dagbag.py:500} INFO - Filling up the DagBag from /home/airflow/.local/lib/python3.7/site-packages/airflow/example_dags/example_xcomargs.py
[2023-09-07 18:01:58,898] {processor.py:654} INFO - DAG(s) dict_keys(['example_xcom_args', 'example_xcom_args_with_operators']) retrieved from /home/airflow/.local/lib/python3.7/site-packages/airflow/example_dags/example_xcomargs.py
[2023-09-07 18:01:59,163] {logging_mixin.py:109} INFO - [2023-09-07 18:01:59,163] {dag.py:2398} INFO - Sync 2 DAGs
[2023-09-07 18:01:59,179] {logging_mixin.py:109} INFO - [2023-09-07 18:01:59,179] {dag.py:2937} INFO - Setting next_dagrun for example_xcom_args to None
[2023-09-07 18:01:59,180] {logging_mixin.py:109} INFO - [2023-09-07 18:01:59,180] {dag.py:2937} INFO - Setting next_dagrun for example_xcom_args_with_operators to None
[2023-09-07 18:01:59,191] {processor.py:171} INFO - Processing /home/airflow/.local/lib/python3.7/site-packages/airflow/example_dags/example_xcomargs.py took 0.393 seconds
[2023-09-07 18:02:29,440] {processor.py:163} INFO - Started process (PID=391) to work on /home/airflow/.local/lib/python3.7/site-packages/airflow/example_dags/example_xcomargs.py
[2023-09-07 18:02:29,441] {processor.py:642} INFO - Processing file /home/airflow/.local/lib/python3.7/site-packages/airflow/example_dags/example_xcomargs.py for tasks to queue
[2023-09-07 18:02:29,443] {logging_mixin.py:109} INFO - [2023-09-07 18:02:29,442] {dagbag.py:500} INFO - Filling up the DagBag from /home/airflow/.local/lib/python3.7/site-packages/airflow/example_dags/example_xcomargs.py
[2023-09-07 18:02:29,484] {processor.py:654} INFO - DAG(s) dict_keys(['example_xcom_args', 'example_xcom_args_with_operators']) retrieved from /home/airflow/.local/lib/python3.7/site-packages/airflow/example_dags/example_xcomargs.py
[2023-09-07 18:02:29,673] {logging_mixin.py:109} INFO - [2023-09-07 18:02:29,673] {dag.py:2398} INFO - Sync 2 DAGs
[2023-09-07 18:02:29,686] {logging_mixin.py:109} INFO - [2023-09-07 18:02:29,686] {dag.py:2937} INFO - Setting next_dagrun for example_xcom_args to None
[2023-09-07 18:02:29,688] {logging_mixin.py:109} INFO - [2023-09-07 18:02:29,688] {dag.py:2937} INFO - Setting next_dagrun for example_xcom_args_with_operators to None
[2023-09-07 18:02:29,696] {processor.py:171} INFO - Processing /home/airflow/.local/lib/python3.7/site-packages/airflow/example_dags/example_xcomargs.py took 0.260 seconds
