[2023-09-07 18:00:47,624] {processor.py:163} INFO - Started process (PID=62) to work on /home/airflow/.local/lib/python3.7/site-packages/airflow/example_dags/example_subdag_operator.py
[2023-09-07 18:00:47,630] {processor.py:642} INFO - Processing file /home/airflow/.local/lib/python3.7/site-packages/airflow/example_dags/example_subdag_operator.py for tasks to queue
[2023-09-07 18:00:47,661] {logging_mixin.py:109} INFO - [2023-09-07 18:00:47,661] {dagbag.py:500} INFO - Filling up the DagBag from /home/airflow/.local/lib/python3.7/site-packages/airflow/example_dags/example_subdag_operator.py
[2023-09-07 18:00:47,791] {processor.py:654} INFO - DAG(s) dict_keys(['example_subdag_operator.section-1', 'example_subdag_operator.section-2', 'example_subdag_operator']) retrieved from /home/airflow/.local/lib/python3.7/site-packages/airflow/example_dags/example_subdag_operator.py
[2023-09-07 18:00:51,967] {logging_mixin.py:109} INFO - [2023-09-07 18:00:51,967] {manager.py:496} INFO - Created Permission View: can edit on DAG:example_subdag_operator
[2023-09-07 18:00:51,986] {logging_mixin.py:109} INFO - [2023-09-07 18:00:51,986] {manager.py:496} INFO - Created Permission View: can read on DAG:example_subdag_operator
[2023-09-07 18:00:51,988] {logging_mixin.py:109} INFO - [2023-09-07 18:00:51,988] {dag.py:2398} INFO - Sync 3 DAGs
[2023-09-07 18:00:52,003] {logging_mixin.py:109} INFO - [2023-09-07 18:00:52,003] {dag.py:2417} INFO - Creating ORM DAG for example_subdag_operator.section-1
[2023-09-07 18:00:52,005] {logging_mixin.py:109} INFO - [2023-09-07 18:00:52,005] {dag.py:2417} INFO - Creating ORM DAG for example_subdag_operator
[2023-09-07 18:00:52,007] {logging_mixin.py:109} INFO - [2023-09-07 18:00:52,007] {dag.py:2417} INFO - Creating ORM DAG for example_subdag_operator.section-2
[2023-09-07 18:00:52,024] {logging_mixin.py:109} INFO - [2023-09-07 18:00:52,024] {dag.py:2937} INFO - Setting next_dagrun for example_subdag_operator to 2023-09-05T00:00:00+00:00
[2023-09-07 18:00:52,026] {logging_mixin.py:109} INFO - [2023-09-07 18:00:52,026] {dag.py:2937} INFO - Setting next_dagrun for example_subdag_operator.section-1 to None
[2023-09-07 18:00:52,027] {logging_mixin.py:109} INFO - [2023-09-07 18:00:52,027] {dag.py:2937} INFO - Setting next_dagrun for example_subdag_operator.section-2 to None
[2023-09-07 18:00:52,045] {logging_mixin.py:109} INFO - [2023-09-07 18:00:52,044] {dag.py:2398} INFO - Sync 2 DAGs
[2023-09-07 18:00:52,064] {logging_mixin.py:109} INFO - [2023-09-07 18:00:52,064] {dag.py:2937} INFO - Setting next_dagrun for example_subdag_operator.section-1 to None
[2023-09-07 18:00:52,066] {logging_mixin.py:109} INFO - [2023-09-07 18:00:52,066] {dag.py:2937} INFO - Setting next_dagrun for example_subdag_operator.section-2 to None
[2023-09-07 18:00:52,082] {processor.py:171} INFO - Processing /home/airflow/.local/lib/python3.7/site-packages/airflow/example_dags/example_subdag_operator.py took 4.512 seconds
[2023-09-07 18:01:27,496] {processor.py:163} INFO - Started process (PID=280) to work on /home/airflow/.local/lib/python3.7/site-packages/airflow/example_dags/example_subdag_operator.py
[2023-09-07 18:01:27,499] {processor.py:642} INFO - Processing file /home/airflow/.local/lib/python3.7/site-packages/airflow/example_dags/example_subdag_operator.py for tasks to queue
[2023-09-07 18:01:27,502] {logging_mixin.py:109} INFO - [2023-09-07 18:01:27,502] {dagbag.py:500} INFO - Filling up the DagBag from /home/airflow/.local/lib/python3.7/site-packages/airflow/example_dags/example_subdag_operator.py
[2023-09-07 18:01:27,561] {processor.py:654} INFO - DAG(s) dict_keys(['example_subdag_operator.section-1', 'example_subdag_operator.section-2', 'example_subdag_operator']) retrieved from /home/airflow/.local/lib/python3.7/site-packages/airflow/example_dags/example_subdag_operator.py
[2023-09-07 18:01:27,584] {logging_mixin.py:109} INFO - [2023-09-07 18:01:27,584] {dag.py:2398} INFO - Sync 3 DAGs
[2023-09-07 18:01:27,604] {logging_mixin.py:109} INFO - [2023-09-07 18:01:27,603] {dag.py:2937} INFO - Setting next_dagrun for example_subdag_operator to 2023-09-05T00:00:00+00:00
[2023-09-07 18:01:27,605] {logging_mixin.py:109} INFO - [2023-09-07 18:01:27,605] {dag.py:2937} INFO - Setting next_dagrun for example_subdag_operator.section-1 to None
[2023-09-07 18:01:27,606] {logging_mixin.py:109} INFO - [2023-09-07 18:01:27,606] {dag.py:2937} INFO - Setting next_dagrun for example_subdag_operator.section-2 to None
[2023-09-07 18:01:27,614] {logging_mixin.py:109} INFO - [2023-09-07 18:01:27,613] {dag.py:2398} INFO - Sync 2 DAGs
[2023-09-07 18:01:27,623] {logging_mixin.py:109} INFO - [2023-09-07 18:01:27,623] {dag.py:2937} INFO - Setting next_dagrun for example_subdag_operator.section-1 to None
[2023-09-07 18:01:27,624] {logging_mixin.py:109} INFO - [2023-09-07 18:01:27,624] {dag.py:2937} INFO - Setting next_dagrun for example_subdag_operator.section-2 to None
[2023-09-07 18:01:27,632] {processor.py:171} INFO - Processing /home/airflow/.local/lib/python3.7/site-packages/airflow/example_dags/example_subdag_operator.py took 0.142 seconds
[2023-09-07 18:01:58,040] {processor.py:163} INFO - Started process (PID=334) to work on /home/airflow/.local/lib/python3.7/site-packages/airflow/example_dags/example_subdag_operator.py
[2023-09-07 18:01:58,043] {processor.py:642} INFO - Processing file /home/airflow/.local/lib/python3.7/site-packages/airflow/example_dags/example_subdag_operator.py for tasks to queue
[2023-09-07 18:01:58,044] {logging_mixin.py:109} INFO - [2023-09-07 18:01:58,044] {dagbag.py:500} INFO - Filling up the DagBag from /home/airflow/.local/lib/python3.7/site-packages/airflow/example_dags/example_subdag_operator.py
[2023-09-07 18:01:58,090] {processor.py:654} INFO - DAG(s) dict_keys(['example_subdag_operator.section-1', 'example_subdag_operator.section-2', 'example_subdag_operator']) retrieved from /home/airflow/.local/lib/python3.7/site-packages/airflow/example_dags/example_subdag_operator.py
[2023-09-07 18:01:58,106] {logging_mixin.py:109} INFO - [2023-09-07 18:01:58,106] {dag.py:2398} INFO - Sync 3 DAGs
[2023-09-07 18:01:58,125] {logging_mixin.py:109} INFO - [2023-09-07 18:01:58,125] {dag.py:2937} INFO - Setting next_dagrun for example_subdag_operator to 2023-09-05T00:00:00+00:00
[2023-09-07 18:01:58,126] {logging_mixin.py:109} INFO - [2023-09-07 18:01:58,126] {dag.py:2937} INFO - Setting next_dagrun for example_subdag_operator.section-1 to None
[2023-09-07 18:01:58,127] {logging_mixin.py:109} INFO - [2023-09-07 18:01:58,127] {dag.py:2937} INFO - Setting next_dagrun for example_subdag_operator.section-2 to None
[2023-09-07 18:01:58,135] {logging_mixin.py:109} INFO - [2023-09-07 18:01:58,135] {dag.py:2398} INFO - Sync 2 DAGs
[2023-09-07 18:01:58,145] {logging_mixin.py:109} INFO - [2023-09-07 18:01:58,145] {dag.py:2937} INFO - Setting next_dagrun for example_subdag_operator.section-1 to None
[2023-09-07 18:01:58,146] {logging_mixin.py:109} INFO - [2023-09-07 18:01:58,146] {dag.py:2937} INFO - Setting next_dagrun for example_subdag_operator.section-2 to None
[2023-09-07 18:01:58,154] {processor.py:171} INFO - Processing /home/airflow/.local/lib/python3.7/site-packages/airflow/example_dags/example_subdag_operator.py took 0.118 seconds
[2023-09-07 18:02:28,990] {processor.py:163} INFO - Started process (PID=384) to work on /home/airflow/.local/lib/python3.7/site-packages/airflow/example_dags/example_subdag_operator.py
[2023-09-07 18:02:28,992] {processor.py:642} INFO - Processing file /home/airflow/.local/lib/python3.7/site-packages/airflow/example_dags/example_subdag_operator.py for tasks to queue
[2023-09-07 18:02:28,993] {logging_mixin.py:109} INFO - [2023-09-07 18:02:28,993] {dagbag.py:500} INFO - Filling up the DagBag from /home/airflow/.local/lib/python3.7/site-packages/airflow/example_dags/example_subdag_operator.py
[2023-09-07 18:02:29,037] {processor.py:654} INFO - DAG(s) dict_keys(['example_subdag_operator.section-1', 'example_subdag_operator.section-2', 'example_subdag_operator']) retrieved from /home/airflow/.local/lib/python3.7/site-packages/airflow/example_dags/example_subdag_operator.py
[2023-09-07 18:02:29,053] {logging_mixin.py:109} INFO - [2023-09-07 18:02:29,052] {dag.py:2398} INFO - Sync 3 DAGs
[2023-09-07 18:02:29,075] {logging_mixin.py:109} INFO - [2023-09-07 18:02:29,075] {dag.py:2937} INFO - Setting next_dagrun for example_subdag_operator to 2023-09-05T00:00:00+00:00
[2023-09-07 18:02:29,076] {logging_mixin.py:109} INFO - [2023-09-07 18:02:29,076] {dag.py:2937} INFO - Setting next_dagrun for example_subdag_operator.section-1 to None
[2023-09-07 18:02:29,077] {logging_mixin.py:109} INFO - [2023-09-07 18:02:29,077] {dag.py:2937} INFO - Setting next_dagrun for example_subdag_operator.section-2 to None
[2023-09-07 18:02:29,083] {logging_mixin.py:109} INFO - [2023-09-07 18:02:29,083] {dag.py:2398} INFO - Sync 2 DAGs
[2023-09-07 18:02:29,091] {logging_mixin.py:109} INFO - [2023-09-07 18:02:29,091] {dag.py:2937} INFO - Setting next_dagrun for example_subdag_operator.section-1 to None
[2023-09-07 18:02:29,092] {logging_mixin.py:109} INFO - [2023-09-07 18:02:29,092] {dag.py:2937} INFO - Setting next_dagrun for example_subdag_operator.section-2 to None
[2023-09-07 18:02:29,099] {processor.py:171} INFO - Processing /home/airflow/.local/lib/python3.7/site-packages/airflow/example_dags/example_subdag_operator.py took 0.114 seconds
