[2023-09-07 18:01:18,214] {processor.py:163} INFO - Started process (PID=220) to work on /home/airflow/.local/lib/python3.7/site-packages/airflow/example_dags/example_sla_dag.py
[2023-09-07 18:01:18,216] {processor.py:642} INFO - Processing file /home/airflow/.local/lib/python3.7/site-packages/airflow/example_dags/example_sla_dag.py for tasks to queue
[2023-09-07 18:01:18,218] {logging_mixin.py:109} INFO - [2023-09-07 18:01:18,217] {dagbag.py:500} INFO - Filling up the DagBag from /home/airflow/.local/lib/python3.7/site-packages/airflow/example_dags/example_sla_dag.py
[2023-09-07 18:01:18,270] {processor.py:654} INFO - DAG(s) dict_keys(['example_sla_dag']) retrieved from /home/airflow/.local/lib/python3.7/site-packages/airflow/example_dags/example_sla_dag.py
[2023-09-07 18:01:20,561] {logging_mixin.py:109} INFO - [2023-09-07 18:01:20,560] {manager.py:496} INFO - Created Permission View: can edit on DAG:example_sla_dag
[2023-09-07 18:01:20,578] {logging_mixin.py:109} INFO - [2023-09-07 18:01:20,578] {manager.py:496} INFO - Created Permission View: can read on DAG:example_sla_dag
[2023-09-07 18:01:20,580] {logging_mixin.py:109} INFO - [2023-09-07 18:01:20,579] {dag.py:2398} INFO - Sync 1 DAGs
[2023-09-07 18:01:20,591] {logging_mixin.py:109} INFO - [2023-09-07 18:01:20,591] {dag.py:2417} INFO - Creating ORM DAG for example_sla_dag
[2023-09-07 18:01:20,617] {logging_mixin.py:109} INFO - [2023-09-07 18:01:20,616] {dag.py:2937} INFO - Setting next_dagrun for example_sla_dag to 2023-09-07T17:58:00+00:00
[2023-09-07 18:01:20,634] {processor.py:171} INFO - Processing /home/airflow/.local/lib/python3.7/site-packages/airflow/example_dags/example_sla_dag.py took 2.425 seconds
[2023-09-07 18:01:51,543] {processor.py:163} INFO - Started process (PID=317) to work on /home/airflow/.local/lib/python3.7/site-packages/airflow/example_dags/example_sla_dag.py
[2023-09-07 18:01:51,546] {processor.py:642} INFO - Processing file /home/airflow/.local/lib/python3.7/site-packages/airflow/example_dags/example_sla_dag.py for tasks to queue
[2023-09-07 18:01:51,548] {logging_mixin.py:109} INFO - [2023-09-07 18:01:51,548] {dagbag.py:500} INFO - Filling up the DagBag from /home/airflow/.local/lib/python3.7/site-packages/airflow/example_dags/example_sla_dag.py
[2023-09-07 18:01:51,592] {processor.py:654} INFO - DAG(s) dict_keys(['example_sla_dag']) retrieved from /home/airflow/.local/lib/python3.7/site-packages/airflow/example_dags/example_sla_dag.py
[2023-09-07 18:01:51,605] {logging_mixin.py:109} INFO - [2023-09-07 18:01:51,605] {dag.py:2398} INFO - Sync 1 DAGs
[2023-09-07 18:01:51,631] {logging_mixin.py:109} INFO - [2023-09-07 18:01:51,631] {dag.py:2937} INFO - Setting next_dagrun for example_sla_dag to 2023-09-07T17:58:00+00:00
[2023-09-07 18:01:51,642] {processor.py:171} INFO - Processing /home/airflow/.local/lib/python3.7/site-packages/airflow/example_dags/example_sla_dag.py took 0.104 seconds
[2023-09-07 18:02:22,444] {processor.py:163} INFO - Started process (PID=376) to work on /home/airflow/.local/lib/python3.7/site-packages/airflow/example_dags/example_sla_dag.py
[2023-09-07 18:02:22,446] {processor.py:642} INFO - Processing file /home/airflow/.local/lib/python3.7/site-packages/airflow/example_dags/example_sla_dag.py for tasks to queue
[2023-09-07 18:02:22,448] {logging_mixin.py:109} INFO - [2023-09-07 18:02:22,448] {dagbag.py:500} INFO - Filling up the DagBag from /home/airflow/.local/lib/python3.7/site-packages/airflow/example_dags/example_sla_dag.py
[2023-09-07 18:02:22,505] {processor.py:654} INFO - DAG(s) dict_keys(['example_sla_dag']) retrieved from /home/airflow/.local/lib/python3.7/site-packages/airflow/example_dags/example_sla_dag.py
[2023-09-07 18:02:22,525] {logging_mixin.py:109} INFO - [2023-09-07 18:02:22,525] {dag.py:2398} INFO - Sync 1 DAGs
[2023-09-07 18:02:22,561] {logging_mixin.py:109} INFO - [2023-09-07 18:02:22,561] {dag.py:2937} INFO - Setting next_dagrun for example_sla_dag to 2023-09-07T18:00:00+00:00
[2023-09-07 18:02:22,576] {processor.py:171} INFO - Processing /home/airflow/.local/lib/python3.7/site-packages/airflow/example_dags/example_sla_dag.py took 0.138 seconds
[2023-09-07 18:02:53,430] {processor.py:163} INFO - Started process (PID=426) to work on /home/airflow/.local/lib/python3.7/site-packages/airflow/example_dags/example_sla_dag.py
[2023-09-07 18:02:53,433] {processor.py:642} INFO - Processing file /home/airflow/.local/lib/python3.7/site-packages/airflow/example_dags/example_sla_dag.py for tasks to queue
[2023-09-07 18:02:53,435] {logging_mixin.py:109} INFO - [2023-09-07 18:02:53,434] {dagbag.py:500} INFO - Filling up the DagBag from /home/airflow/.local/lib/python3.7/site-packages/airflow/example_dags/example_sla_dag.py
[2023-09-07 18:02:53,501] {processor.py:654} INFO - DAG(s) dict_keys(['example_sla_dag']) retrieved from /home/airflow/.local/lib/python3.7/site-packages/airflow/example_dags/example_sla_dag.py
[2023-09-07 18:02:53,521] {logging_mixin.py:109} INFO - [2023-09-07 18:02:53,521] {dag.py:2398} INFO - Sync 1 DAGs
[2023-09-07 18:02:53,570] {logging_mixin.py:109} INFO - [2023-09-07 18:02:53,570] {dag.py:2937} INFO - Setting next_dagrun for example_sla_dag to 2023-09-07T18:00:00+00:00
[2023-09-07 18:02:53,600] {processor.py:171} INFO - Processing /home/airflow/.local/lib/python3.7/site-packages/airflow/example_dags/example_sla_dag.py took 0.177 seconds
[2023-09-07 18:03:23,797] {processor.py:163} INFO - Started process (PID=476) to work on /home/airflow/.local/lib/python3.7/site-packages/airflow/example_dags/example_sla_dag.py
[2023-09-07 18:03:23,799] {processor.py:642} INFO - Processing file /home/airflow/.local/lib/python3.7/site-packages/airflow/example_dags/example_sla_dag.py for tasks to queue
[2023-09-07 18:03:23,800] {logging_mixin.py:109} INFO - [2023-09-07 18:03:23,800] {dagbag.py:500} INFO - Filling up the DagBag from /home/airflow/.local/lib/python3.7/site-packages/airflow/example_dags/example_sla_dag.py
[2023-09-07 18:03:23,843] {processor.py:654} INFO - DAG(s) dict_keys(['example_sla_dag']) retrieved from /home/airflow/.local/lib/python3.7/site-packages/airflow/example_dags/example_sla_dag.py
[2023-09-07 18:03:23,856] {logging_mixin.py:109} INFO - [2023-09-07 18:03:23,856] {dag.py:2398} INFO - Sync 1 DAGs
[2023-09-07 18:03:23,879] {logging_mixin.py:109} INFO - [2023-09-07 18:03:23,879] {dag.py:2937} INFO - Setting next_dagrun for example_sla_dag to 2023-09-07T18:00:00+00:00
[2023-09-07 18:03:23,889] {processor.py:171} INFO - Processing /home/airflow/.local/lib/python3.7/site-packages/airflow/example_dags/example_sla_dag.py took 0.097 seconds
[2023-09-07 18:03:54,025] {processor.py:163} INFO - Started process (PID=535) to work on /home/airflow/.local/lib/python3.7/site-packages/airflow/example_dags/example_sla_dag.py
[2023-09-07 18:03:54,026] {processor.py:642} INFO - Processing file /home/airflow/.local/lib/python3.7/site-packages/airflow/example_dags/example_sla_dag.py for tasks to queue
[2023-09-07 18:03:54,028] {logging_mixin.py:109} INFO - [2023-09-07 18:03:54,028] {dagbag.py:500} INFO - Filling up the DagBag from /home/airflow/.local/lib/python3.7/site-packages/airflow/example_dags/example_sla_dag.py
[2023-09-07 18:03:54,064] {processor.py:654} INFO - DAG(s) dict_keys(['example_sla_dag']) retrieved from /home/airflow/.local/lib/python3.7/site-packages/airflow/example_dags/example_sla_dag.py
[2023-09-07 18:03:54,076] {logging_mixin.py:109} INFO - [2023-09-07 18:03:54,076] {dag.py:2398} INFO - Sync 1 DAGs
[2023-09-07 18:03:54,102] {logging_mixin.py:109} INFO - [2023-09-07 18:03:54,102] {dag.py:2937} INFO - Setting next_dagrun for example_sla_dag to 2023-09-07T18:00:00+00:00
[2023-09-07 18:03:54,116] {processor.py:171} INFO - Processing /home/airflow/.local/lib/python3.7/site-packages/airflow/example_dags/example_sla_dag.py took 0.096 seconds
