[2023-09-07 18:01:09,761] {processor.py:163} INFO - Started process (PID=157) to work on /home/airflow/.local/lib/python3.7/site-packages/airflow/example_dags/example_python_operator.py
[2023-09-07 18:01:09,763] {processor.py:642} INFO - Processing file /home/airflow/.local/lib/python3.7/site-packages/airflow/example_dags/example_python_operator.py for tasks to queue
[2023-09-07 18:01:09,764] {logging_mixin.py:109} INFO - [2023-09-07 18:01:09,764] {dagbag.py:500} INFO - Filling up the DagBag from /home/airflow/.local/lib/python3.7/site-packages/airflow/example_dags/example_python_operator.py
[2023-09-07 18:01:09,810] {processor.py:654} INFO - DAG(s) dict_keys(['example_python_operator']) retrieved from /home/airflow/.local/lib/python3.7/site-packages/airflow/example_dags/example_python_operator.py
[2023-09-07 18:01:11,645] {logging_mixin.py:109} INFO - [2023-09-07 18:01:11,645] {manager.py:496} INFO - Created Permission View: can edit on DAG:example_python_operator
[2023-09-07 18:01:11,654] {logging_mixin.py:109} INFO - [2023-09-07 18:01:11,654] {manager.py:496} INFO - Created Permission View: can read on DAG:example_python_operator
[2023-09-07 18:01:11,655] {logging_mixin.py:109} INFO - [2023-09-07 18:01:11,655] {dag.py:2398} INFO - Sync 1 DAGs
[2023-09-07 18:01:11,664] {logging_mixin.py:109} INFO - [2023-09-07 18:01:11,664] {dag.py:2417} INFO - Creating ORM DAG for example_python_operator
[2023-09-07 18:01:11,676] {logging_mixin.py:109} INFO - [2023-09-07 18:01:11,676] {dag.py:2937} INFO - Setting next_dagrun for example_python_operator to None
[2023-09-07 18:01:11,690] {processor.py:171} INFO - Processing /home/airflow/.local/lib/python3.7/site-packages/airflow/example_dags/example_python_operator.py took 1.934 seconds
[2023-09-07 18:01:42,459] {processor.py:163} INFO - Started process (PID=310) to work on /home/airflow/.local/lib/python3.7/site-packages/airflow/example_dags/example_python_operator.py
[2023-09-07 18:01:42,462] {processor.py:642} INFO - Processing file /home/airflow/.local/lib/python3.7/site-packages/airflow/example_dags/example_python_operator.py for tasks to queue
[2023-09-07 18:01:42,463] {logging_mixin.py:109} INFO - [2023-09-07 18:01:42,463] {dagbag.py:500} INFO - Filling up the DagBag from /home/airflow/.local/lib/python3.7/site-packages/airflow/example_dags/example_python_operator.py
[2023-09-07 18:01:42,509] {processor.py:654} INFO - DAG(s) dict_keys(['example_python_operator']) retrieved from /home/airflow/.local/lib/python3.7/site-packages/airflow/example_dags/example_python_operator.py
[2023-09-07 18:01:42,527] {logging_mixin.py:109} INFO - [2023-09-07 18:01:42,527] {dag.py:2398} INFO - Sync 1 DAGs
[2023-09-07 18:01:42,547] {logging_mixin.py:109} INFO - [2023-09-07 18:01:42,547] {dag.py:2937} INFO - Setting next_dagrun for example_python_operator to None
[2023-09-07 18:01:42,559] {processor.py:171} INFO - Processing /home/airflow/.local/lib/python3.7/site-packages/airflow/example_dags/example_python_operator.py took 0.105 seconds
[2023-09-07 18:02:12,810] {processor.py:163} INFO - Started process (PID=360) to work on /home/airflow/.local/lib/python3.7/site-packages/airflow/example_dags/example_python_operator.py
[2023-09-07 18:02:12,813] {processor.py:642} INFO - Processing file /home/airflow/.local/lib/python3.7/site-packages/airflow/example_dags/example_python_operator.py for tasks to queue
[2023-09-07 18:02:12,814] {logging_mixin.py:109} INFO - [2023-09-07 18:02:12,814] {dagbag.py:500} INFO - Filling up the DagBag from /home/airflow/.local/lib/python3.7/site-packages/airflow/example_dags/example_python_operator.py
[2023-09-07 18:02:12,859] {processor.py:654} INFO - DAG(s) dict_keys(['example_python_operator']) retrieved from /home/airflow/.local/lib/python3.7/site-packages/airflow/example_dags/example_python_operator.py
[2023-09-07 18:02:12,871] {logging_mixin.py:109} INFO - [2023-09-07 18:02:12,871] {dag.py:2398} INFO - Sync 1 DAGs
[2023-09-07 18:02:12,888] {logging_mixin.py:109} INFO - [2023-09-07 18:02:12,888] {dag.py:2937} INFO - Setting next_dagrun for example_python_operator to None
[2023-09-07 18:02:12,899] {processor.py:171} INFO - Processing /home/airflow/.local/lib/python3.7/site-packages/airflow/example_dags/example_python_operator.py took 0.093 seconds
[2023-09-07 18:02:42,952] {processor.py:163} INFO - Started process (PID=410) to work on /home/airflow/.local/lib/python3.7/site-packages/airflow/example_dags/example_python_operator.py
[2023-09-07 18:02:42,956] {processor.py:642} INFO - Processing file /home/airflow/.local/lib/python3.7/site-packages/airflow/example_dags/example_python_operator.py for tasks to queue
[2023-09-07 18:02:42,958] {logging_mixin.py:109} INFO - [2023-09-07 18:02:42,958] {dagbag.py:500} INFO - Filling up the DagBag from /home/airflow/.local/lib/python3.7/site-packages/airflow/example_dags/example_python_operator.py
[2023-09-07 18:02:43,003] {processor.py:654} INFO - DAG(s) dict_keys(['example_python_operator']) retrieved from /home/airflow/.local/lib/python3.7/site-packages/airflow/example_dags/example_python_operator.py
[2023-09-07 18:02:43,016] {logging_mixin.py:109} INFO - [2023-09-07 18:02:43,016] {dag.py:2398} INFO - Sync 1 DAGs
[2023-09-07 18:02:43,036] {logging_mixin.py:109} INFO - [2023-09-07 18:02:43,035] {dag.py:2937} INFO - Setting next_dagrun for example_python_operator to None
[2023-09-07 18:02:43,050] {processor.py:171} INFO - Processing /home/airflow/.local/lib/python3.7/site-packages/airflow/example_dags/example_python_operator.py took 0.104 seconds
