[2023-09-07 18:01:23,082] {processor.py:163} INFO - Started process (PID=248) to work on /home/airflow/.local/lib/python3.7/site-packages/airflow/example_dags/example_nested_branch_dag.py
[2023-09-07 18:01:23,085] {processor.py:642} INFO - Processing file /home/airflow/.local/lib/python3.7/site-packages/airflow/example_dags/example_nested_branch_dag.py for tasks to queue
[2023-09-07 18:01:23,087] {logging_mixin.py:109} INFO - [2023-09-07 18:01:23,087] {dagbag.py:500} INFO - Filling up the DagBag from /home/airflow/.local/lib/python3.7/site-packages/airflow/example_dags/example_nested_branch_dag.py
[2023-09-07 18:01:23,137] {processor.py:654} INFO - DAG(s) dict_keys(['example_nested_branch_dag']) retrieved from /home/airflow/.local/lib/python3.7/site-packages/airflow/example_dags/example_nested_branch_dag.py
[2023-09-07 18:01:25,054] {logging_mixin.py:109} INFO - [2023-09-07 18:01:25,054] {manager.py:496} INFO - Created Permission View: can edit on DAG:example_nested_branch_dag
[2023-09-07 18:01:25,062] {logging_mixin.py:109} INFO - [2023-09-07 18:01:25,062] {manager.py:496} INFO - Created Permission View: can read on DAG:example_nested_branch_dag
[2023-09-07 18:01:25,063] {logging_mixin.py:109} INFO - [2023-09-07 18:01:25,063] {dag.py:2398} INFO - Sync 1 DAGs
[2023-09-07 18:01:25,070] {logging_mixin.py:109} INFO - [2023-09-07 18:01:25,070] {dag.py:2417} INFO - Creating ORM DAG for example_nested_branch_dag
[2023-09-07 18:01:25,081] {logging_mixin.py:109} INFO - [2023-09-07 18:01:25,081] {dag.py:2937} INFO - Setting next_dagrun for example_nested_branch_dag to 2023-09-06 00:00:00+00:00
[2023-09-07 18:01:25,093] {processor.py:171} INFO - Processing /home/airflow/.local/lib/python3.7/site-packages/airflow/example_dags/example_nested_branch_dag.py took 2.016 seconds
[2023-09-07 18:01:55,806] {processor.py:163} INFO - Started process (PID=330) to work on /home/airflow/.local/lib/python3.7/site-packages/airflow/example_dags/example_nested_branch_dag.py
[2023-09-07 18:01:55,808] {processor.py:642} INFO - Processing file /home/airflow/.local/lib/python3.7/site-packages/airflow/example_dags/example_nested_branch_dag.py for tasks to queue
[2023-09-07 18:01:55,809] {logging_mixin.py:109} INFO - [2023-09-07 18:01:55,809] {dagbag.py:500} INFO - Filling up the DagBag from /home/airflow/.local/lib/python3.7/site-packages/airflow/example_dags/example_nested_branch_dag.py
[2023-09-07 18:01:55,845] {processor.py:654} INFO - DAG(s) dict_keys(['example_nested_branch_dag']) retrieved from /home/airflow/.local/lib/python3.7/site-packages/airflow/example_dags/example_nested_branch_dag.py
[2023-09-07 18:01:55,857] {logging_mixin.py:109} INFO - [2023-09-07 18:01:55,857] {dag.py:2398} INFO - Sync 1 DAGs
[2023-09-07 18:01:55,875] {logging_mixin.py:109} INFO - [2023-09-07 18:01:55,875] {dag.py:2937} INFO - Setting next_dagrun for example_nested_branch_dag to 2023-09-06 00:00:00+00:00
[2023-09-07 18:01:55,885] {processor.py:171} INFO - Processing /home/airflow/.local/lib/python3.7/site-packages/airflow/example_dags/example_nested_branch_dag.py took 0.084 seconds
[2023-09-07 18:02:26,734] {processor.py:163} INFO - Started process (PID=380) to work on /home/airflow/.local/lib/python3.7/site-packages/airflow/example_dags/example_nested_branch_dag.py
[2023-09-07 18:02:26,736] {processor.py:642} INFO - Processing file /home/airflow/.local/lib/python3.7/site-packages/airflow/example_dags/example_nested_branch_dag.py for tasks to queue
[2023-09-07 18:02:26,737] {logging_mixin.py:109} INFO - [2023-09-07 18:02:26,737] {dagbag.py:500} INFO - Filling up the DagBag from /home/airflow/.local/lib/python3.7/site-packages/airflow/example_dags/example_nested_branch_dag.py
[2023-09-07 18:02:26,786] {processor.py:654} INFO - DAG(s) dict_keys(['example_nested_branch_dag']) retrieved from /home/airflow/.local/lib/python3.7/site-packages/airflow/example_dags/example_nested_branch_dag.py
[2023-09-07 18:02:26,800] {logging_mixin.py:109} INFO - [2023-09-07 18:02:26,800] {dag.py:2398} INFO - Sync 1 DAGs
[2023-09-07 18:02:26,824] {logging_mixin.py:109} INFO - [2023-09-07 18:02:26,824] {dag.py:2937} INFO - Setting next_dagrun for example_nested_branch_dag to 2023-09-06 00:00:00+00:00
[2023-09-07 18:02:26,838] {processor.py:171} INFO - Processing /home/airflow/.local/lib/python3.7/site-packages/airflow/example_dags/example_nested_branch_dag.py took 0.108 seconds
