[2023-09-07 18:00:47,677] {processor.py:163} INFO - Started process (PID=63) to work on /home/airflow/.local/lib/python3.7/site-packages/airflow/example_dags/example_branch_day_of_week_operator.py
[2023-09-07 18:00:47,690] {processor.py:642} INFO - Processing file /home/airflow/.local/lib/python3.7/site-packages/airflow/example_dags/example_branch_day_of_week_operator.py for tasks to queue
[2023-09-07 18:00:47,693] {logging_mixin.py:109} INFO - [2023-09-07 18:00:47,692] {dagbag.py:500} INFO - Filling up the DagBag from /home/airflow/.local/lib/python3.7/site-packages/airflow/example_dags/example_branch_day_of_week_operator.py
[2023-09-07 18:00:47,791] {processor.py:654} INFO - DAG(s) dict_keys(['example_weekday_branch_operator']) retrieved from /home/airflow/.local/lib/python3.7/site-packages/airflow/example_dags/example_branch_day_of_week_operator.py
[2023-09-07 18:00:52,158] {logging_mixin.py:109} INFO - [2023-09-07 18:00:52,158] {manager.py:496} INFO - Created Permission View: can edit on DAG:example_weekday_branch_operator
[2023-09-07 18:00:52,196] {logging_mixin.py:109} INFO - [2023-09-07 18:00:52,196] {manager.py:496} INFO - Created Permission View: can read on DAG:example_weekday_branch_operator
[2023-09-07 18:00:52,198] {logging_mixin.py:109} INFO - [2023-09-07 18:00:52,198] {dag.py:2398} INFO - Sync 1 DAGs
[2023-09-07 18:00:52,223] {logging_mixin.py:109} INFO - [2023-09-07 18:00:52,222] {dag.py:2417} INFO - Creating ORM DAG for example_weekday_branch_operator
[2023-09-07 18:00:52,272] {logging_mixin.py:109} INFO - [2023-09-07 18:00:52,272] {dag.py:2937} INFO - Setting next_dagrun for example_weekday_branch_operator to 2023-09-06 00:00:00+00:00
[2023-09-07 18:00:52,310] {processor.py:171} INFO - Processing /home/airflow/.local/lib/python3.7/site-packages/airflow/example_dags/example_branch_day_of_week_operator.py took 4.641 seconds
[2023-09-07 18:01:27,660] {processor.py:163} INFO - Started process (PID=281) to work on /home/airflow/.local/lib/python3.7/site-packages/airflow/example_dags/example_branch_day_of_week_operator.py
[2023-09-07 18:01:27,662] {processor.py:642} INFO - Processing file /home/airflow/.local/lib/python3.7/site-packages/airflow/example_dags/example_branch_day_of_week_operator.py for tasks to queue
[2023-09-07 18:01:27,664] {logging_mixin.py:109} INFO - [2023-09-07 18:01:27,664] {dagbag.py:500} INFO - Filling up the DagBag from /home/airflow/.local/lib/python3.7/site-packages/airflow/example_dags/example_branch_day_of_week_operator.py
[2023-09-07 18:01:27,709] {processor.py:654} INFO - DAG(s) dict_keys(['example_weekday_branch_operator']) retrieved from /home/airflow/.local/lib/python3.7/site-packages/airflow/example_dags/example_branch_day_of_week_operator.py
[2023-09-07 18:01:27,724] {logging_mixin.py:109} INFO - [2023-09-07 18:01:27,724] {dag.py:2398} INFO - Sync 1 DAGs
[2023-09-07 18:01:27,749] {logging_mixin.py:109} INFO - [2023-09-07 18:01:27,748] {dag.py:2937} INFO - Setting next_dagrun for example_weekday_branch_operator to 2023-09-06 00:00:00+00:00
[2023-09-07 18:01:27,764] {processor.py:171} INFO - Processing /home/airflow/.local/lib/python3.7/site-packages/airflow/example_dags/example_branch_day_of_week_operator.py took 0.109 seconds
[2023-09-07 18:01:58,182] {processor.py:163} INFO - Started process (PID=335) to work on /home/airflow/.local/lib/python3.7/site-packages/airflow/example_dags/example_branch_day_of_week_operator.py
[2023-09-07 18:01:58,185] {processor.py:642} INFO - Processing file /home/airflow/.local/lib/python3.7/site-packages/airflow/example_dags/example_branch_day_of_week_operator.py for tasks to queue
[2023-09-07 18:01:58,186] {logging_mixin.py:109} INFO - [2023-09-07 18:01:58,186] {dagbag.py:500} INFO - Filling up the DagBag from /home/airflow/.local/lib/python3.7/site-packages/airflow/example_dags/example_branch_day_of_week_operator.py
[2023-09-07 18:01:58,225] {processor.py:654} INFO - DAG(s) dict_keys(['example_weekday_branch_operator']) retrieved from /home/airflow/.local/lib/python3.7/site-packages/airflow/example_dags/example_branch_day_of_week_operator.py
[2023-09-07 18:01:58,236] {logging_mixin.py:109} INFO - [2023-09-07 18:01:58,236] {dag.py:2398} INFO - Sync 1 DAGs
[2023-09-07 18:01:58,258] {logging_mixin.py:109} INFO - [2023-09-07 18:01:58,258] {dag.py:2937} INFO - Setting next_dagrun for example_weekday_branch_operator to 2023-09-06 00:00:00+00:00
[2023-09-07 18:01:58,270] {processor.py:171} INFO - Processing /home/airflow/.local/lib/python3.7/site-packages/airflow/example_dags/example_branch_day_of_week_operator.py took 0.092 seconds
[2023-09-07 18:02:29,123] {processor.py:163} INFO - Started process (PID=385) to work on /home/airflow/.local/lib/python3.7/site-packages/airflow/example_dags/example_branch_day_of_week_operator.py
[2023-09-07 18:02:29,125] {processor.py:642} INFO - Processing file /home/airflow/.local/lib/python3.7/site-packages/airflow/example_dags/example_branch_day_of_week_operator.py for tasks to queue
[2023-09-07 18:02:29,126] {logging_mixin.py:109} INFO - [2023-09-07 18:02:29,126] {dagbag.py:500} INFO - Filling up the DagBag from /home/airflow/.local/lib/python3.7/site-packages/airflow/example_dags/example_branch_day_of_week_operator.py
[2023-09-07 18:02:29,162] {processor.py:654} INFO - DAG(s) dict_keys(['example_weekday_branch_operator']) retrieved from /home/airflow/.local/lib/python3.7/site-packages/airflow/example_dags/example_branch_day_of_week_operator.py
[2023-09-07 18:02:29,173] {logging_mixin.py:109} INFO - [2023-09-07 18:02:29,173] {dag.py:2398} INFO - Sync 1 DAGs
[2023-09-07 18:02:29,192] {logging_mixin.py:109} INFO - [2023-09-07 18:02:29,192] {dag.py:2937} INFO - Setting next_dagrun for example_weekday_branch_operator to 2023-09-06 00:00:00+00:00
[2023-09-07 18:02:29,204] {processor.py:171} INFO - Processing /home/airflow/.local/lib/python3.7/site-packages/airflow/example_dags/example_branch_day_of_week_operator.py took 0.084 seconds
