[2023-09-07 18:01:23,178] {processor.py:163} INFO - Started process (PID=249) to work on /home/airflow/.local/lib/python3.7/site-packages/airflow/example_dags/example_short_circuit_operator.py
[2023-09-07 18:01:23,180] {processor.py:642} INFO - Processing file /home/airflow/.local/lib/python3.7/site-packages/airflow/example_dags/example_short_circuit_operator.py for tasks to queue
[2023-09-07 18:01:23,182] {logging_mixin.py:109} INFO - [2023-09-07 18:01:23,182] {dagbag.py:500} INFO - Filling up the DagBag from /home/airflow/.local/lib/python3.7/site-packages/airflow/example_dags/example_short_circuit_operator.py
[2023-09-07 18:01:23,220] {processor.py:654} INFO - DAG(s) dict_keys(['example_short_circuit_operator']) retrieved from /home/airflow/.local/lib/python3.7/site-packages/airflow/example_dags/example_short_circuit_operator.py
[2023-09-07 18:01:25,087] {logging_mixin.py:109} INFO - [2023-09-07 18:01:25,087] {manager.py:496} INFO - Created Permission View: can edit on DAG:example_short_circuit_operator
[2023-09-07 18:01:25,097] {logging_mixin.py:109} INFO - [2023-09-07 18:01:25,097] {manager.py:496} INFO - Created Permission View: can read on DAG:example_short_circuit_operator
[2023-09-07 18:01:25,098] {logging_mixin.py:109} INFO - [2023-09-07 18:01:25,098] {dag.py:2398} INFO - Sync 1 DAGs
[2023-09-07 18:01:25,108] {logging_mixin.py:109} INFO - [2023-09-07 18:01:25,107] {dag.py:2417} INFO - Creating ORM DAG for example_short_circuit_operator
[2023-09-07 18:01:25,118] {logging_mixin.py:109} INFO - [2023-09-07 18:01:25,118] {dag.py:2937} INFO - Setting next_dagrun for example_short_circuit_operator to 2023-09-06T18:01:25.118206+00:00
[2023-09-07 18:01:25,133] {processor.py:171} INFO - Processing /home/airflow/.local/lib/python3.7/site-packages/airflow/example_dags/example_short_circuit_operator.py took 1.960 seconds
[2023-09-07 18:01:55,810] {processor.py:163} INFO - Started process (PID=331) to work on /home/airflow/.local/lib/python3.7/site-packages/airflow/example_dags/example_short_circuit_operator.py
[2023-09-07 18:01:55,813] {processor.py:642} INFO - Processing file /home/airflow/.local/lib/python3.7/site-packages/airflow/example_dags/example_short_circuit_operator.py for tasks to queue
[2023-09-07 18:01:55,814] {logging_mixin.py:109} INFO - [2023-09-07 18:01:55,814] {dagbag.py:500} INFO - Filling up the DagBag from /home/airflow/.local/lib/python3.7/site-packages/airflow/example_dags/example_short_circuit_operator.py
[2023-09-07 18:01:55,849] {processor.py:654} INFO - DAG(s) dict_keys(['example_short_circuit_operator']) retrieved from /home/airflow/.local/lib/python3.7/site-packages/airflow/example_dags/example_short_circuit_operator.py
[2023-09-07 18:01:55,861] {logging_mixin.py:109} INFO - [2023-09-07 18:01:55,861] {dag.py:2398} INFO - Sync 1 DAGs
[2023-09-07 18:01:55,878] {logging_mixin.py:109} INFO - [2023-09-07 18:01:55,878] {dag.py:2937} INFO - Setting next_dagrun for example_short_circuit_operator to 2023-09-06T18:01:55.878064+00:00
[2023-09-07 18:01:55,889] {processor.py:171} INFO - Processing /home/airflow/.local/lib/python3.7/site-packages/airflow/example_dags/example_short_circuit_operator.py took 0.083 seconds
[2023-09-07 18:02:26,740] {processor.py:163} INFO - Started process (PID=381) to work on /home/airflow/.local/lib/python3.7/site-packages/airflow/example_dags/example_short_circuit_operator.py
[2023-09-07 18:02:26,742] {processor.py:642} INFO - Processing file /home/airflow/.local/lib/python3.7/site-packages/airflow/example_dags/example_short_circuit_operator.py for tasks to queue
[2023-09-07 18:02:26,743] {logging_mixin.py:109} INFO - [2023-09-07 18:02:26,743] {dagbag.py:500} INFO - Filling up the DagBag from /home/airflow/.local/lib/python3.7/site-packages/airflow/example_dags/example_short_circuit_operator.py
[2023-09-07 18:02:26,799] {processor.py:654} INFO - DAG(s) dict_keys(['example_short_circuit_operator']) retrieved from /home/airflow/.local/lib/python3.7/site-packages/airflow/example_dags/example_short_circuit_operator.py
[2023-09-07 18:02:26,814] {logging_mixin.py:109} INFO - [2023-09-07 18:02:26,814] {dag.py:2398} INFO - Sync 1 DAGs
[2023-09-07 18:02:26,836] {logging_mixin.py:109} INFO - [2023-09-07 18:02:26,836] {dag.py:2937} INFO - Setting next_dagrun for example_short_circuit_operator to 2023-09-06T18:02:26.835968+00:00
[2023-09-07 18:02:26,852] {processor.py:171} INFO - Processing /home/airflow/.local/lib/python3.7/site-packages/airflow/example_dags/example_short_circuit_operator.py took 0.116 seconds
