[2023-09-07 18:01:11,750] {processor.py:163} INFO - Started process (PID=171) to work on /home/airflow/.local/lib/python3.7/site-packages/airflow/example_dags/example_dag_decorator.py
[2023-09-07 18:01:11,752] {processor.py:642} INFO - Processing file /home/airflow/.local/lib/python3.7/site-packages/airflow/example_dags/example_dag_decorator.py for tasks to queue
[2023-09-07 18:01:11,754] {logging_mixin.py:109} INFO - [2023-09-07 18:01:11,754] {dagbag.py:500} INFO - Filling up the DagBag from /home/airflow/.local/lib/python3.7/site-packages/airflow/example_dags/example_dag_decorator.py
[2023-09-07 18:01:11,809] {processor.py:654} INFO - DAG(s) dict_keys(['example_dag_decorator']) retrieved from /home/airflow/.local/lib/python3.7/site-packages/airflow/example_dags/example_dag_decorator.py
[2023-09-07 18:01:13,569] {logging_mixin.py:109} INFO - [2023-09-07 18:01:13,569] {manager.py:496} INFO - Created Permission View: can edit on DAG:example_dag_decorator
[2023-09-07 18:01:13,593] {logging_mixin.py:109} INFO - [2023-09-07 18:01:13,593] {manager.py:496} INFO - Created Permission View: can read on DAG:example_dag_decorator
[2023-09-07 18:01:13,595] {logging_mixin.py:109} INFO - [2023-09-07 18:01:13,594] {dag.py:2398} INFO - Sync 1 DAGs
[2023-09-07 18:01:13,610] {logging_mixin.py:109} INFO - [2023-09-07 18:01:13,609] {dag.py:2417} INFO - Creating ORM DAG for example_dag_decorator
[2023-09-07 18:01:13,623] {logging_mixin.py:109} INFO - [2023-09-07 18:01:13,623] {dag.py:2937} INFO - Setting next_dagrun for example_dag_decorator to None
[2023-09-07 18:01:13,637] {processor.py:171} INFO - Processing /home/airflow/.local/lib/python3.7/site-packages/airflow/example_dags/example_dag_decorator.py took 1.891 seconds
[2023-09-07 18:01:44,622] {processor.py:163} INFO - Started process (PID=312) to work on /home/airflow/.local/lib/python3.7/site-packages/airflow/example_dags/example_dag_decorator.py
[2023-09-07 18:01:44,628] {processor.py:642} INFO - Processing file /home/airflow/.local/lib/python3.7/site-packages/airflow/example_dags/example_dag_decorator.py for tasks to queue
[2023-09-07 18:01:44,631] {logging_mixin.py:109} INFO - [2023-09-07 18:01:44,630] {dagbag.py:500} INFO - Filling up the DagBag from /home/airflow/.local/lib/python3.7/site-packages/airflow/example_dags/example_dag_decorator.py
[2023-09-07 18:01:44,701] {processor.py:654} INFO - DAG(s) dict_keys(['example_dag_decorator']) retrieved from /home/airflow/.local/lib/python3.7/site-packages/airflow/example_dags/example_dag_decorator.py
[2023-09-07 18:01:44,975] {logging_mixin.py:109} INFO - [2023-09-07 18:01:44,974] {dag.py:2398} INFO - Sync 1 DAGs
[2023-09-07 18:01:44,994] {logging_mixin.py:109} INFO - [2023-09-07 18:01:44,994] {dag.py:2937} INFO - Setting next_dagrun for example_dag_decorator to None
[2023-09-07 18:01:45,006] {processor.py:171} INFO - Processing /home/airflow/.local/lib/python3.7/site-packages/airflow/example_dags/example_dag_decorator.py took 0.401 seconds
[2023-09-07 18:02:15,932] {processor.py:163} INFO - Started process (PID=362) to work on /home/airflow/.local/lib/python3.7/site-packages/airflow/example_dags/example_dag_decorator.py
[2023-09-07 18:02:15,935] {processor.py:642} INFO - Processing file /home/airflow/.local/lib/python3.7/site-packages/airflow/example_dags/example_dag_decorator.py for tasks to queue
[2023-09-07 18:02:15,936] {logging_mixin.py:109} INFO - [2023-09-07 18:02:15,936] {dagbag.py:500} INFO - Filling up the DagBag from /home/airflow/.local/lib/python3.7/site-packages/airflow/example_dags/example_dag_decorator.py
[2023-09-07 18:02:15,978] {processor.py:654} INFO - DAG(s) dict_keys(['example_dag_decorator']) retrieved from /home/airflow/.local/lib/python3.7/site-packages/airflow/example_dags/example_dag_decorator.py
[2023-09-07 18:02:16,143] {logging_mixin.py:109} INFO - [2023-09-07 18:02:16,143] {dag.py:2398} INFO - Sync 1 DAGs
[2023-09-07 18:02:16,156] {logging_mixin.py:109} INFO - [2023-09-07 18:02:16,156] {dag.py:2937} INFO - Setting next_dagrun for example_dag_decorator to None
[2023-09-07 18:02:16,166] {processor.py:171} INFO - Processing /home/airflow/.local/lib/python3.7/site-packages/airflow/example_dags/example_dag_decorator.py took 0.260 seconds
[2023-09-07 18:02:47,065] {processor.py:163} INFO - Started process (PID=421) to work on /home/airflow/.local/lib/python3.7/site-packages/airflow/example_dags/example_dag_decorator.py
[2023-09-07 18:02:47,067] {processor.py:642} INFO - Processing file /home/airflow/.local/lib/python3.7/site-packages/airflow/example_dags/example_dag_decorator.py for tasks to queue
[2023-09-07 18:02:47,068] {logging_mixin.py:109} INFO - [2023-09-07 18:02:47,068] {dagbag.py:500} INFO - Filling up the DagBag from /home/airflow/.local/lib/python3.7/site-packages/airflow/example_dags/example_dag_decorator.py
[2023-09-07 18:02:47,110] {processor.py:654} INFO - DAG(s) dict_keys(['example_dag_decorator']) retrieved from /home/airflow/.local/lib/python3.7/site-packages/airflow/example_dags/example_dag_decorator.py
[2023-09-07 18:02:47,327] {logging_mixin.py:109} INFO - [2023-09-07 18:02:47,327] {dag.py:2398} INFO - Sync 1 DAGs
[2023-09-07 18:02:47,342] {logging_mixin.py:109} INFO - [2023-09-07 18:02:47,342] {dag.py:2937} INFO - Setting next_dagrun for example_dag_decorator to None
[2023-09-07 18:02:47,360] {processor.py:171} INFO - Processing /home/airflow/.local/lib/python3.7/site-packages/airflow/example_dags/example_dag_decorator.py took 0.298 seconds
[2023-09-07 18:03:17,427] {processor.py:163} INFO - Started process (PID=473) to work on /home/airflow/.local/lib/python3.7/site-packages/airflow/example_dags/example_dag_decorator.py
[2023-09-07 18:03:17,429] {processor.py:642} INFO - Processing file /home/airflow/.local/lib/python3.7/site-packages/airflow/example_dags/example_dag_decorator.py for tasks to queue
[2023-09-07 18:03:17,431] {logging_mixin.py:109} INFO - [2023-09-07 18:03:17,431] {dagbag.py:500} INFO - Filling up the DagBag from /home/airflow/.local/lib/python3.7/site-packages/airflow/example_dags/example_dag_decorator.py
[2023-09-07 18:03:17,480] {processor.py:654} INFO - DAG(s) dict_keys(['example_dag_decorator']) retrieved from /home/airflow/.local/lib/python3.7/site-packages/airflow/example_dags/example_dag_decorator.py
[2023-09-07 18:03:17,686] {logging_mixin.py:109} INFO - [2023-09-07 18:03:17,685] {dag.py:2398} INFO - Sync 1 DAGs
[2023-09-07 18:03:17,704] {logging_mixin.py:109} INFO - [2023-09-07 18:03:17,703] {dag.py:2937} INFO - Setting next_dagrun for example_dag_decorator to None
[2023-09-07 18:03:17,718] {processor.py:171} INFO - Processing /home/airflow/.local/lib/python3.7/site-packages/airflow/example_dags/example_dag_decorator.py took 0.297 seconds
[2023-09-07 18:03:47,845] {processor.py:163} INFO - Started process (PID=523) to work on /home/airflow/.local/lib/python3.7/site-packages/airflow/example_dags/example_dag_decorator.py
[2023-09-07 18:03:47,847] {processor.py:642} INFO - Processing file /home/airflow/.local/lib/python3.7/site-packages/airflow/example_dags/example_dag_decorator.py for tasks to queue
[2023-09-07 18:03:47,848] {logging_mixin.py:109} INFO - [2023-09-07 18:03:47,848] {dagbag.py:500} INFO - Filling up the DagBag from /home/airflow/.local/lib/python3.7/site-packages/airflow/example_dags/example_dag_decorator.py
[2023-09-07 18:03:47,890] {processor.py:654} INFO - DAG(s) dict_keys(['example_dag_decorator']) retrieved from /home/airflow/.local/lib/python3.7/site-packages/airflow/example_dags/example_dag_decorator.py
[2023-09-07 18:03:48,051] {logging_mixin.py:109} INFO - [2023-09-07 18:03:48,051] {dag.py:2398} INFO - Sync 1 DAGs
[2023-09-07 18:03:48,063] {logging_mixin.py:109} INFO - [2023-09-07 18:03:48,063] {dag.py:2937} INFO - Setting next_dagrun for example_dag_decorator to None
[2023-09-07 18:03:48,075] {processor.py:171} INFO - Processing /home/airflow/.local/lib/python3.7/site-packages/airflow/example_dags/example_dag_decorator.py took 0.234 seconds
[2023-09-07 18:04:19,024] {processor.py:163} INFO - Started process (PID=581) to work on /home/airflow/.local/lib/python3.7/site-packages/airflow/example_dags/example_dag_decorator.py
[2023-09-07 18:04:19,026] {processor.py:642} INFO - Processing file /home/airflow/.local/lib/python3.7/site-packages/airflow/example_dags/example_dag_decorator.py for tasks to queue
[2023-09-07 18:04:19,028] {logging_mixin.py:109} INFO - [2023-09-07 18:04:19,028] {dagbag.py:500} INFO - Filling up the DagBag from /home/airflow/.local/lib/python3.7/site-packages/airflow/example_dags/example_dag_decorator.py
[2023-09-07 18:04:19,074] {processor.py:654} INFO - DAG(s) dict_keys(['example_dag_decorator']) retrieved from /home/airflow/.local/lib/python3.7/site-packages/airflow/example_dags/example_dag_decorator.py
[2023-09-07 18:04:19,254] {logging_mixin.py:109} INFO - [2023-09-07 18:04:19,254] {dag.py:2398} INFO - Sync 1 DAGs
[2023-09-07 18:04:19,269] {logging_mixin.py:109} INFO - [2023-09-07 18:04:19,269] {dag.py:2937} INFO - Setting next_dagrun for example_dag_decorator to None
[2023-09-07 18:04:19,281] {processor.py:171} INFO - Processing /home/airflow/.local/lib/python3.7/site-packages/airflow/example_dags/example_dag_decorator.py took 0.261 seconds
