[2023-09-07 18:01:20,738] {processor.py:163} INFO - Started process (PID=234) to work on /home/airflow/.local/lib/python3.7/site-packages/airflow/example_dags/example_branch_datetime_operator.py
[2023-09-07 18:01:20,741] {processor.py:642} INFO - Processing file /home/airflow/.local/lib/python3.7/site-packages/airflow/example_dags/example_branch_datetime_operator.py for tasks to queue
[2023-09-07 18:01:20,743] {logging_mixin.py:109} INFO - [2023-09-07 18:01:20,743] {dagbag.py:500} INFO - Filling up the DagBag from /home/airflow/.local/lib/python3.7/site-packages/airflow/example_dags/example_branch_datetime_operator.py
[2023-09-07 18:01:20,813] {processor.py:654} INFO - DAG(s) dict_keys(['example_branch_datetime_operator_2']) retrieved from /home/airflow/.local/lib/python3.7/site-packages/airflow/example_dags/example_branch_datetime_operator.py
[2023-09-07 18:01:22,973] {logging_mixin.py:109} INFO - [2023-09-07 18:01:22,973] {manager.py:496} INFO - Created Permission View: can edit on DAG:example_branch_datetime_operator_2
[2023-09-07 18:01:22,984] {logging_mixin.py:109} INFO - [2023-09-07 18:01:22,984] {manager.py:496} INFO - Created Permission View: can read on DAG:example_branch_datetime_operator_2
[2023-09-07 18:01:22,985] {logging_mixin.py:109} INFO - [2023-09-07 18:01:22,985] {dag.py:2398} INFO - Sync 1 DAGs
[2023-09-07 18:01:22,994] {logging_mixin.py:109} INFO - [2023-09-07 18:01:22,993] {dag.py:2417} INFO - Creating ORM DAG for example_branch_datetime_operator_2
[2023-09-07 18:01:23,005] {logging_mixin.py:109} INFO - [2023-09-07 18:01:23,005] {dag.py:2937} INFO - Setting next_dagrun for example_branch_datetime_operator_2 to 2023-09-06 00:00:00+00:00
[2023-09-07 18:01:23,019] {processor.py:171} INFO - Processing /home/airflow/.local/lib/python3.7/site-packages/airflow/example_dags/example_branch_datetime_operator.py took 2.287 seconds
[2023-09-07 18:01:53,677] {processor.py:163} INFO - Started process (PID=319) to work on /home/airflow/.local/lib/python3.7/site-packages/airflow/example_dags/example_branch_datetime_operator.py
[2023-09-07 18:01:53,680] {processor.py:642} INFO - Processing file /home/airflow/.local/lib/python3.7/site-packages/airflow/example_dags/example_branch_datetime_operator.py for tasks to queue
[2023-09-07 18:01:53,682] {logging_mixin.py:109} INFO - [2023-09-07 18:01:53,682] {dagbag.py:500} INFO - Filling up the DagBag from /home/airflow/.local/lib/python3.7/site-packages/airflow/example_dags/example_branch_datetime_operator.py
[2023-09-07 18:01:53,723] {processor.py:654} INFO - DAG(s) dict_keys(['example_branch_datetime_operator_2']) retrieved from /home/airflow/.local/lib/python3.7/site-packages/airflow/example_dags/example_branch_datetime_operator.py
[2023-09-07 18:01:53,738] {logging_mixin.py:109} INFO - [2023-09-07 18:01:53,737] {dag.py:2398} INFO - Sync 1 DAGs
[2023-09-07 18:01:53,758] {logging_mixin.py:109} INFO - [2023-09-07 18:01:53,758] {dag.py:2937} INFO - Setting next_dagrun for example_branch_datetime_operator_2 to 2023-09-06 00:00:00+00:00
[2023-09-07 18:01:53,772] {processor.py:171} INFO - Processing /home/airflow/.local/lib/python3.7/site-packages/airflow/example_dags/example_branch_datetime_operator.py took 0.100 seconds
[2023-09-07 18:02:24,612] {processor.py:163} INFO - Started process (PID=378) to work on /home/airflow/.local/lib/python3.7/site-packages/airflow/example_dags/example_branch_datetime_operator.py
[2023-09-07 18:02:24,614] {processor.py:642} INFO - Processing file /home/airflow/.local/lib/python3.7/site-packages/airflow/example_dags/example_branch_datetime_operator.py for tasks to queue
[2023-09-07 18:02:24,615] {logging_mixin.py:109} INFO - [2023-09-07 18:02:24,615] {dagbag.py:500} INFO - Filling up the DagBag from /home/airflow/.local/lib/python3.7/site-packages/airflow/example_dags/example_branch_datetime_operator.py
[2023-09-07 18:02:24,654] {processor.py:654} INFO - DAG(s) dict_keys(['example_branch_datetime_operator_2']) retrieved from /home/airflow/.local/lib/python3.7/site-packages/airflow/example_dags/example_branch_datetime_operator.py
[2023-09-07 18:02:24,670] {logging_mixin.py:109} INFO - [2023-09-07 18:02:24,670] {dag.py:2398} INFO - Sync 1 DAGs
[2023-09-07 18:02:24,692] {logging_mixin.py:109} INFO - [2023-09-07 18:02:24,692] {dag.py:2937} INFO - Setting next_dagrun for example_branch_datetime_operator_2 to 2023-09-06 00:00:00+00:00
[2023-09-07 18:02:24,704] {processor.py:171} INFO - Processing /home/airflow/.local/lib/python3.7/site-packages/airflow/example_dags/example_branch_datetime_operator.py took 0.097 seconds
