[2023-09-07 18:01:25,191] {processor.py:163} INFO - Started process (PID=263) to work on /home/airflow/.local/lib/python3.7/site-packages/airflow/example_dags/example_latest_only.py
[2023-09-07 18:01:25,193] {processor.py:642} INFO - Processing file /home/airflow/.local/lib/python3.7/site-packages/airflow/example_dags/example_latest_only.py for tasks to queue
[2023-09-07 18:01:25,194] {logging_mixin.py:109} INFO - [2023-09-07 18:01:25,194] {dagbag.py:500} INFO - Filling up the DagBag from /home/airflow/.local/lib/python3.7/site-packages/airflow/example_dags/example_latest_only.py
[2023-09-07 18:01:25,233] {processor.py:654} INFO - DAG(s) dict_keys(['latest_only']) retrieved from /home/airflow/.local/lib/python3.7/site-packages/airflow/example_dags/example_latest_only.py
[2023-09-07 18:01:27,212] {logging_mixin.py:109} INFO - [2023-09-07 18:01:27,212] {manager.py:496} INFO - Created Permission View: can edit on DAG:latest_only
[2023-09-07 18:01:27,221] {logging_mixin.py:109} INFO - [2023-09-07 18:01:27,221] {manager.py:496} INFO - Created Permission View: can read on DAG:latest_only
[2023-09-07 18:01:27,223] {logging_mixin.py:109} INFO - [2023-09-07 18:01:27,222] {dag.py:2398} INFO - Sync 1 DAGs
[2023-09-07 18:01:27,230] {logging_mixin.py:109} INFO - [2023-09-07 18:01:27,230] {dag.py:2417} INFO - Creating ORM DAG for latest_only
[2023-09-07 18:01:27,240] {logging_mixin.py:109} INFO - [2023-09-07 18:01:27,240] {dag.py:2937} INFO - Setting next_dagrun for latest_only to 2023-09-07T14:01:27.239858+00:00
[2023-09-07 18:01:27,254] {processor.py:171} INFO - Processing /home/airflow/.local/lib/python3.7/site-packages/airflow/example_dags/example_latest_only.py took 2.067 seconds
[2023-09-07 18:01:58,300] {processor.py:163} INFO - Started process (PID=337) to work on /home/airflow/.local/lib/python3.7/site-packages/airflow/example_dags/example_latest_only.py
[2023-09-07 18:01:58,303] {processor.py:642} INFO - Processing file /home/airflow/.local/lib/python3.7/site-packages/airflow/example_dags/example_latest_only.py for tasks to queue
[2023-09-07 18:01:58,304] {logging_mixin.py:109} INFO - [2023-09-07 18:01:58,304] {dagbag.py:500} INFO - Filling up the DagBag from /home/airflow/.local/lib/python3.7/site-packages/airflow/example_dags/example_latest_only.py
[2023-09-07 18:01:58,346] {processor.py:654} INFO - DAG(s) dict_keys(['latest_only']) retrieved from /home/airflow/.local/lib/python3.7/site-packages/airflow/example_dags/example_latest_only.py
[2023-09-07 18:01:58,359] {logging_mixin.py:109} INFO - [2023-09-07 18:01:58,359] {dag.py:2398} INFO - Sync 1 DAGs
[2023-09-07 18:01:58,381] {logging_mixin.py:109} INFO - [2023-09-07 18:01:58,381] {dag.py:2937} INFO - Setting next_dagrun for latest_only to 2023-09-07T14:01:58.381279+00:00
[2023-09-07 18:01:58,396] {processor.py:171} INFO - Processing /home/airflow/.local/lib/python3.7/site-packages/airflow/example_dags/example_latest_only.py took 0.101 seconds
[2023-09-07 18:02:29,328] {processor.py:163} INFO - Started process (PID=388) to work on /home/airflow/.local/lib/python3.7/site-packages/airflow/example_dags/example_latest_only.py
[2023-09-07 18:02:29,330] {processor.py:642} INFO - Processing file /home/airflow/.local/lib/python3.7/site-packages/airflow/example_dags/example_latest_only.py for tasks to queue
[2023-09-07 18:02:29,332] {logging_mixin.py:109} INFO - [2023-09-07 18:02:29,331] {dagbag.py:500} INFO - Filling up the DagBag from /home/airflow/.local/lib/python3.7/site-packages/airflow/example_dags/example_latest_only.py
[2023-09-07 18:02:29,370] {processor.py:654} INFO - DAG(s) dict_keys(['latest_only']) retrieved from /home/airflow/.local/lib/python3.7/site-packages/airflow/example_dags/example_latest_only.py
[2023-09-07 18:02:29,382] {logging_mixin.py:109} INFO - [2023-09-07 18:02:29,382] {dag.py:2398} INFO - Sync 1 DAGs
[2023-09-07 18:02:29,402] {logging_mixin.py:109} INFO - [2023-09-07 18:02:29,402] {dag.py:2937} INFO - Setting next_dagrun for latest_only to 2023-09-07T14:02:29.402291+00:00
[2023-09-07 18:02:29,412] {processor.py:171} INFO - Processing /home/airflow/.local/lib/python3.7/site-packages/airflow/example_dags/example_latest_only.py took 0.088 seconds
[2023-09-07 18:03:00,271] {processor.py:163} INFO - Started process (PID=448) to work on /home/airflow/.local/lib/python3.7/site-packages/airflow/example_dags/example_latest_only.py
[2023-09-07 18:03:00,273] {processor.py:642} INFO - Processing file /home/airflow/.local/lib/python3.7/site-packages/airflow/example_dags/example_latest_only.py for tasks to queue
[2023-09-07 18:03:00,275] {logging_mixin.py:109} INFO - [2023-09-07 18:03:00,275] {dagbag.py:500} INFO - Filling up the DagBag from /home/airflow/.local/lib/python3.7/site-packages/airflow/example_dags/example_latest_only.py
[2023-09-07 18:03:00,314] {processor.py:654} INFO - DAG(s) dict_keys(['latest_only']) retrieved from /home/airflow/.local/lib/python3.7/site-packages/airflow/example_dags/example_latest_only.py
[2023-09-07 18:03:00,325] {logging_mixin.py:109} INFO - [2023-09-07 18:03:00,325] {dag.py:2398} INFO - Sync 1 DAGs
[2023-09-07 18:03:00,345] {logging_mixin.py:109} INFO - [2023-09-07 18:03:00,345] {dag.py:2937} INFO - Setting next_dagrun for latest_only to 2023-09-07T14:03:00.345434+00:00
[2023-09-07 18:03:00,357] {processor.py:171} INFO - Processing /home/airflow/.local/lib/python3.7/site-packages/airflow/example_dags/example_latest_only.py took 0.090 seconds
[2023-09-07 18:03:30,756] {processor.py:163} INFO - Started process (PID=498) to work on /home/airflow/.local/lib/python3.7/site-packages/airflow/example_dags/example_latest_only.py
[2023-09-07 18:03:30,757] {processor.py:642} INFO - Processing file /home/airflow/.local/lib/python3.7/site-packages/airflow/example_dags/example_latest_only.py for tasks to queue
[2023-09-07 18:03:30,758] {logging_mixin.py:109} INFO - [2023-09-07 18:03:30,758] {dagbag.py:500} INFO - Filling up the DagBag from /home/airflow/.local/lib/python3.7/site-packages/airflow/example_dags/example_latest_only.py
[2023-09-07 18:03:30,790] {processor.py:654} INFO - DAG(s) dict_keys(['latest_only']) retrieved from /home/airflow/.local/lib/python3.7/site-packages/airflow/example_dags/example_latest_only.py
[2023-09-07 18:03:30,801] {logging_mixin.py:109} INFO - [2023-09-07 18:03:30,801] {dag.py:2398} INFO - Sync 1 DAGs
[2023-09-07 18:03:30,819] {logging_mixin.py:109} INFO - [2023-09-07 18:03:30,819] {dag.py:2937} INFO - Setting next_dagrun for latest_only to 2023-09-07T14:03:30.819075+00:00
[2023-09-07 18:03:30,828] {processor.py:171} INFO - Processing /home/airflow/.local/lib/python3.7/site-packages/airflow/example_dags/example_latest_only.py took 0.077 seconds
[2023-09-07 18:04:01,909] {processor.py:163} INFO - Started process (PID=553) to work on /home/airflow/.local/lib/python3.7/site-packages/airflow/example_dags/example_latest_only.py
[2023-09-07 18:04:01,914] {processor.py:642} INFO - Processing file /home/airflow/.local/lib/python3.7/site-packages/airflow/example_dags/example_latest_only.py for tasks to queue
[2023-09-07 18:04:01,917] {logging_mixin.py:109} INFO - [2023-09-07 18:04:01,917] {dagbag.py:500} INFO - Filling up the DagBag from /home/airflow/.local/lib/python3.7/site-packages/airflow/example_dags/example_latest_only.py
[2023-09-07 18:04:01,968] {processor.py:654} INFO - DAG(s) dict_keys(['latest_only']) retrieved from /home/airflow/.local/lib/python3.7/site-packages/airflow/example_dags/example_latest_only.py
[2023-09-07 18:04:01,987] {logging_mixin.py:109} INFO - [2023-09-07 18:04:01,986] {dag.py:2398} INFO - Sync 1 DAGs
[2023-09-07 18:04:02,011] {logging_mixin.py:109} INFO - [2023-09-07 18:04:02,011] {dag.py:2937} INFO - Setting next_dagrun for latest_only to 2023-09-07T14:04:02.011533+00:00
[2023-09-07 18:04:02,024] {processor.py:171} INFO - Processing /home/airflow/.local/lib/python3.7/site-packages/airflow/example_dags/example_latest_only.py took 0.123 seconds
[2023-09-07 18:04:32,149] {processor.py:163} INFO - Started process (PID=605) to work on /home/airflow/.local/lib/python3.7/site-packages/airflow/example_dags/example_latest_only.py
[2023-09-07 18:04:32,151] {processor.py:642} INFO - Processing file /home/airflow/.local/lib/python3.7/site-packages/airflow/example_dags/example_latest_only.py for tasks to queue
[2023-09-07 18:04:32,155] {logging_mixin.py:109} INFO - [2023-09-07 18:04:32,154] {dagbag.py:500} INFO - Filling up the DagBag from /home/airflow/.local/lib/python3.7/site-packages/airflow/example_dags/example_latest_only.py
[2023-09-07 18:04:32,198] {processor.py:654} INFO - DAG(s) dict_keys(['latest_only']) retrieved from /home/airflow/.local/lib/python3.7/site-packages/airflow/example_dags/example_latest_only.py
[2023-09-07 18:04:32,212] {logging_mixin.py:109} INFO - [2023-09-07 18:04:32,212] {dag.py:2398} INFO - Sync 1 DAGs
[2023-09-07 18:04:32,235] {logging_mixin.py:109} INFO - [2023-09-07 18:04:32,235] {dag.py:2937} INFO - Setting next_dagrun for latest_only to 2023-09-07T14:04:32.234831+00:00
[2023-09-07 18:04:32,249] {processor.py:171} INFO - Processing /home/airflow/.local/lib/python3.7/site-packages/airflow/example_dags/example_latest_only.py took 0.104 seconds
