[2023-09-07 18:01:04,413] {processor.py:163} INFO - Started process (PID=129) to work on /home/airflow/.local/lib/python3.7/site-packages/airflow/example_dags/example_branch_labels.py
[2023-09-07 18:01:04,416] {processor.py:642} INFO - Processing file /home/airflow/.local/lib/python3.7/site-packages/airflow/example_dags/example_branch_labels.py for tasks to queue
[2023-09-07 18:01:04,420] {logging_mixin.py:109} INFO - [2023-09-07 18:01:04,418] {dagbag.py:500} INFO - Filling up the DagBag from /home/airflow/.local/lib/python3.7/site-packages/airflow/example_dags/example_branch_labels.py
[2023-09-07 18:01:04,482] {processor.py:654} INFO - DAG(s) dict_keys(['example_branch_labels']) retrieved from /home/airflow/.local/lib/python3.7/site-packages/airflow/example_dags/example_branch_labels.py
[2023-09-07 18:01:06,749] {logging_mixin.py:109} INFO - [2023-09-07 18:01:06,749] {manager.py:496} INFO - Created Permission View: can edit on DAG:example_branch_labels
[2023-09-07 18:01:06,767] {logging_mixin.py:109} INFO - [2023-09-07 18:01:06,767] {manager.py:496} INFO - Created Permission View: can read on DAG:example_branch_labels
[2023-09-07 18:01:06,769] {logging_mixin.py:109} INFO - [2023-09-07 18:01:06,769] {dag.py:2398} INFO - Sync 1 DAGs
[2023-09-07 18:01:06,784] {logging_mixin.py:109} INFO - [2023-09-07 18:01:06,784] {dag.py:2417} INFO - Creating ORM DAG for example_branch_labels
[2023-09-07 18:01:06,801] {logging_mixin.py:109} INFO - [2023-09-07 18:01:06,801] {dag.py:2937} INFO - Setting next_dagrun for example_branch_labels to 2023-09-06 00:00:00+00:00
[2023-09-07 18:01:06,818] {processor.py:171} INFO - Processing /home/airflow/.local/lib/python3.7/site-packages/airflow/example_dags/example_branch_labels.py took 2.410 seconds
[2023-09-07 18:01:37,188] {processor.py:163} INFO - Started process (PID=297) to work on /home/airflow/.local/lib/python3.7/site-packages/airflow/example_dags/example_branch_labels.py
[2023-09-07 18:01:37,190] {processor.py:642} INFO - Processing file /home/airflow/.local/lib/python3.7/site-packages/airflow/example_dags/example_branch_labels.py for tasks to queue
[2023-09-07 18:01:37,191] {logging_mixin.py:109} INFO - [2023-09-07 18:01:37,191] {dagbag.py:500} INFO - Filling up the DagBag from /home/airflow/.local/lib/python3.7/site-packages/airflow/example_dags/example_branch_labels.py
[2023-09-07 18:01:37,226] {processor.py:654} INFO - DAG(s) dict_keys(['example_branch_labels']) retrieved from /home/airflow/.local/lib/python3.7/site-packages/airflow/example_dags/example_branch_labels.py
[2023-09-07 18:01:37,238] {logging_mixin.py:109} INFO - [2023-09-07 18:01:37,238] {dag.py:2398} INFO - Sync 1 DAGs
[2023-09-07 18:01:37,261] {logging_mixin.py:109} INFO - [2023-09-07 18:01:37,261] {dag.py:2937} INFO - Setting next_dagrun for example_branch_labels to 2023-09-06 00:00:00+00:00
[2023-09-07 18:01:37,278] {processor.py:171} INFO - Processing /home/airflow/.local/lib/python3.7/site-packages/airflow/example_dags/example_branch_labels.py took 0.092 seconds
[2023-09-07 18:02:07,525] {processor.py:163} INFO - Started process (PID=347) to work on /home/airflow/.local/lib/python3.7/site-packages/airflow/example_dags/example_branch_labels.py
[2023-09-07 18:02:07,527] {processor.py:642} INFO - Processing file /home/airflow/.local/lib/python3.7/site-packages/airflow/example_dags/example_branch_labels.py for tasks to queue
[2023-09-07 18:02:07,529] {logging_mixin.py:109} INFO - [2023-09-07 18:02:07,528] {dagbag.py:500} INFO - Filling up the DagBag from /home/airflow/.local/lib/python3.7/site-packages/airflow/example_dags/example_branch_labels.py
[2023-09-07 18:02:07,573] {processor.py:654} INFO - DAG(s) dict_keys(['example_branch_labels']) retrieved from /home/airflow/.local/lib/python3.7/site-packages/airflow/example_dags/example_branch_labels.py
[2023-09-07 18:02:07,594] {logging_mixin.py:109} INFO - [2023-09-07 18:02:07,594] {dag.py:2398} INFO - Sync 1 DAGs
[2023-09-07 18:02:07,629] {logging_mixin.py:109} INFO - [2023-09-07 18:02:07,629] {dag.py:2937} INFO - Setting next_dagrun for example_branch_labels to 2023-09-06 00:00:00+00:00
[2023-09-07 18:02:07,643] {processor.py:171} INFO - Processing /home/airflow/.local/lib/python3.7/site-packages/airflow/example_dags/example_branch_labels.py took 0.130 seconds
[2023-09-07 18:02:37,691] {processor.py:163} INFO - Started process (PID=406) to work on /home/airflow/.local/lib/python3.7/site-packages/airflow/example_dags/example_branch_labels.py
[2023-09-07 18:02:37,693] {processor.py:642} INFO - Processing file /home/airflow/.local/lib/python3.7/site-packages/airflow/example_dags/example_branch_labels.py for tasks to queue
[2023-09-07 18:02:37,694] {logging_mixin.py:109} INFO - [2023-09-07 18:02:37,694] {dagbag.py:500} INFO - Filling up the DagBag from /home/airflow/.local/lib/python3.7/site-packages/airflow/example_dags/example_branch_labels.py
[2023-09-07 18:02:37,729] {processor.py:654} INFO - DAG(s) dict_keys(['example_branch_labels']) retrieved from /home/airflow/.local/lib/python3.7/site-packages/airflow/example_dags/example_branch_labels.py
[2023-09-07 18:02:37,740] {logging_mixin.py:109} INFO - [2023-09-07 18:02:37,740] {dag.py:2398} INFO - Sync 1 DAGs
[2023-09-07 18:02:37,758] {logging_mixin.py:109} INFO - [2023-09-07 18:02:37,758] {dag.py:2937} INFO - Setting next_dagrun for example_branch_labels to 2023-09-06 00:00:00+00:00
[2023-09-07 18:02:37,767] {processor.py:171} INFO - Processing /home/airflow/.local/lib/python3.7/site-packages/airflow/example_dags/example_branch_labels.py took 0.079 seconds
[2023-09-07 18:03:07,943] {processor.py:163} INFO - Started process (PID=456) to work on /home/airflow/.local/lib/python3.7/site-packages/airflow/example_dags/example_branch_labels.py
[2023-09-07 18:03:07,945] {processor.py:642} INFO - Processing file /home/airflow/.local/lib/python3.7/site-packages/airflow/example_dags/example_branch_labels.py for tasks to queue
[2023-09-07 18:03:07,946] {logging_mixin.py:109} INFO - [2023-09-07 18:03:07,946] {dagbag.py:500} INFO - Filling up the DagBag from /home/airflow/.local/lib/python3.7/site-packages/airflow/example_dags/example_branch_labels.py
[2023-09-07 18:03:07,978] {processor.py:654} INFO - DAG(s) dict_keys(['example_branch_labels']) retrieved from /home/airflow/.local/lib/python3.7/site-packages/airflow/example_dags/example_branch_labels.py
[2023-09-07 18:03:07,989] {logging_mixin.py:109} INFO - [2023-09-07 18:03:07,989] {dag.py:2398} INFO - Sync 1 DAGs
[2023-09-07 18:03:08,006] {logging_mixin.py:109} INFO - [2023-09-07 18:03:08,006] {dag.py:2937} INFO - Setting next_dagrun for example_branch_labels to 2023-09-06 00:00:00+00:00
[2023-09-07 18:03:08,016] {processor.py:171} INFO - Processing /home/airflow/.local/lib/python3.7/site-packages/airflow/example_dags/example_branch_labels.py took 0.077 seconds
[2023-09-07 18:03:38,059] {processor.py:163} INFO - Started process (PID=514) to work on /home/airflow/.local/lib/python3.7/site-packages/airflow/example_dags/example_branch_labels.py
[2023-09-07 18:03:38,062] {processor.py:642} INFO - Processing file /home/airflow/.local/lib/python3.7/site-packages/airflow/example_dags/example_branch_labels.py for tasks to queue
[2023-09-07 18:03:38,063] {logging_mixin.py:109} INFO - [2023-09-07 18:03:38,063] {dagbag.py:500} INFO - Filling up the DagBag from /home/airflow/.local/lib/python3.7/site-packages/airflow/example_dags/example_branch_labels.py
[2023-09-07 18:03:38,107] {processor.py:654} INFO - DAG(s) dict_keys(['example_branch_labels']) retrieved from /home/airflow/.local/lib/python3.7/site-packages/airflow/example_dags/example_branch_labels.py
[2023-09-07 18:03:38,120] {logging_mixin.py:109} INFO - [2023-09-07 18:03:38,120] {dag.py:2398} INFO - Sync 1 DAGs
[2023-09-07 18:03:38,139] {logging_mixin.py:109} INFO - [2023-09-07 18:03:38,139] {dag.py:2937} INFO - Setting next_dagrun for example_branch_labels to 2023-09-06 00:00:00+00:00
[2023-09-07 18:03:38,149] {processor.py:171} INFO - Processing /home/airflow/.local/lib/python3.7/site-packages/airflow/example_dags/example_branch_labels.py took 0.097 seconds
[2023-09-07 18:04:08,337] {processor.py:163} INFO - Started process (PID=563) to work on /home/airflow/.local/lib/python3.7/site-packages/airflow/example_dags/example_branch_labels.py
[2023-09-07 18:04:08,339] {processor.py:642} INFO - Processing file /home/airflow/.local/lib/python3.7/site-packages/airflow/example_dags/example_branch_labels.py for tasks to queue
[2023-09-07 18:04:08,341] {logging_mixin.py:109} INFO - [2023-09-07 18:04:08,341] {dagbag.py:500} INFO - Filling up the DagBag from /home/airflow/.local/lib/python3.7/site-packages/airflow/example_dags/example_branch_labels.py
[2023-09-07 18:04:08,376] {processor.py:654} INFO - DAG(s) dict_keys(['example_branch_labels']) retrieved from /home/airflow/.local/lib/python3.7/site-packages/airflow/example_dags/example_branch_labels.py
[2023-09-07 18:04:08,387] {logging_mixin.py:109} INFO - [2023-09-07 18:04:08,387] {dag.py:2398} INFO - Sync 1 DAGs
[2023-09-07 18:04:08,405] {logging_mixin.py:109} INFO - [2023-09-07 18:04:08,404] {dag.py:2937} INFO - Setting next_dagrun for example_branch_labels to 2023-09-06 00:00:00+00:00
[2023-09-07 18:04:08,413] {processor.py:171} INFO - Processing /home/airflow/.local/lib/python3.7/site-packages/airflow/example_dags/example_branch_labels.py took 0.080 seconds
[2023-09-07 18:04:38,524] {processor.py:163} INFO - Started process (PID=613) to work on /home/airflow/.local/lib/python3.7/site-packages/airflow/example_dags/example_branch_labels.py
[2023-09-07 18:04:38,526] {processor.py:642} INFO - Processing file /home/airflow/.local/lib/python3.7/site-packages/airflow/example_dags/example_branch_labels.py for tasks to queue
[2023-09-07 18:04:38,528] {logging_mixin.py:109} INFO - [2023-09-07 18:04:38,528] {dagbag.py:500} INFO - Filling up the DagBag from /home/airflow/.local/lib/python3.7/site-packages/airflow/example_dags/example_branch_labels.py
[2023-09-07 18:04:38,583] {processor.py:654} INFO - DAG(s) dict_keys(['example_branch_labels']) retrieved from /home/airflow/.local/lib/python3.7/site-packages/airflow/example_dags/example_branch_labels.py
[2023-09-07 18:04:38,601] {logging_mixin.py:109} INFO - [2023-09-07 18:04:38,601] {dag.py:2398} INFO - Sync 1 DAGs
[2023-09-07 18:04:38,637] {logging_mixin.py:109} INFO - [2023-09-07 18:04:38,637] {dag.py:2937} INFO - Setting next_dagrun for example_branch_labels to 2023-09-06 00:00:00+00:00
[2023-09-07 18:04:38,653] {processor.py:171} INFO - Processing /home/airflow/.local/lib/python3.7/site-packages/airflow/example_dags/example_branch_labels.py took 0.134 seconds
