[2023-09-07 18:01:18,314] {processor.py:163} INFO - Started process (PID=221) to work on /home/airflow/.local/lib/python3.7/site-packages/airflow/example_dags/example_task_group.py
[2023-09-07 18:01:18,316] {processor.py:642} INFO - Processing file /home/airflow/.local/lib/python3.7/site-packages/airflow/example_dags/example_task_group.py for tasks to queue
[2023-09-07 18:01:18,317] {logging_mixin.py:109} INFO - [2023-09-07 18:01:18,317] {dagbag.py:500} INFO - Filling up the DagBag from /home/airflow/.local/lib/python3.7/site-packages/airflow/example_dags/example_task_group.py
[2023-09-07 18:01:18,359] {processor.py:654} INFO - DAG(s) dict_keys(['example_task_group']) retrieved from /home/airflow/.local/lib/python3.7/site-packages/airflow/example_dags/example_task_group.py
[2023-09-07 18:01:20,769] {logging_mixin.py:109} INFO - [2023-09-07 18:01:20,769] {manager.py:496} INFO - Created Permission View: can edit on DAG:example_task_group
[2023-09-07 18:01:20,788] {logging_mixin.py:109} INFO - [2023-09-07 18:01:20,788] {manager.py:496} INFO - Created Permission View: can read on DAG:example_task_group
[2023-09-07 18:01:20,790] {logging_mixin.py:109} INFO - [2023-09-07 18:01:20,789] {dag.py:2398} INFO - Sync 1 DAGs
[2023-09-07 18:01:20,804] {logging_mixin.py:109} INFO - [2023-09-07 18:01:20,804] {dag.py:2417} INFO - Creating ORM DAG for example_task_group
[2023-09-07 18:01:20,822] {logging_mixin.py:109} INFO - [2023-09-07 18:01:20,822] {dag.py:2937} INFO - Setting next_dagrun for example_task_group to 2023-09-06T18:01:20.822081+00:00
[2023-09-07 18:01:20,847] {processor.py:171} INFO - Processing /home/airflow/.local/lib/python3.7/site-packages/airflow/example_dags/example_task_group.py took 2.538 seconds
[2023-09-07 18:01:51,552] {processor.py:163} INFO - Started process (PID=318) to work on /home/airflow/.local/lib/python3.7/site-packages/airflow/example_dags/example_task_group.py
[2023-09-07 18:01:51,554] {processor.py:642} INFO - Processing file /home/airflow/.local/lib/python3.7/site-packages/airflow/example_dags/example_task_group.py for tasks to queue
[2023-09-07 18:01:51,556] {logging_mixin.py:109} INFO - [2023-09-07 18:01:51,556] {dagbag.py:500} INFO - Filling up the DagBag from /home/airflow/.local/lib/python3.7/site-packages/airflow/example_dags/example_task_group.py
[2023-09-07 18:01:51,595] {processor.py:654} INFO - DAG(s) dict_keys(['example_task_group']) retrieved from /home/airflow/.local/lib/python3.7/site-packages/airflow/example_dags/example_task_group.py
[2023-09-07 18:01:51,615] {logging_mixin.py:109} INFO - [2023-09-07 18:01:51,615] {dag.py:2398} INFO - Sync 1 DAGs
[2023-09-07 18:01:51,642] {logging_mixin.py:109} INFO - [2023-09-07 18:01:51,642] {dag.py:2937} INFO - Setting next_dagrun for example_task_group to 2023-09-06T18:01:51.642261+00:00
[2023-09-07 18:01:51,658] {processor.py:171} INFO - Processing /home/airflow/.local/lib/python3.7/site-packages/airflow/example_dags/example_task_group.py took 0.112 seconds
[2023-09-07 18:02:22,450] {processor.py:163} INFO - Started process (PID=377) to work on /home/airflow/.local/lib/python3.7/site-packages/airflow/example_dags/example_task_group.py
[2023-09-07 18:02:22,453] {processor.py:642} INFO - Processing file /home/airflow/.local/lib/python3.7/site-packages/airflow/example_dags/example_task_group.py for tasks to queue
[2023-09-07 18:02:22,454] {logging_mixin.py:109} INFO - [2023-09-07 18:02:22,454] {dagbag.py:500} INFO - Filling up the DagBag from /home/airflow/.local/lib/python3.7/site-packages/airflow/example_dags/example_task_group.py
[2023-09-07 18:02:22,511] {processor.py:654} INFO - DAG(s) dict_keys(['example_task_group']) retrieved from /home/airflow/.local/lib/python3.7/site-packages/airflow/example_dags/example_task_group.py
[2023-09-07 18:02:22,533] {logging_mixin.py:109} INFO - [2023-09-07 18:02:22,533] {dag.py:2398} INFO - Sync 1 DAGs
[2023-09-07 18:02:22,558] {logging_mixin.py:109} INFO - [2023-09-07 18:02:22,558] {dag.py:2937} INFO - Setting next_dagrun for example_task_group to 2023-09-06T18:02:22.558099+00:00
[2023-09-07 18:02:22,572] {processor.py:171} INFO - Processing /home/airflow/.local/lib/python3.7/site-packages/airflow/example_dags/example_task_group.py took 0.127 seconds
[2023-09-07 18:02:53,436] {processor.py:163} INFO - Started process (PID=427) to work on /home/airflow/.local/lib/python3.7/site-packages/airflow/example_dags/example_task_group.py
[2023-09-07 18:02:53,440] {processor.py:642} INFO - Processing file /home/airflow/.local/lib/python3.7/site-packages/airflow/example_dags/example_task_group.py for tasks to queue
[2023-09-07 18:02:53,442] {logging_mixin.py:109} INFO - [2023-09-07 18:02:53,442] {dagbag.py:500} INFO - Filling up the DagBag from /home/airflow/.local/lib/python3.7/site-packages/airflow/example_dags/example_task_group.py
[2023-09-07 18:02:53,506] {processor.py:654} INFO - DAG(s) dict_keys(['example_task_group']) retrieved from /home/airflow/.local/lib/python3.7/site-packages/airflow/example_dags/example_task_group.py
[2023-09-07 18:02:53,530] {logging_mixin.py:109} INFO - [2023-09-07 18:02:53,530] {dag.py:2398} INFO - Sync 1 DAGs
[2023-09-07 18:02:53,579] {logging_mixin.py:109} INFO - [2023-09-07 18:02:53,579] {dag.py:2937} INFO - Setting next_dagrun for example_task_group to 2023-09-06T18:02:53.578802+00:00
[2023-09-07 18:02:53,602] {processor.py:171} INFO - Processing /home/airflow/.local/lib/python3.7/site-packages/airflow/example_dags/example_task_group.py took 0.172 seconds
[2023-09-07 18:03:23,801] {processor.py:163} INFO - Started process (PID=477) to work on /home/airflow/.local/lib/python3.7/site-packages/airflow/example_dags/example_task_group.py
[2023-09-07 18:03:23,803] {processor.py:642} INFO - Processing file /home/airflow/.local/lib/python3.7/site-packages/airflow/example_dags/example_task_group.py for tasks to queue
[2023-09-07 18:03:23,804] {logging_mixin.py:109} INFO - [2023-09-07 18:03:23,804] {dagbag.py:500} INFO - Filling up the DagBag from /home/airflow/.local/lib/python3.7/site-packages/airflow/example_dags/example_task_group.py
[2023-09-07 18:03:23,843] {processor.py:654} INFO - DAG(s) dict_keys(['example_task_group']) retrieved from /home/airflow/.local/lib/python3.7/site-packages/airflow/example_dags/example_task_group.py
[2023-09-07 18:03:23,858] {logging_mixin.py:109} INFO - [2023-09-07 18:03:23,858] {dag.py:2398} INFO - Sync 1 DAGs
[2023-09-07 18:03:23,875] {logging_mixin.py:109} INFO - [2023-09-07 18:03:23,875] {dag.py:2937} INFO - Setting next_dagrun for example_task_group to 2023-09-06T18:03:23.875182+00:00
[2023-09-07 18:03:23,886] {processor.py:171} INFO - Processing /home/airflow/.local/lib/python3.7/site-packages/airflow/example_dags/example_task_group.py took 0.090 seconds
[2023-09-07 18:03:54,028] {processor.py:163} INFO - Started process (PID=536) to work on /home/airflow/.local/lib/python3.7/site-packages/airflow/example_dags/example_task_group.py
[2023-09-07 18:03:54,030] {processor.py:642} INFO - Processing file /home/airflow/.local/lib/python3.7/site-packages/airflow/example_dags/example_task_group.py for tasks to queue
[2023-09-07 18:03:54,031] {logging_mixin.py:109} INFO - [2023-09-07 18:03:54,031] {dagbag.py:500} INFO - Filling up the DagBag from /home/airflow/.local/lib/python3.7/site-packages/airflow/example_dags/example_task_group.py
[2023-09-07 18:03:54,064] {processor.py:654} INFO - DAG(s) dict_keys(['example_task_group']) retrieved from /home/airflow/.local/lib/python3.7/site-packages/airflow/example_dags/example_task_group.py
[2023-09-07 18:03:54,078] {logging_mixin.py:109} INFO - [2023-09-07 18:03:54,078] {dag.py:2398} INFO - Sync 1 DAGs
[2023-09-07 18:03:54,098] {logging_mixin.py:109} INFO - [2023-09-07 18:03:54,098] {dag.py:2937} INFO - Setting next_dagrun for example_task_group to 2023-09-06T18:03:54.098149+00:00
[2023-09-07 18:03:54,113] {processor.py:171} INFO - Processing /home/airflow/.local/lib/python3.7/site-packages/airflow/example_dags/example_task_group.py took 0.089 seconds
[2023-09-07 18:04:24,174] {processor.py:163} INFO - Started process (PID=585) to work on /home/airflow/.local/lib/python3.7/site-packages/airflow/example_dags/example_task_group.py
[2023-09-07 18:04:24,176] {processor.py:642} INFO - Processing file /home/airflow/.local/lib/python3.7/site-packages/airflow/example_dags/example_task_group.py for tasks to queue
[2023-09-07 18:04:24,178] {logging_mixin.py:109} INFO - [2023-09-07 18:04:24,178] {dagbag.py:500} INFO - Filling up the DagBag from /home/airflow/.local/lib/python3.7/site-packages/airflow/example_dags/example_task_group.py
[2023-09-07 18:04:24,209] {processor.py:654} INFO - DAG(s) dict_keys(['example_task_group']) retrieved from /home/airflow/.local/lib/python3.7/site-packages/airflow/example_dags/example_task_group.py
[2023-09-07 18:04:24,220] {logging_mixin.py:109} INFO - [2023-09-07 18:04:24,220] {dag.py:2398} INFO - Sync 1 DAGs
[2023-09-07 18:04:24,233] {logging_mixin.py:109} INFO - [2023-09-07 18:04:24,233] {dag.py:2937} INFO - Setting next_dagrun for example_task_group to 2023-09-06T18:04:24.233214+00:00
[2023-09-07 18:04:24,242] {processor.py:171} INFO - Processing /home/airflow/.local/lib/python3.7/site-packages/airflow/example_dags/example_task_group.py took 0.073 seconds
