[2023-09-07 18:01:16,075] {processor.py:163} INFO - Started process (PID=207) to work on /home/airflow/.local/lib/python3.7/site-packages/airflow/example_dags/example_kubernetes_executor.py
[2023-09-07 18:01:16,077] {processor.py:642} INFO - Processing file /home/airflow/.local/lib/python3.7/site-packages/airflow/example_dags/example_kubernetes_executor.py for tasks to queue
[2023-09-07 18:01:16,078] {logging_mixin.py:109} INFO - [2023-09-07 18:01:16,078] {dagbag.py:500} INFO - Filling up the DagBag from /home/airflow/.local/lib/python3.7/site-packages/airflow/example_dags/example_kubernetes_executor.py
[2023-09-07 18:01:16,122] {processor.py:654} INFO - DAG(s) dict_keys(['example_kubernetes_executor']) retrieved from /home/airflow/.local/lib/python3.7/site-packages/airflow/example_dags/example_kubernetes_executor.py
[2023-09-07 18:01:18,199] {logging_mixin.py:109} INFO - [2023-09-07 18:01:18,198] {manager.py:496} INFO - Created Permission View: can edit on DAG:example_kubernetes_executor
[2023-09-07 18:01:18,209] {logging_mixin.py:109} INFO - [2023-09-07 18:01:18,209] {manager.py:496} INFO - Created Permission View: can read on DAG:example_kubernetes_executor
[2023-09-07 18:01:18,210] {logging_mixin.py:109} INFO - [2023-09-07 18:01:18,210] {dag.py:2398} INFO - Sync 1 DAGs
[2023-09-07 18:01:18,219] {logging_mixin.py:109} INFO - [2023-09-07 18:01:18,218] {dag.py:2417} INFO - Creating ORM DAG for example_kubernetes_executor
[2023-09-07 18:01:18,229] {logging_mixin.py:109} INFO - [2023-09-07 18:01:18,228] {dag.py:2937} INFO - Setting next_dagrun for example_kubernetes_executor to None
[2023-09-07 18:01:18,245] {processor.py:171} INFO - Processing /home/airflow/.local/lib/python3.7/site-packages/airflow/example_dags/example_kubernetes_executor.py took 2.196 seconds
[2023-09-07 18:01:48,515] {processor.py:163} INFO - Started process (PID=316) to work on /home/airflow/.local/lib/python3.7/site-packages/airflow/example_dags/example_kubernetes_executor.py
[2023-09-07 18:01:48,518] {processor.py:642} INFO - Processing file /home/airflow/.local/lib/python3.7/site-packages/airflow/example_dags/example_kubernetes_executor.py for tasks to queue
[2023-09-07 18:01:48,520] {logging_mixin.py:109} INFO - [2023-09-07 18:01:48,520] {dagbag.py:500} INFO - Filling up the DagBag from /home/airflow/.local/lib/python3.7/site-packages/airflow/example_dags/example_kubernetes_executor.py
[2023-09-07 18:01:48,578] {processor.py:654} INFO - DAG(s) dict_keys(['example_kubernetes_executor']) retrieved from /home/airflow/.local/lib/python3.7/site-packages/airflow/example_dags/example_kubernetes_executor.py
[2023-09-07 18:01:48,602] {logging_mixin.py:109} INFO - [2023-09-07 18:01:48,602] {dag.py:2398} INFO - Sync 1 DAGs
[2023-09-07 18:01:48,638] {logging_mixin.py:109} INFO - [2023-09-07 18:01:48,638] {dag.py:2937} INFO - Setting next_dagrun for example_kubernetes_executor to None
[2023-09-07 18:01:48,648] {processor.py:171} INFO - Processing /home/airflow/.local/lib/python3.7/site-packages/airflow/example_dags/example_kubernetes_executor.py took 0.141 seconds
[2023-09-07 18:02:19,308] {processor.py:163} INFO - Started process (PID=366) to work on /home/airflow/.local/lib/python3.7/site-packages/airflow/example_dags/example_kubernetes_executor.py
[2023-09-07 18:02:19,310] {processor.py:642} INFO - Processing file /home/airflow/.local/lib/python3.7/site-packages/airflow/example_dags/example_kubernetes_executor.py for tasks to queue
[2023-09-07 18:02:19,311] {logging_mixin.py:109} INFO - [2023-09-07 18:02:19,311] {dagbag.py:500} INFO - Filling up the DagBag from /home/airflow/.local/lib/python3.7/site-packages/airflow/example_dags/example_kubernetes_executor.py
[2023-09-07 18:02:19,352] {processor.py:654} INFO - DAG(s) dict_keys(['example_kubernetes_executor']) retrieved from /home/airflow/.local/lib/python3.7/site-packages/airflow/example_dags/example_kubernetes_executor.py
[2023-09-07 18:02:19,366] {logging_mixin.py:109} INFO - [2023-09-07 18:02:19,366] {dag.py:2398} INFO - Sync 1 DAGs
[2023-09-07 18:02:19,382] {logging_mixin.py:109} INFO - [2023-09-07 18:02:19,382] {dag.py:2937} INFO - Setting next_dagrun for example_kubernetes_executor to None
[2023-09-07 18:02:19,392] {processor.py:171} INFO - Processing /home/airflow/.local/lib/python3.7/site-packages/airflow/example_dags/example_kubernetes_executor.py took 0.089 seconds
[2023-09-07 18:02:50,291] {processor.py:163} INFO - Started process (PID=425) to work on /home/airflow/.local/lib/python3.7/site-packages/airflow/example_dags/example_kubernetes_executor.py
[2023-09-07 18:02:50,294] {processor.py:642} INFO - Processing file /home/airflow/.local/lib/python3.7/site-packages/airflow/example_dags/example_kubernetes_executor.py for tasks to queue
[2023-09-07 18:02:50,296] {logging_mixin.py:109} INFO - [2023-09-07 18:02:50,296] {dagbag.py:500} INFO - Filling up the DagBag from /home/airflow/.local/lib/python3.7/site-packages/airflow/example_dags/example_kubernetes_executor.py
[2023-09-07 18:02:50,335] {processor.py:654} INFO - DAG(s) dict_keys(['example_kubernetes_executor']) retrieved from /home/airflow/.local/lib/python3.7/site-packages/airflow/example_dags/example_kubernetes_executor.py
[2023-09-07 18:02:50,349] {logging_mixin.py:109} INFO - [2023-09-07 18:02:50,349] {dag.py:2398} INFO - Sync 1 DAGs
[2023-09-07 18:02:50,365] {logging_mixin.py:109} INFO - [2023-09-07 18:02:50,365] {dag.py:2937} INFO - Setting next_dagrun for example_kubernetes_executor to None
[2023-09-07 18:02:50,375] {processor.py:171} INFO - Processing /home/airflow/.local/lib/python3.7/site-packages/airflow/example_dags/example_kubernetes_executor.py took 0.091 seconds
[2023-09-07 18:03:20,452] {processor.py:163} INFO - Started process (PID=474) to work on /home/airflow/.local/lib/python3.7/site-packages/airflow/example_dags/example_kubernetes_executor.py
[2023-09-07 18:03:20,454] {processor.py:642} INFO - Processing file /home/airflow/.local/lib/python3.7/site-packages/airflow/example_dags/example_kubernetes_executor.py for tasks to queue
[2023-09-07 18:03:20,455] {logging_mixin.py:109} INFO - [2023-09-07 18:03:20,455] {dagbag.py:500} INFO - Filling up the DagBag from /home/airflow/.local/lib/python3.7/site-packages/airflow/example_dags/example_kubernetes_executor.py
[2023-09-07 18:03:20,487] {processor.py:654} INFO - DAG(s) dict_keys(['example_kubernetes_executor']) retrieved from /home/airflow/.local/lib/python3.7/site-packages/airflow/example_dags/example_kubernetes_executor.py
[2023-09-07 18:03:20,503] {logging_mixin.py:109} INFO - [2023-09-07 18:03:20,503] {dag.py:2398} INFO - Sync 1 DAGs
[2023-09-07 18:03:20,523] {logging_mixin.py:109} INFO - [2023-09-07 18:03:20,523] {dag.py:2937} INFO - Setting next_dagrun for example_kubernetes_executor to None
[2023-09-07 18:03:20,534] {processor.py:171} INFO - Processing /home/airflow/.local/lib/python3.7/site-packages/airflow/example_dags/example_kubernetes_executor.py took 0.085 seconds
[2023-09-07 18:03:50,872] {processor.py:163} INFO - Started process (PID=533) to work on /home/airflow/.local/lib/python3.7/site-packages/airflow/example_dags/example_kubernetes_executor.py
[2023-09-07 18:03:50,874] {processor.py:642} INFO - Processing file /home/airflow/.local/lib/python3.7/site-packages/airflow/example_dags/example_kubernetes_executor.py for tasks to queue
[2023-09-07 18:03:50,875] {logging_mixin.py:109} INFO - [2023-09-07 18:03:50,875] {dagbag.py:500} INFO - Filling up the DagBag from /home/airflow/.local/lib/python3.7/site-packages/airflow/example_dags/example_kubernetes_executor.py
[2023-09-07 18:03:50,915] {processor.py:654} INFO - DAG(s) dict_keys(['example_kubernetes_executor']) retrieved from /home/airflow/.local/lib/python3.7/site-packages/airflow/example_dags/example_kubernetes_executor.py
[2023-09-07 18:03:50,939] {logging_mixin.py:109} INFO - [2023-09-07 18:03:50,939] {dag.py:2398} INFO - Sync 1 DAGs
[2023-09-07 18:03:50,965] {logging_mixin.py:109} INFO - [2023-09-07 18:03:50,965] {dag.py:2937} INFO - Setting next_dagrun for example_kubernetes_executor to None
[2023-09-07 18:03:50,982] {processor.py:171} INFO - Processing /home/airflow/.local/lib/python3.7/site-packages/airflow/example_dags/example_kubernetes_executor.py took 0.114 seconds
