[2023-09-07 18:01:20,926] {processor.py:163} INFO - Started process (PID=235) to work on /home/airflow/.local/lib/python3.7/site-packages/airflow/example_dags/example_branch_python_dop_operator_3.py
[2023-09-07 18:01:20,930] {processor.py:642} INFO - Processing file /home/airflow/.local/lib/python3.7/site-packages/airflow/example_dags/example_branch_python_dop_operator_3.py for tasks to queue
[2023-09-07 18:01:20,932] {logging_mixin.py:109} INFO - [2023-09-07 18:01:20,932] {dagbag.py:500} INFO - Filling up the DagBag from /home/airflow/.local/lib/python3.7/site-packages/airflow/example_dags/example_branch_python_dop_operator_3.py
[2023-09-07 18:01:21,002] {processor.py:654} INFO - DAG(s) dict_keys(['example_branch_dop_operator_v3']) retrieved from /home/airflow/.local/lib/python3.7/site-packages/airflow/example_dags/example_branch_python_dop_operator_3.py
[2023-09-07 18:01:23,061] {logging_mixin.py:109} INFO - [2023-09-07 18:01:23,061] {manager.py:496} INFO - Created Permission View: can edit on DAG:example_branch_dop_operator_v3
[2023-09-07 18:01:23,074] {logging_mixin.py:109} INFO - [2023-09-07 18:01:23,073] {manager.py:496} INFO - Created Permission View: can read on DAG:example_branch_dop_operator_v3
[2023-09-07 18:01:23,075] {logging_mixin.py:109} INFO - [2023-09-07 18:01:23,075] {dag.py:2398} INFO - Sync 1 DAGs
[2023-09-07 18:01:23,084] {logging_mixin.py:109} INFO - [2023-09-07 18:01:23,084] {dag.py:2417} INFO - Creating ORM DAG for example_branch_dop_operator_v3
[2023-09-07 18:01:23,102] {logging_mixin.py:109} INFO - [2023-09-07 18:01:23,102] {dag.py:2937} INFO - Setting next_dagrun for example_branch_dop_operator_v3 to 2023-09-07T18:00:00+00:00
[2023-09-07 18:01:23,119] {processor.py:171} INFO - Processing /home/airflow/.local/lib/python3.7/site-packages/airflow/example_dags/example_branch_python_dop_operator_3.py took 2.201 seconds
[2023-09-07 18:01:53,683] {processor.py:163} INFO - Started process (PID=320) to work on /home/airflow/.local/lib/python3.7/site-packages/airflow/example_dags/example_branch_python_dop_operator_3.py
[2023-09-07 18:01:53,686] {processor.py:642} INFO - Processing file /home/airflow/.local/lib/python3.7/site-packages/airflow/example_dags/example_branch_python_dop_operator_3.py for tasks to queue
[2023-09-07 18:01:53,687] {logging_mixin.py:109} INFO - [2023-09-07 18:01:53,687] {dagbag.py:500} INFO - Filling up the DagBag from /home/airflow/.local/lib/python3.7/site-packages/airflow/example_dags/example_branch_python_dop_operator_3.py
[2023-09-07 18:01:53,726] {processor.py:654} INFO - DAG(s) dict_keys(['example_branch_dop_operator_v3']) retrieved from /home/airflow/.local/lib/python3.7/site-packages/airflow/example_dags/example_branch_python_dop_operator_3.py
[2023-09-07 18:01:53,741] {logging_mixin.py:109} INFO - [2023-09-07 18:01:53,741] {dag.py:2398} INFO - Sync 1 DAGs
[2023-09-07 18:01:53,768] {logging_mixin.py:109} INFO - [2023-09-07 18:01:53,768] {dag.py:2937} INFO - Setting next_dagrun for example_branch_dop_operator_v3 to 2023-09-07T18:00:00+00:00
[2023-09-07 18:01:53,786] {processor.py:171} INFO - Processing /home/airflow/.local/lib/python3.7/site-packages/airflow/example_dags/example_branch_python_dop_operator_3.py took 0.109 seconds
[2023-09-07 18:02:24,615] {processor.py:163} INFO - Started process (PID=379) to work on /home/airflow/.local/lib/python3.7/site-packages/airflow/example_dags/example_branch_python_dop_operator_3.py
[2023-09-07 18:02:24,617] {processor.py:642} INFO - Processing file /home/airflow/.local/lib/python3.7/site-packages/airflow/example_dags/example_branch_python_dop_operator_3.py for tasks to queue
[2023-09-07 18:02:24,618] {logging_mixin.py:109} INFO - [2023-09-07 18:02:24,618] {dagbag.py:500} INFO - Filling up the DagBag from /home/airflow/.local/lib/python3.7/site-packages/airflow/example_dags/example_branch_python_dop_operator_3.py
[2023-09-07 18:02:24,656] {processor.py:654} INFO - DAG(s) dict_keys(['example_branch_dop_operator_v3']) retrieved from /home/airflow/.local/lib/python3.7/site-packages/airflow/example_dags/example_branch_python_dop_operator_3.py
[2023-09-07 18:02:24,668] {logging_mixin.py:109} INFO - [2023-09-07 18:02:24,668] {dag.py:2398} INFO - Sync 1 DAGs
[2023-09-07 18:02:24,691] {logging_mixin.py:109} INFO - [2023-09-07 18:02:24,691] {dag.py:2937} INFO - Setting next_dagrun for example_branch_dop_operator_v3 to 2023-09-07T18:01:00+00:00
[2023-09-07 18:02:24,701] {processor.py:171} INFO - Processing /home/airflow/.local/lib/python3.7/site-packages/airflow/example_dags/example_branch_python_dop_operator_3.py took 0.091 seconds
[2023-09-07 18:02:55,582] {processor.py:163} INFO - Started process (PID=429) to work on /home/airflow/.local/lib/python3.7/site-packages/airflow/example_dags/example_branch_python_dop_operator_3.py
[2023-09-07 18:02:55,584] {processor.py:642} INFO - Processing file /home/airflow/.local/lib/python3.7/site-packages/airflow/example_dags/example_branch_python_dop_operator_3.py for tasks to queue
[2023-09-07 18:02:55,585] {logging_mixin.py:109} INFO - [2023-09-07 18:02:55,585] {dagbag.py:500} INFO - Filling up the DagBag from /home/airflow/.local/lib/python3.7/site-packages/airflow/example_dags/example_branch_python_dop_operator_3.py
[2023-09-07 18:02:55,635] {processor.py:654} INFO - DAG(s) dict_keys(['example_branch_dop_operator_v3']) retrieved from /home/airflow/.local/lib/python3.7/site-packages/airflow/example_dags/example_branch_python_dop_operator_3.py
[2023-09-07 18:02:55,648] {logging_mixin.py:109} INFO - [2023-09-07 18:02:55,648] {dag.py:2398} INFO - Sync 1 DAGs
[2023-09-07 18:02:55,675] {logging_mixin.py:109} INFO - [2023-09-07 18:02:55,675] {dag.py:2937} INFO - Setting next_dagrun for example_branch_dop_operator_v3 to 2023-09-07T18:01:00+00:00
[2023-09-07 18:02:55,688] {processor.py:171} INFO - Processing /home/airflow/.local/lib/python3.7/site-packages/airflow/example_dags/example_branch_python_dop_operator_3.py took 0.110 seconds
[2023-09-07 18:03:25,935] {processor.py:163} INFO - Started process (PID=488) to work on /home/airflow/.local/lib/python3.7/site-packages/airflow/example_dags/example_branch_python_dop_operator_3.py
[2023-09-07 18:03:25,937] {processor.py:642} INFO - Processing file /home/airflow/.local/lib/python3.7/site-packages/airflow/example_dags/example_branch_python_dop_operator_3.py for tasks to queue
[2023-09-07 18:03:25,938] {logging_mixin.py:109} INFO - [2023-09-07 18:03:25,938] {dagbag.py:500} INFO - Filling up the DagBag from /home/airflow/.local/lib/python3.7/site-packages/airflow/example_dags/example_branch_python_dop_operator_3.py
[2023-09-07 18:03:25,976] {processor.py:654} INFO - DAG(s) dict_keys(['example_branch_dop_operator_v3']) retrieved from /home/airflow/.local/lib/python3.7/site-packages/airflow/example_dags/example_branch_python_dop_operator_3.py
[2023-09-07 18:03:25,987] {logging_mixin.py:109} INFO - [2023-09-07 18:03:25,986] {dag.py:2398} INFO - Sync 1 DAGs
[2023-09-07 18:03:26,011] {logging_mixin.py:109} INFO - [2023-09-07 18:03:26,011] {dag.py:2937} INFO - Setting next_dagrun for example_branch_dop_operator_v3 to 2023-09-07T18:02:00+00:00
[2023-09-07 18:03:26,023] {processor.py:171} INFO - Processing /home/airflow/.local/lib/python3.7/site-packages/airflow/example_dags/example_branch_python_dop_operator_3.py took 0.093 seconds
[2023-09-07 18:03:56,057] {processor.py:163} INFO - Started process (PID=538) to work on /home/airflow/.local/lib/python3.7/site-packages/airflow/example_dags/example_branch_python_dop_operator_3.py
[2023-09-07 18:03:56,059] {processor.py:642} INFO - Processing file /home/airflow/.local/lib/python3.7/site-packages/airflow/example_dags/example_branch_python_dop_operator_3.py for tasks to queue
[2023-09-07 18:03:56,060] {logging_mixin.py:109} INFO - [2023-09-07 18:03:56,060] {dagbag.py:500} INFO - Filling up the DagBag from /home/airflow/.local/lib/python3.7/site-packages/airflow/example_dags/example_branch_python_dop_operator_3.py
[2023-09-07 18:03:56,097] {processor.py:654} INFO - DAG(s) dict_keys(['example_branch_dop_operator_v3']) retrieved from /home/airflow/.local/lib/python3.7/site-packages/airflow/example_dags/example_branch_python_dop_operator_3.py
[2023-09-07 18:03:56,107] {logging_mixin.py:109} INFO - [2023-09-07 18:03:56,107] {dag.py:2398} INFO - Sync 1 DAGs
[2023-09-07 18:03:56,135] {logging_mixin.py:109} INFO - [2023-09-07 18:03:56,134] {dag.py:2937} INFO - Setting next_dagrun for example_branch_dop_operator_v3 to 2023-09-07T18:02:00+00:00
[2023-09-07 18:03:56,147] {processor.py:171} INFO - Processing /home/airflow/.local/lib/python3.7/site-packages/airflow/example_dags/example_branch_python_dop_operator_3.py took 0.095 seconds
[2023-09-07 18:04:26,281] {processor.py:163} INFO - Started process (PID=587) to work on /home/airflow/.local/lib/python3.7/site-packages/airflow/example_dags/example_branch_python_dop_operator_3.py
[2023-09-07 18:04:26,283] {processor.py:642} INFO - Processing file /home/airflow/.local/lib/python3.7/site-packages/airflow/example_dags/example_branch_python_dop_operator_3.py for tasks to queue
[2023-09-07 18:04:26,285] {logging_mixin.py:109} INFO - [2023-09-07 18:04:26,284] {dagbag.py:500} INFO - Filling up the DagBag from /home/airflow/.local/lib/python3.7/site-packages/airflow/example_dags/example_branch_python_dop_operator_3.py
[2023-09-07 18:04:26,321] {processor.py:654} INFO - DAG(s) dict_keys(['example_branch_dop_operator_v3']) retrieved from /home/airflow/.local/lib/python3.7/site-packages/airflow/example_dags/example_branch_python_dop_operator_3.py
[2023-09-07 18:04:26,333] {logging_mixin.py:109} INFO - [2023-09-07 18:04:26,332] {dag.py:2398} INFO - Sync 1 DAGs
[2023-09-07 18:04:26,358] {logging_mixin.py:109} INFO - [2023-09-07 18:04:26,358] {dag.py:2937} INFO - Setting next_dagrun for example_branch_dop_operator_v3 to 2023-09-07T18:03:00+00:00
[2023-09-07 18:04:26,370] {processor.py:171} INFO - Processing /home/airflow/.local/lib/python3.7/site-packages/airflow/example_dags/example_branch_python_dop_operator_3.py took 0.094 seconds
