[2023-09-07 18:01:01,386] {processor.py:163} INFO - Started process (PID=114) to work on /home/airflow/.local/lib/python3.7/site-packages/airflow/example_dags/example_bash_operator.py
[2023-09-07 18:01:01,390] {processor.py:642} INFO - Processing file /home/airflow/.local/lib/python3.7/site-packages/airflow/example_dags/example_bash_operator.py for tasks to queue
[2023-09-07 18:01:01,394] {logging_mixin.py:109} INFO - [2023-09-07 18:01:01,394] {dagbag.py:500} INFO - Filling up the DagBag from /home/airflow/.local/lib/python3.7/site-packages/airflow/example_dags/example_bash_operator.py
[2023-09-07 18:01:01,478] {processor.py:654} INFO - DAG(s) dict_keys(['example_bash_operator']) retrieved from /home/airflow/.local/lib/python3.7/site-packages/airflow/example_dags/example_bash_operator.py
[2023-09-07 18:01:04,107] {logging_mixin.py:109} INFO - [2023-09-07 18:01:04,106] {manager.py:496} INFO - Created Permission View: can edit on DAG:example_bash_operator
[2023-09-07 18:01:04,121] {logging_mixin.py:109} INFO - [2023-09-07 18:01:04,121] {manager.py:496} INFO - Created Permission View: can read on DAG:example_bash_operator
[2023-09-07 18:01:04,123] {logging_mixin.py:109} INFO - [2023-09-07 18:01:04,123] {dag.py:2398} INFO - Sync 1 DAGs
[2023-09-07 18:01:04,137] {logging_mixin.py:109} INFO - [2023-09-07 18:01:04,137] {dag.py:2417} INFO - Creating ORM DAG for example_bash_operator
[2023-09-07 18:01:04,153] {logging_mixin.py:109} INFO - [2023-09-07 18:01:04,153] {dag.py:2937} INFO - Setting next_dagrun for example_bash_operator to 2023-09-06 00:00:00+00:00
[2023-09-07 18:01:04,171] {processor.py:171} INFO - Processing /home/airflow/.local/lib/python3.7/site-packages/airflow/example_dags/example_bash_operator.py took 2.796 seconds
[2023-09-07 18:01:34,908] {processor.py:163} INFO - Started process (PID=294) to work on /home/airflow/.local/lib/python3.7/site-packages/airflow/example_dags/example_bash_operator.py
[2023-09-07 18:01:34,911] {processor.py:642} INFO - Processing file /home/airflow/.local/lib/python3.7/site-packages/airflow/example_dags/example_bash_operator.py for tasks to queue
[2023-09-07 18:01:34,917] {logging_mixin.py:109} INFO - [2023-09-07 18:01:34,917] {dagbag.py:500} INFO - Filling up the DagBag from /home/airflow/.local/lib/python3.7/site-packages/airflow/example_dags/example_bash_operator.py
[2023-09-07 18:01:34,992] {processor.py:654} INFO - DAG(s) dict_keys(['example_bash_operator']) retrieved from /home/airflow/.local/lib/python3.7/site-packages/airflow/example_dags/example_bash_operator.py
[2023-09-07 18:01:35,026] {logging_mixin.py:109} INFO - [2023-09-07 18:01:35,026] {dag.py:2398} INFO - Sync 1 DAGs
[2023-09-07 18:01:35,077] {logging_mixin.py:109} INFO - [2023-09-07 18:01:35,077] {dag.py:2937} INFO - Setting next_dagrun for example_bash_operator to 2023-09-06 00:00:00+00:00
[2023-09-07 18:01:35,126] {processor.py:171} INFO - Processing /home/airflow/.local/lib/python3.7/site-packages/airflow/example_dags/example_bash_operator.py took 0.224 seconds
[2023-09-07 18:02:05,354] {processor.py:163} INFO - Started process (PID=344) to work on /home/airflow/.local/lib/python3.7/site-packages/airflow/example_dags/example_bash_operator.py
[2023-09-07 18:02:05,356] {processor.py:642} INFO - Processing file /home/airflow/.local/lib/python3.7/site-packages/airflow/example_dags/example_bash_operator.py for tasks to queue
[2023-09-07 18:02:05,358] {logging_mixin.py:109} INFO - [2023-09-07 18:02:05,357] {dagbag.py:500} INFO - Filling up the DagBag from /home/airflow/.local/lib/python3.7/site-packages/airflow/example_dags/example_bash_operator.py
[2023-09-07 18:02:05,399] {processor.py:654} INFO - DAG(s) dict_keys(['example_bash_operator']) retrieved from /home/airflow/.local/lib/python3.7/site-packages/airflow/example_dags/example_bash_operator.py
[2023-09-07 18:02:05,425] {logging_mixin.py:109} INFO - [2023-09-07 18:02:05,425] {dag.py:2398} INFO - Sync 1 DAGs
[2023-09-07 18:02:05,445] {logging_mixin.py:109} INFO - [2023-09-07 18:02:05,445] {dag.py:2937} INFO - Setting next_dagrun for example_bash_operator to 2023-09-06 00:00:00+00:00
[2023-09-07 18:02:05,472] {processor.py:171} INFO - Processing /home/airflow/.local/lib/python3.7/site-packages/airflow/example_dags/example_bash_operator.py took 0.123 seconds
[2023-09-07 18:02:35,575] {processor.py:163} INFO - Started process (PID=403) to work on /home/airflow/.local/lib/python3.7/site-packages/airflow/example_dags/example_bash_operator.py
[2023-09-07 18:02:35,576] {processor.py:642} INFO - Processing file /home/airflow/.local/lib/python3.7/site-packages/airflow/example_dags/example_bash_operator.py for tasks to queue
[2023-09-07 18:02:35,578] {logging_mixin.py:109} INFO - [2023-09-07 18:02:35,578] {dagbag.py:500} INFO - Filling up the DagBag from /home/airflow/.local/lib/python3.7/site-packages/airflow/example_dags/example_bash_operator.py
[2023-09-07 18:02:35,616] {processor.py:654} INFO - DAG(s) dict_keys(['example_bash_operator']) retrieved from /home/airflow/.local/lib/python3.7/site-packages/airflow/example_dags/example_bash_operator.py
[2023-09-07 18:02:35,628] {logging_mixin.py:109} INFO - [2023-09-07 18:02:35,628] {dag.py:2398} INFO - Sync 1 DAGs
[2023-09-07 18:02:35,645] {logging_mixin.py:109} INFO - [2023-09-07 18:02:35,645] {dag.py:2937} INFO - Setting next_dagrun for example_bash_operator to 2023-09-06 00:00:00+00:00
[2023-09-07 18:02:35,656] {processor.py:171} INFO - Processing /home/airflow/.local/lib/python3.7/site-packages/airflow/example_dags/example_bash_operator.py took 0.086 seconds
[2023-09-07 18:03:06,647] {processor.py:163} INFO - Started process (PID=453) to work on /home/airflow/.local/lib/python3.7/site-packages/airflow/example_dags/example_bash_operator.py
[2023-09-07 18:03:06,649] {processor.py:642} INFO - Processing file /home/airflow/.local/lib/python3.7/site-packages/airflow/example_dags/example_bash_operator.py for tasks to queue
[2023-09-07 18:03:06,651] {logging_mixin.py:109} INFO - [2023-09-07 18:03:06,651] {dagbag.py:500} INFO - Filling up the DagBag from /home/airflow/.local/lib/python3.7/site-packages/airflow/example_dags/example_bash_operator.py
[2023-09-07 18:03:06,687] {processor.py:654} INFO - DAG(s) dict_keys(['example_bash_operator']) retrieved from /home/airflow/.local/lib/python3.7/site-packages/airflow/example_dags/example_bash_operator.py
[2023-09-07 18:03:06,698] {logging_mixin.py:109} INFO - [2023-09-07 18:03:06,698] {dag.py:2398} INFO - Sync 1 DAGs
[2023-09-07 18:03:06,712] {logging_mixin.py:109} INFO - [2023-09-07 18:03:06,712] {dag.py:2937} INFO - Setting next_dagrun for example_bash_operator to 2023-09-06 00:00:00+00:00
[2023-09-07 18:03:06,720] {processor.py:171} INFO - Processing /home/airflow/.local/lib/python3.7/site-packages/airflow/example_dags/example_bash_operator.py took 0.077 seconds
[2023-09-07 18:03:37,038] {processor.py:163} INFO - Started process (PID=512) to work on /home/airflow/.local/lib/python3.7/site-packages/airflow/example_dags/example_bash_operator.py
[2023-09-07 18:03:37,039] {processor.py:642} INFO - Processing file /home/airflow/.local/lib/python3.7/site-packages/airflow/example_dags/example_bash_operator.py for tasks to queue
[2023-09-07 18:03:37,040] {logging_mixin.py:109} INFO - [2023-09-07 18:03:37,040] {dagbag.py:500} INFO - Filling up the DagBag from /home/airflow/.local/lib/python3.7/site-packages/airflow/example_dags/example_bash_operator.py
[2023-09-07 18:03:37,073] {processor.py:654} INFO - DAG(s) dict_keys(['example_bash_operator']) retrieved from /home/airflow/.local/lib/python3.7/site-packages/airflow/example_dags/example_bash_operator.py
[2023-09-07 18:03:37,082] {logging_mixin.py:109} INFO - [2023-09-07 18:03:37,082] {dag.py:2398} INFO - Sync 1 DAGs
[2023-09-07 18:03:37,097] {logging_mixin.py:109} INFO - [2023-09-07 18:03:37,096] {dag.py:2937} INFO - Setting next_dagrun for example_bash_operator to 2023-09-06 00:00:00+00:00
[2023-09-07 18:03:37,105] {processor.py:171} INFO - Processing /home/airflow/.local/lib/python3.7/site-packages/airflow/example_dags/example_bash_operator.py took 0.070 seconds
[2023-09-07 18:04:07,322] {processor.py:163} INFO - Started process (PID=561) to work on /home/airflow/.local/lib/python3.7/site-packages/airflow/example_dags/example_bash_operator.py
[2023-09-07 18:04:07,324] {processor.py:642} INFO - Processing file /home/airflow/.local/lib/python3.7/site-packages/airflow/example_dags/example_bash_operator.py for tasks to queue
[2023-09-07 18:04:07,325] {logging_mixin.py:109} INFO - [2023-09-07 18:04:07,325] {dagbag.py:500} INFO - Filling up the DagBag from /home/airflow/.local/lib/python3.7/site-packages/airflow/example_dags/example_bash_operator.py
[2023-09-07 18:04:07,364] {processor.py:654} INFO - DAG(s) dict_keys(['example_bash_operator']) retrieved from /home/airflow/.local/lib/python3.7/site-packages/airflow/example_dags/example_bash_operator.py
[2023-09-07 18:04:07,375] {logging_mixin.py:109} INFO - [2023-09-07 18:04:07,375] {dag.py:2398} INFO - Sync 1 DAGs
[2023-09-07 18:04:07,391] {logging_mixin.py:109} INFO - [2023-09-07 18:04:07,391] {dag.py:2937} INFO - Setting next_dagrun for example_bash_operator to 2023-09-06 00:00:00+00:00
[2023-09-07 18:04:07,399] {processor.py:171} INFO - Processing /home/airflow/.local/lib/python3.7/site-packages/airflow/example_dags/example_bash_operator.py took 0.082 seconds
[2023-09-07 18:04:37,463] {processor.py:163} INFO - Started process (PID=611) to work on /home/airflow/.local/lib/python3.7/site-packages/airflow/example_dags/example_bash_operator.py
[2023-09-07 18:04:37,465] {processor.py:642} INFO - Processing file /home/airflow/.local/lib/python3.7/site-packages/airflow/example_dags/example_bash_operator.py for tasks to queue
[2023-09-07 18:04:37,466] {logging_mixin.py:109} INFO - [2023-09-07 18:04:37,466] {dagbag.py:500} INFO - Filling up the DagBag from /home/airflow/.local/lib/python3.7/site-packages/airflow/example_dags/example_bash_operator.py
[2023-09-07 18:04:37,510] {processor.py:654} INFO - DAG(s) dict_keys(['example_bash_operator']) retrieved from /home/airflow/.local/lib/python3.7/site-packages/airflow/example_dags/example_bash_operator.py
[2023-09-07 18:04:37,521] {logging_mixin.py:109} INFO - [2023-09-07 18:04:37,521] {dag.py:2398} INFO - Sync 1 DAGs
[2023-09-07 18:04:37,538] {logging_mixin.py:109} INFO - [2023-09-07 18:04:37,538] {dag.py:2937} INFO - Setting next_dagrun for example_bash_operator to 2023-09-06 00:00:00+00:00
[2023-09-07 18:04:37,549] {processor.py:171} INFO - Processing /home/airflow/.local/lib/python3.7/site-packages/airflow/example_dags/example_bash_operator.py took 0.089 seconds
