[2023-09-07 18:01:13,706] {processor.py:163} INFO - Started process (PID=185) to work on /home/airflow/.local/lib/python3.7/site-packages/airflow/example_dags/example_trigger_target_dag.py
[2023-09-07 18:01:13,709] {processor.py:642} INFO - Processing file /home/airflow/.local/lib/python3.7/site-packages/airflow/example_dags/example_trigger_target_dag.py for tasks to queue
[2023-09-07 18:01:13,711] {logging_mixin.py:109} INFO - [2023-09-07 18:01:13,711] {dagbag.py:500} INFO - Filling up the DagBag from /home/airflow/.local/lib/python3.7/site-packages/airflow/example_dags/example_trigger_target_dag.py
[2023-09-07 18:01:13,767] {processor.py:654} INFO - DAG(s) dict_keys(['example_trigger_target_dag']) retrieved from /home/airflow/.local/lib/python3.7/site-packages/airflow/example_dags/example_trigger_target_dag.py
[2023-09-07 18:01:15,980] {logging_mixin.py:109} INFO - [2023-09-07 18:01:15,980] {manager.py:496} INFO - Created Permission View: can edit on DAG:example_trigger_target_dag
[2023-09-07 18:01:15,991] {logging_mixin.py:109} INFO - [2023-09-07 18:01:15,990] {manager.py:496} INFO - Created Permission View: can read on DAG:example_trigger_target_dag
[2023-09-07 18:01:15,992] {logging_mixin.py:109} INFO - [2023-09-07 18:01:15,991] {dag.py:2398} INFO - Sync 1 DAGs
[2023-09-07 18:01:16,001] {logging_mixin.py:109} INFO - [2023-09-07 18:01:16,000] {dag.py:2417} INFO - Creating ORM DAG for example_trigger_target_dag
[2023-09-07 18:01:16,009] {logging_mixin.py:109} INFO - [2023-09-07 18:01:16,009] {dag.py:2937} INFO - Setting next_dagrun for example_trigger_target_dag to None
[2023-09-07 18:01:16,021] {processor.py:171} INFO - Processing /home/airflow/.local/lib/python3.7/site-packages/airflow/example_dags/example_trigger_target_dag.py took 2.322 seconds
[2023-09-07 18:01:46,148] {processor.py:163} INFO - Started process (PID=314) to work on /home/airflow/.local/lib/python3.7/site-packages/airflow/example_dags/example_trigger_target_dag.py
[2023-09-07 18:01:46,150] {processor.py:642} INFO - Processing file /home/airflow/.local/lib/python3.7/site-packages/airflow/example_dags/example_trigger_target_dag.py for tasks to queue
[2023-09-07 18:01:46,151] {logging_mixin.py:109} INFO - [2023-09-07 18:01:46,151] {dagbag.py:500} INFO - Filling up the DagBag from /home/airflow/.local/lib/python3.7/site-packages/airflow/example_dags/example_trigger_target_dag.py
[2023-09-07 18:01:46,166] {processor.py:654} INFO - DAG(s) dict_keys(['example_trigger_target_dag']) retrieved from /home/airflow/.local/lib/python3.7/site-packages/airflow/example_dags/example_trigger_target_dag.py
[2023-09-07 18:01:46,177] {logging_mixin.py:109} INFO - [2023-09-07 18:01:46,176] {dag.py:2398} INFO - Sync 1 DAGs
[2023-09-07 18:01:46,192] {logging_mixin.py:109} INFO - [2023-09-07 18:01:46,192] {dag.py:2937} INFO - Setting next_dagrun for example_trigger_target_dag to None
[2023-09-07 18:01:46,201] {processor.py:171} INFO - Processing /home/airflow/.local/lib/python3.7/site-packages/airflow/example_dags/example_trigger_target_dag.py took 0.081 seconds
[2023-09-07 18:02:16,290] {processor.py:163} INFO - Started process (PID=364) to work on /home/airflow/.local/lib/python3.7/site-packages/airflow/example_dags/example_trigger_target_dag.py
[2023-09-07 18:02:16,292] {processor.py:642} INFO - Processing file /home/airflow/.local/lib/python3.7/site-packages/airflow/example_dags/example_trigger_target_dag.py for tasks to queue
[2023-09-07 18:02:16,293] {logging_mixin.py:109} INFO - [2023-09-07 18:02:16,293] {dagbag.py:500} INFO - Filling up the DagBag from /home/airflow/.local/lib/python3.7/site-packages/airflow/example_dags/example_trigger_target_dag.py
[2023-09-07 18:02:16,329] {processor.py:654} INFO - DAG(s) dict_keys(['example_trigger_target_dag']) retrieved from /home/airflow/.local/lib/python3.7/site-packages/airflow/example_dags/example_trigger_target_dag.py
[2023-09-07 18:02:16,339] {logging_mixin.py:109} INFO - [2023-09-07 18:02:16,339] {dag.py:2398} INFO - Sync 1 DAGs
[2023-09-07 18:02:16,355] {logging_mixin.py:109} INFO - [2023-09-07 18:02:16,355] {dag.py:2937} INFO - Setting next_dagrun for example_trigger_target_dag to None
[2023-09-07 18:02:16,364] {processor.py:171} INFO - Processing /home/airflow/.local/lib/python3.7/site-packages/airflow/example_dags/example_trigger_target_dag.py took 0.078 seconds
[2023-09-07 18:02:47,175] {processor.py:163} INFO - Started process (PID=423) to work on /home/airflow/.local/lib/python3.7/site-packages/airflow/example_dags/example_trigger_target_dag.py
[2023-09-07 18:02:47,178] {processor.py:642} INFO - Processing file /home/airflow/.local/lib/python3.7/site-packages/airflow/example_dags/example_trigger_target_dag.py for tasks to queue
[2023-09-07 18:02:47,179] {logging_mixin.py:109} INFO - [2023-09-07 18:02:47,179] {dagbag.py:500} INFO - Filling up the DagBag from /home/airflow/.local/lib/python3.7/site-packages/airflow/example_dags/example_trigger_target_dag.py
[2023-09-07 18:02:47,215] {processor.py:654} INFO - DAG(s) dict_keys(['example_trigger_target_dag']) retrieved from /home/airflow/.local/lib/python3.7/site-packages/airflow/example_dags/example_trigger_target_dag.py
[2023-09-07 18:02:47,224] {logging_mixin.py:109} INFO - [2023-09-07 18:02:47,224] {dag.py:2398} INFO - Sync 1 DAGs
[2023-09-07 18:02:47,237] {logging_mixin.py:109} INFO - [2023-09-07 18:02:47,237] {dag.py:2937} INFO - Setting next_dagrun for example_trigger_target_dag to None
[2023-09-07 18:02:47,246] {processor.py:171} INFO - Processing /home/airflow/.local/lib/python3.7/site-packages/airflow/example_dags/example_trigger_target_dag.py took 0.074 seconds
