[2023-09-07 18:00:39,304] {processor.py:163} INFO - Started process (PID=39) to work on /home/airflow/.local/lib/python3.7/site-packages/airflow/example_dags/example_trigger_controller_dag.py
[2023-09-07 18:00:39,314] {processor.py:642} INFO - Processing file /home/airflow/.local/lib/python3.7/site-packages/airflow/example_dags/example_trigger_controller_dag.py for tasks to queue
[2023-09-07 18:00:39,317] {logging_mixin.py:109} INFO - [2023-09-07 18:00:39,317] {dagbag.py:500} INFO - Filling up the DagBag from /home/airflow/.local/lib/python3.7/site-packages/airflow/example_dags/example_trigger_controller_dag.py
[2023-09-07 18:00:39,506] {processor.py:654} INFO - DAG(s) dict_keys(['example_trigger_controller_dag']) retrieved from /home/airflow/.local/lib/python3.7/site-packages/airflow/example_dags/example_trigger_controller_dag.py
[2023-09-07 18:00:47,322] {logging_mixin.py:109} INFO - [2023-09-07 18:00:47,322] {manager.py:496} INFO - Created Permission View: can edit on DAG:example_trigger_controller_dag
[2023-09-07 18:00:47,347] {logging_mixin.py:109} INFO - [2023-09-07 18:00:47,347] {manager.py:496} INFO - Created Permission View: can read on DAG:example_trigger_controller_dag
[2023-09-07 18:00:47,349] {logging_mixin.py:109} INFO - [2023-09-07 18:00:47,349] {dag.py:2398} INFO - Sync 1 DAGs
[2023-09-07 18:00:47,374] {logging_mixin.py:109} INFO - [2023-09-07 18:00:47,374] {dag.py:2417} INFO - Creating ORM DAG for example_trigger_controller_dag
[2023-09-07 18:00:47,407] {logging_mixin.py:109} INFO - [2023-09-07 18:00:47,407] {dag.py:2937} INFO - Setting next_dagrun for example_trigger_controller_dag to 2021-01-01T00:00:00+00:00
[2023-09-07 18:00:47,470] {processor.py:171} INFO - Processing /home/airflow/.local/lib/python3.7/site-packages/airflow/example_dags/example_trigger_controller_dag.py took 8.197 seconds
[2023-09-07 18:01:27,372] {processor.py:163} INFO - Started process (PID=278) to work on /home/airflow/.local/lib/python3.7/site-packages/airflow/example_dags/example_trigger_controller_dag.py
[2023-09-07 18:01:27,374] {processor.py:642} INFO - Processing file /home/airflow/.local/lib/python3.7/site-packages/airflow/example_dags/example_trigger_controller_dag.py for tasks to queue
[2023-09-07 18:01:27,376] {logging_mixin.py:109} INFO - [2023-09-07 18:01:27,376] {dagbag.py:500} INFO - Filling up the DagBag from /home/airflow/.local/lib/python3.7/site-packages/airflow/example_dags/example_trigger_controller_dag.py
[2023-09-07 18:01:27,410] {processor.py:654} INFO - DAG(s) dict_keys(['example_trigger_controller_dag']) retrieved from /home/airflow/.local/lib/python3.7/site-packages/airflow/example_dags/example_trigger_controller_dag.py
[2023-09-07 18:01:27,421] {logging_mixin.py:109} INFO - [2023-09-07 18:01:27,421] {dag.py:2398} INFO - Sync 1 DAGs
[2023-09-07 18:01:27,442] {logging_mixin.py:109} INFO - [2023-09-07 18:01:27,442] {dag.py:2937} INFO - Setting next_dagrun for example_trigger_controller_dag to 2021-01-01T00:00:00+00:00
[2023-09-07 18:01:27,455] {processor.py:171} INFO - Processing /home/airflow/.local/lib/python3.7/site-packages/airflow/example_dags/example_trigger_controller_dag.py took 0.087 seconds
[2023-09-07 18:01:57,925] {processor.py:163} INFO - Started process (PID=332) to work on /home/airflow/.local/lib/python3.7/site-packages/airflow/example_dags/example_trigger_controller_dag.py
[2023-09-07 18:01:57,928] {processor.py:642} INFO - Processing file /home/airflow/.local/lib/python3.7/site-packages/airflow/example_dags/example_trigger_controller_dag.py for tasks to queue
[2023-09-07 18:01:57,929] {logging_mixin.py:109} INFO - [2023-09-07 18:01:57,929] {dagbag.py:500} INFO - Filling up the DagBag from /home/airflow/.local/lib/python3.7/site-packages/airflow/example_dags/example_trigger_controller_dag.py
[2023-09-07 18:01:57,966] {processor.py:654} INFO - DAG(s) dict_keys(['example_trigger_controller_dag']) retrieved from /home/airflow/.local/lib/python3.7/site-packages/airflow/example_dags/example_trigger_controller_dag.py
[2023-09-07 18:01:57,979] {logging_mixin.py:109} INFO - [2023-09-07 18:01:57,979] {dag.py:2398} INFO - Sync 1 DAGs
[2023-09-07 18:01:58,000] {logging_mixin.py:109} INFO - [2023-09-07 18:01:58,000] {dag.py:2937} INFO - Setting next_dagrun for example_trigger_controller_dag to 2021-01-01T00:00:00+00:00
[2023-09-07 18:01:58,010] {processor.py:171} INFO - Processing /home/airflow/.local/lib/python3.7/site-packages/airflow/example_dags/example_trigger_controller_dag.py took 0.089 seconds
[2023-09-07 18:02:28,874] {processor.py:163} INFO - Started process (PID=382) to work on /home/airflow/.local/lib/python3.7/site-packages/airflow/example_dags/example_trigger_controller_dag.py
[2023-09-07 18:02:28,876] {processor.py:642} INFO - Processing file /home/airflow/.local/lib/python3.7/site-packages/airflow/example_dags/example_trigger_controller_dag.py for tasks to queue
[2023-09-07 18:02:28,878] {logging_mixin.py:109} INFO - [2023-09-07 18:02:28,878] {dagbag.py:500} INFO - Filling up the DagBag from /home/airflow/.local/lib/python3.7/site-packages/airflow/example_dags/example_trigger_controller_dag.py
[2023-09-07 18:02:28,913] {processor.py:654} INFO - DAG(s) dict_keys(['example_trigger_controller_dag']) retrieved from /home/airflow/.local/lib/python3.7/site-packages/airflow/example_dags/example_trigger_controller_dag.py
[2023-09-07 18:02:28,927] {logging_mixin.py:109} INFO - [2023-09-07 18:02:28,926] {dag.py:2398} INFO - Sync 1 DAGs
[2023-09-07 18:02:28,946] {logging_mixin.py:109} INFO - [2023-09-07 18:02:28,946] {dag.py:2937} INFO - Setting next_dagrun for example_trigger_controller_dag to 2021-01-01T00:00:00+00:00
[2023-09-07 18:02:28,958] {processor.py:171} INFO - Processing /home/airflow/.local/lib/python3.7/site-packages/airflow/example_dags/example_trigger_controller_dag.py took 0.090 seconds
[2023-09-07 18:02:59,725] {processor.py:163} INFO - Started process (PID=441) to work on /home/airflow/.local/lib/python3.7/site-packages/airflow/example_dags/example_trigger_controller_dag.py
[2023-09-07 18:02:59,726] {processor.py:642} INFO - Processing file /home/airflow/.local/lib/python3.7/site-packages/airflow/example_dags/example_trigger_controller_dag.py for tasks to queue
[2023-09-07 18:02:59,728] {logging_mixin.py:109} INFO - [2023-09-07 18:02:59,728] {dagbag.py:500} INFO - Filling up the DagBag from /home/airflow/.local/lib/python3.7/site-packages/airflow/example_dags/example_trigger_controller_dag.py
[2023-09-07 18:02:59,760] {processor.py:654} INFO - DAG(s) dict_keys(['example_trigger_controller_dag']) retrieved from /home/airflow/.local/lib/python3.7/site-packages/airflow/example_dags/example_trigger_controller_dag.py
[2023-09-07 18:02:59,771] {logging_mixin.py:109} INFO - [2023-09-07 18:02:59,771] {dag.py:2398} INFO - Sync 1 DAGs
[2023-09-07 18:02:59,789] {logging_mixin.py:109} INFO - [2023-09-07 18:02:59,788] {dag.py:2937} INFO - Setting next_dagrun for example_trigger_controller_dag to 2021-01-01T00:00:00+00:00
[2023-09-07 18:02:59,798] {processor.py:171} INFO - Processing /home/airflow/.local/lib/python3.7/site-packages/airflow/example_dags/example_trigger_controller_dag.py took 0.077 seconds
[2023-09-07 18:03:30,177] {processor.py:163} INFO - Started process (PID=491) to work on /home/airflow/.local/lib/python3.7/site-packages/airflow/example_dags/example_trigger_controller_dag.py
[2023-09-07 18:03:30,179] {processor.py:642} INFO - Processing file /home/airflow/.local/lib/python3.7/site-packages/airflow/example_dags/example_trigger_controller_dag.py for tasks to queue
[2023-09-07 18:03:30,181] {logging_mixin.py:109} INFO - [2023-09-07 18:03:30,181] {dagbag.py:500} INFO - Filling up the DagBag from /home/airflow/.local/lib/python3.7/site-packages/airflow/example_dags/example_trigger_controller_dag.py
[2023-09-07 18:03:30,218] {processor.py:654} INFO - DAG(s) dict_keys(['example_trigger_controller_dag']) retrieved from /home/airflow/.local/lib/python3.7/site-packages/airflow/example_dags/example_trigger_controller_dag.py
[2023-09-07 18:03:30,230] {logging_mixin.py:109} INFO - [2023-09-07 18:03:30,230] {dag.py:2398} INFO - Sync 1 DAGs
[2023-09-07 18:03:30,250] {logging_mixin.py:109} INFO - [2023-09-07 18:03:30,250] {dag.py:2937} INFO - Setting next_dagrun for example_trigger_controller_dag to 2021-01-01T00:00:00+00:00
[2023-09-07 18:03:30,268] {processor.py:171} INFO - Processing /home/airflow/.local/lib/python3.7/site-packages/airflow/example_dags/example_trigger_controller_dag.py took 0.096 seconds
[2023-09-07 18:04:01,292] {processor.py:163} INFO - Started process (PID=541) to work on /home/airflow/.local/lib/python3.7/site-packages/airflow/example_dags/example_trigger_controller_dag.py
[2023-09-07 18:04:01,294] {processor.py:642} INFO - Processing file /home/airflow/.local/lib/python3.7/site-packages/airflow/example_dags/example_trigger_controller_dag.py for tasks to queue
[2023-09-07 18:04:01,296] {logging_mixin.py:109} INFO - [2023-09-07 18:04:01,295] {dagbag.py:500} INFO - Filling up the DagBag from /home/airflow/.local/lib/python3.7/site-packages/airflow/example_dags/example_trigger_controller_dag.py
[2023-09-07 18:04:01,333] {processor.py:654} INFO - DAG(s) dict_keys(['example_trigger_controller_dag']) retrieved from /home/airflow/.local/lib/python3.7/site-packages/airflow/example_dags/example_trigger_controller_dag.py
[2023-09-07 18:04:01,345] {logging_mixin.py:109} INFO - [2023-09-07 18:04:01,345] {dag.py:2398} INFO - Sync 1 DAGs
[2023-09-07 18:04:01,364] {logging_mixin.py:109} INFO - [2023-09-07 18:04:01,363] {dag.py:2937} INFO - Setting next_dagrun for example_trigger_controller_dag to 2021-01-01T00:00:00+00:00
[2023-09-07 18:04:01,373] {processor.py:171} INFO - Processing /home/airflow/.local/lib/python3.7/site-packages/airflow/example_dags/example_trigger_controller_dag.py took 0.087 seconds
