[2023-09-07 18:01:09,642] {processor.py:163} INFO - Started process (PID=156) to work on /home/airflow/.local/lib/python3.7/site-packages/airflow/example_dags/example_branch_operator.py
[2023-09-07 18:01:09,645] {processor.py:642} INFO - Processing file /home/airflow/.local/lib/python3.7/site-packages/airflow/example_dags/example_branch_operator.py for tasks to queue
[2023-09-07 18:01:09,646] {logging_mixin.py:109} INFO - [2023-09-07 18:01:09,646] {dagbag.py:500} INFO - Filling up the DagBag from /home/airflow/.local/lib/python3.7/site-packages/airflow/example_dags/example_branch_operator.py
[2023-09-07 18:01:09,696] {processor.py:654} INFO - DAG(s) dict_keys(['example_branch_operator']) retrieved from /home/airflow/.local/lib/python3.7/site-packages/airflow/example_dags/example_branch_operator.py
[2023-09-07 18:01:11,545] {logging_mixin.py:109} INFO - [2023-09-07 18:01:11,545] {manager.py:496} INFO - Created Permission View: can edit on DAG:example_branch_operator
[2023-09-07 18:01:11,553] {logging_mixin.py:109} INFO - [2023-09-07 18:01:11,553] {manager.py:496} INFO - Created Permission View: can read on DAG:example_branch_operator
[2023-09-07 18:01:11,554] {logging_mixin.py:109} INFO - [2023-09-07 18:01:11,554] {dag.py:2398} INFO - Sync 1 DAGs
[2023-09-07 18:01:11,561] {logging_mixin.py:109} INFO - [2023-09-07 18:01:11,561] {dag.py:2417} INFO - Creating ORM DAG for example_branch_operator
[2023-09-07 18:01:11,571] {logging_mixin.py:109} INFO - [2023-09-07 18:01:11,571] {dag.py:2937} INFO - Setting next_dagrun for example_branch_operator to 2023-09-06 00:00:00+00:00
[2023-09-07 18:01:11,583] {processor.py:171} INFO - Processing /home/airflow/.local/lib/python3.7/site-packages/airflow/example_dags/example_branch_operator.py took 1.945 seconds
[2023-09-07 18:01:42,457] {processor.py:163} INFO - Started process (PID=309) to work on /home/airflow/.local/lib/python3.7/site-packages/airflow/example_dags/example_branch_operator.py
[2023-09-07 18:01:42,460] {processor.py:642} INFO - Processing file /home/airflow/.local/lib/python3.7/site-packages/airflow/example_dags/example_branch_operator.py for tasks to queue
[2023-09-07 18:01:42,461] {logging_mixin.py:109} INFO - [2023-09-07 18:01:42,461] {dagbag.py:500} INFO - Filling up the DagBag from /home/airflow/.local/lib/python3.7/site-packages/airflow/example_dags/example_branch_operator.py
[2023-09-07 18:01:42,508] {processor.py:654} INFO - DAG(s) dict_keys(['example_branch_operator']) retrieved from /home/airflow/.local/lib/python3.7/site-packages/airflow/example_dags/example_branch_operator.py
[2023-09-07 18:01:42,529] {logging_mixin.py:109} INFO - [2023-09-07 18:01:42,529] {dag.py:2398} INFO - Sync 1 DAGs
[2023-09-07 18:01:42,557] {logging_mixin.py:109} INFO - [2023-09-07 18:01:42,557] {dag.py:2937} INFO - Setting next_dagrun for example_branch_operator to 2023-09-06 00:00:00+00:00
[2023-09-07 18:01:42,574] {processor.py:171} INFO - Processing /home/airflow/.local/lib/python3.7/site-packages/airflow/example_dags/example_branch_operator.py took 0.124 seconds
[2023-09-07 18:02:12,805] {processor.py:163} INFO - Started process (PID=359) to work on /home/airflow/.local/lib/python3.7/site-packages/airflow/example_dags/example_branch_operator.py
[2023-09-07 18:02:12,807] {processor.py:642} INFO - Processing file /home/airflow/.local/lib/python3.7/site-packages/airflow/example_dags/example_branch_operator.py for tasks to queue
[2023-09-07 18:02:12,809] {logging_mixin.py:109} INFO - [2023-09-07 18:02:12,809] {dagbag.py:500} INFO - Filling up the DagBag from /home/airflow/.local/lib/python3.7/site-packages/airflow/example_dags/example_branch_operator.py
[2023-09-07 18:02:12,851] {processor.py:654} INFO - DAG(s) dict_keys(['example_branch_operator']) retrieved from /home/airflow/.local/lib/python3.7/site-packages/airflow/example_dags/example_branch_operator.py
[2023-09-07 18:02:12,864] {logging_mixin.py:109} INFO - [2023-09-07 18:02:12,864] {dag.py:2398} INFO - Sync 1 DAGs
[2023-09-07 18:02:12,883] {logging_mixin.py:109} INFO - [2023-09-07 18:02:12,883] {dag.py:2937} INFO - Setting next_dagrun for example_branch_operator to 2023-09-06 00:00:00+00:00
[2023-09-07 18:02:12,899] {processor.py:171} INFO - Processing /home/airflow/.local/lib/python3.7/site-packages/airflow/example_dags/example_branch_operator.py took 0.099 seconds
[2023-09-07 18:02:42,943] {processor.py:163} INFO - Started process (PID=409) to work on /home/airflow/.local/lib/python3.7/site-packages/airflow/example_dags/example_branch_operator.py
[2023-09-07 18:02:42,946] {processor.py:642} INFO - Processing file /home/airflow/.local/lib/python3.7/site-packages/airflow/example_dags/example_branch_operator.py for tasks to queue
[2023-09-07 18:02:42,949] {logging_mixin.py:109} INFO - [2023-09-07 18:02:42,949] {dagbag.py:500} INFO - Filling up the DagBag from /home/airflow/.local/lib/python3.7/site-packages/airflow/example_dags/example_branch_operator.py
[2023-09-07 18:02:42,995] {processor.py:654} INFO - DAG(s) dict_keys(['example_branch_operator']) retrieved from /home/airflow/.local/lib/python3.7/site-packages/airflow/example_dags/example_branch_operator.py
[2023-09-07 18:02:43,010] {logging_mixin.py:109} INFO - [2023-09-07 18:02:43,010] {dag.py:2398} INFO - Sync 1 DAGs
[2023-09-07 18:02:43,030] {logging_mixin.py:109} INFO - [2023-09-07 18:02:43,030] {dag.py:2937} INFO - Setting next_dagrun for example_branch_operator to 2023-09-06 00:00:00+00:00
[2023-09-07 18:02:43,043] {processor.py:171} INFO - Processing /home/airflow/.local/lib/python3.7/site-packages/airflow/example_dags/example_branch_operator.py took 0.107 seconds
[2023-09-07 18:03:13,180] {processor.py:163} INFO - Started process (PID=468) to work on /home/airflow/.local/lib/python3.7/site-packages/airflow/example_dags/example_branch_operator.py
[2023-09-07 18:03:13,181] {processor.py:642} INFO - Processing file /home/airflow/.local/lib/python3.7/site-packages/airflow/example_dags/example_branch_operator.py for tasks to queue
[2023-09-07 18:03:13,182] {logging_mixin.py:109} INFO - [2023-09-07 18:03:13,182] {dagbag.py:500} INFO - Filling up the DagBag from /home/airflow/.local/lib/python3.7/site-packages/airflow/example_dags/example_branch_operator.py
[2023-09-07 18:03:13,221] {processor.py:654} INFO - DAG(s) dict_keys(['example_branch_operator']) retrieved from /home/airflow/.local/lib/python3.7/site-packages/airflow/example_dags/example_branch_operator.py
[2023-09-07 18:03:13,233] {logging_mixin.py:109} INFO - [2023-09-07 18:03:13,233] {dag.py:2398} INFO - Sync 1 DAGs
[2023-09-07 18:03:13,252] {logging_mixin.py:109} INFO - [2023-09-07 18:03:13,252] {dag.py:2937} INFO - Setting next_dagrun for example_branch_operator to 2023-09-06 00:00:00+00:00
[2023-09-07 18:03:13,263] {processor.py:171} INFO - Processing /home/airflow/.local/lib/python3.7/site-packages/airflow/example_dags/example_branch_operator.py took 0.088 seconds
[2023-09-07 18:03:43,406] {processor.py:163} INFO - Started process (PID=518) to work on /home/airflow/.local/lib/python3.7/site-packages/airflow/example_dags/example_branch_operator.py
[2023-09-07 18:03:43,426] {processor.py:642} INFO - Processing file /home/airflow/.local/lib/python3.7/site-packages/airflow/example_dags/example_branch_operator.py for tasks to queue
[2023-09-07 18:03:43,427] {logging_mixin.py:109} INFO - [2023-09-07 18:03:43,427] {dagbag.py:500} INFO - Filling up the DagBag from /home/airflow/.local/lib/python3.7/site-packages/airflow/example_dags/example_branch_operator.py
[2023-09-07 18:03:43,465] {processor.py:654} INFO - DAG(s) dict_keys(['example_branch_operator']) retrieved from /home/airflow/.local/lib/python3.7/site-packages/airflow/example_dags/example_branch_operator.py
[2023-09-07 18:03:43,477] {logging_mixin.py:109} INFO - [2023-09-07 18:03:43,477] {dag.py:2398} INFO - Sync 1 DAGs
[2023-09-07 18:03:43,494] {logging_mixin.py:109} INFO - [2023-09-07 18:03:43,494] {dag.py:2937} INFO - Setting next_dagrun for example_branch_operator to 2023-09-06 00:00:00+00:00
[2023-09-07 18:03:43,508] {processor.py:171} INFO - Processing /home/airflow/.local/lib/python3.7/site-packages/airflow/example_dags/example_branch_operator.py took 0.106 seconds
[2023-09-07 18:04:13,573] {processor.py:163} INFO - Started process (PID=566) to work on /home/airflow/.local/lib/python3.7/site-packages/airflow/example_dags/example_branch_operator.py
[2023-09-07 18:04:13,575] {processor.py:642} INFO - Processing file /home/airflow/.local/lib/python3.7/site-packages/airflow/example_dags/example_branch_operator.py for tasks to queue
[2023-09-07 18:04:13,577] {logging_mixin.py:109} INFO - [2023-09-07 18:04:13,577] {dagbag.py:500} INFO - Filling up the DagBag from /home/airflow/.local/lib/python3.7/site-packages/airflow/example_dags/example_branch_operator.py
[2023-09-07 18:04:13,620] {processor.py:654} INFO - DAG(s) dict_keys(['example_branch_operator']) retrieved from /home/airflow/.local/lib/python3.7/site-packages/airflow/example_dags/example_branch_operator.py
[2023-09-07 18:04:13,633] {logging_mixin.py:109} INFO - [2023-09-07 18:04:13,633] {dag.py:2398} INFO - Sync 1 DAGs
[2023-09-07 18:04:13,653] {logging_mixin.py:109} INFO - [2023-09-07 18:04:13,653] {dag.py:2937} INFO - Setting next_dagrun for example_branch_operator to 2023-09-06 00:00:00+00:00
[2023-09-07 18:04:13,662] {processor.py:171} INFO - Processing /home/airflow/.local/lib/python3.7/site-packages/airflow/example_dags/example_branch_operator.py took 0.093 seconds
[2023-09-07 18:04:43,726] {processor.py:163} INFO - Started process (PID=625) to work on /home/airflow/.local/lib/python3.7/site-packages/airflow/example_dags/example_branch_operator.py
[2023-09-07 18:04:43,728] {processor.py:642} INFO - Processing file /home/airflow/.local/lib/python3.7/site-packages/airflow/example_dags/example_branch_operator.py for tasks to queue
[2023-09-07 18:04:43,730] {logging_mixin.py:109} INFO - [2023-09-07 18:04:43,730] {dagbag.py:500} INFO - Filling up the DagBag from /home/airflow/.local/lib/python3.7/site-packages/airflow/example_dags/example_branch_operator.py
[2023-09-07 18:04:43,779] {processor.py:654} INFO - DAG(s) dict_keys(['example_branch_operator']) retrieved from /home/airflow/.local/lib/python3.7/site-packages/airflow/example_dags/example_branch_operator.py
[2023-09-07 18:04:43,799] {logging_mixin.py:109} INFO - [2023-09-07 18:04:43,799] {dag.py:2398} INFO - Sync 1 DAGs
[2023-09-07 18:04:43,824] {logging_mixin.py:109} INFO - [2023-09-07 18:04:43,824] {dag.py:2937} INFO - Setting next_dagrun for example_branch_operator to 2023-09-06 00:00:00+00:00
[2023-09-07 18:04:43,842] {processor.py:171} INFO - Processing /home/airflow/.local/lib/python3.7/site-packages/airflow/example_dags/example_branch_operator.py took 0.122 seconds
