[2023-09-07 18:01:01,420] {processor.py:163} INFO - Started process (PID=115) to work on /home/airflow/.local/lib/python3.7/site-packages/airflow/example_dags/example_xcom.py
[2023-09-07 18:01:01,424] {processor.py:642} INFO - Processing file /home/airflow/.local/lib/python3.7/site-packages/airflow/example_dags/example_xcom.py for tasks to queue
[2023-09-07 18:01:01,427] {logging_mixin.py:109} INFO - [2023-09-07 18:01:01,426] {dagbag.py:500} INFO - Filling up the DagBag from /home/airflow/.local/lib/python3.7/site-packages/airflow/example_dags/example_xcom.py
[2023-09-07 18:01:01,510] {processor.py:654} INFO - DAG(s) dict_keys(['example_xcom']) retrieved from /home/airflow/.local/lib/python3.7/site-packages/airflow/example_dags/example_xcom.py
[2023-09-07 18:01:04,107] {logging_mixin.py:109} INFO - [2023-09-07 18:01:04,107] {manager.py:496} INFO - Created Permission View: can edit on DAG:example_xcom
[2023-09-07 18:01:04,123] {logging_mixin.py:109} INFO - [2023-09-07 18:01:04,123] {manager.py:496} INFO - Created Permission View: can read on DAG:example_xcom
[2023-09-07 18:01:04,126] {logging_mixin.py:109} INFO - [2023-09-07 18:01:04,125] {dag.py:2398} INFO - Sync 1 DAGs
[2023-09-07 18:01:04,140] {logging_mixin.py:109} INFO - [2023-09-07 18:01:04,139] {dag.py:2417} INFO - Creating ORM DAG for example_xcom
[2023-09-07 18:01:04,152] {logging_mixin.py:109} INFO - [2023-09-07 18:01:04,152] {dag.py:2937} INFO - Setting next_dagrun for example_xcom to 2021-01-01T00:00:00+00:00
[2023-09-07 18:01:04,171] {processor.py:171} INFO - Processing /home/airflow/.local/lib/python3.7/site-packages/airflow/example_dags/example_xcom.py took 2.761 seconds
[2023-09-07 18:01:34,916] {processor.py:163} INFO - Started process (PID=295) to work on /home/airflow/.local/lib/python3.7/site-packages/airflow/example_dags/example_xcom.py
[2023-09-07 18:01:34,919] {processor.py:642} INFO - Processing file /home/airflow/.local/lib/python3.7/site-packages/airflow/example_dags/example_xcom.py for tasks to queue
[2023-09-07 18:01:34,921] {logging_mixin.py:109} INFO - [2023-09-07 18:01:34,920] {dagbag.py:500} INFO - Filling up the DagBag from /home/airflow/.local/lib/python3.7/site-packages/airflow/example_dags/example_xcom.py
[2023-09-07 18:01:34,998] {processor.py:654} INFO - DAG(s) dict_keys(['example_xcom']) retrieved from /home/airflow/.local/lib/python3.7/site-packages/airflow/example_dags/example_xcom.py
[2023-09-07 18:01:35,387] {logging_mixin.py:109} INFO - [2023-09-07 18:01:35,387] {dag.py:2398} INFO - Sync 1 DAGs
[2023-09-07 18:01:35,406] {logging_mixin.py:109} INFO - [2023-09-07 18:01:35,405] {dag.py:2937} INFO - Setting next_dagrun for example_xcom to 2021-01-01T00:00:00+00:00
[2023-09-07 18:01:35,424] {processor.py:171} INFO - Processing /home/airflow/.local/lib/python3.7/site-packages/airflow/example_dags/example_xcom.py took 0.513 seconds
[2023-09-07 18:02:05,498] {processor.py:163} INFO - Started process (PID=345) to work on /home/airflow/.local/lib/python3.7/site-packages/airflow/example_dags/example_xcom.py
[2023-09-07 18:02:05,501] {processor.py:642} INFO - Processing file /home/airflow/.local/lib/python3.7/site-packages/airflow/example_dags/example_xcom.py for tasks to queue
[2023-09-07 18:02:05,502] {logging_mixin.py:109} INFO - [2023-09-07 18:02:05,502] {dagbag.py:500} INFO - Filling up the DagBag from /home/airflow/.local/lib/python3.7/site-packages/airflow/example_dags/example_xcom.py
[2023-09-07 18:02:05,545] {processor.py:654} INFO - DAG(s) dict_keys(['example_xcom']) retrieved from /home/airflow/.local/lib/python3.7/site-packages/airflow/example_dags/example_xcom.py
[2023-09-07 18:02:05,727] {logging_mixin.py:109} INFO - [2023-09-07 18:02:05,727] {dag.py:2398} INFO - Sync 1 DAGs
[2023-09-07 18:02:05,748] {logging_mixin.py:109} INFO - [2023-09-07 18:02:05,748] {dag.py:2937} INFO - Setting next_dagrun for example_xcom to 2021-01-01T00:00:00+00:00
[2023-09-07 18:02:05,760] {processor.py:171} INFO - Processing /home/airflow/.local/lib/python3.7/site-packages/airflow/example_dags/example_xcom.py took 0.266 seconds
[2023-09-07 18:02:36,586] {processor.py:163} INFO - Started process (PID=404) to work on /home/airflow/.local/lib/python3.7/site-packages/airflow/example_dags/example_xcom.py
[2023-09-07 18:02:36,588] {processor.py:642} INFO - Processing file /home/airflow/.local/lib/python3.7/site-packages/airflow/example_dags/example_xcom.py for tasks to queue
[2023-09-07 18:02:36,589] {logging_mixin.py:109} INFO - [2023-09-07 18:02:36,589] {dagbag.py:500} INFO - Filling up the DagBag from /home/airflow/.local/lib/python3.7/site-packages/airflow/example_dags/example_xcom.py
[2023-09-07 18:02:36,629] {processor.py:654} INFO - DAG(s) dict_keys(['example_xcom']) retrieved from /home/airflow/.local/lib/python3.7/site-packages/airflow/example_dags/example_xcom.py
[2023-09-07 18:02:36,801] {logging_mixin.py:109} INFO - [2023-09-07 18:02:36,801] {dag.py:2398} INFO - Sync 1 DAGs
[2023-09-07 18:02:36,813] {logging_mixin.py:109} INFO - [2023-09-07 18:02:36,813] {dag.py:2937} INFO - Setting next_dagrun for example_xcom to 2021-01-01T00:00:00+00:00
[2023-09-07 18:02:36,822] {processor.py:171} INFO - Processing /home/airflow/.local/lib/python3.7/site-packages/airflow/example_dags/example_xcom.py took 0.240 seconds
[2023-09-07 18:03:07,664] {processor.py:163} INFO - Started process (PID=454) to work on /home/airflow/.local/lib/python3.7/site-packages/airflow/example_dags/example_xcom.py
[2023-09-07 18:03:07,667] {processor.py:642} INFO - Processing file /home/airflow/.local/lib/python3.7/site-packages/airflow/example_dags/example_xcom.py for tasks to queue
[2023-09-07 18:03:07,668] {logging_mixin.py:109} INFO - [2023-09-07 18:03:07,668] {dagbag.py:500} INFO - Filling up the DagBag from /home/airflow/.local/lib/python3.7/site-packages/airflow/example_dags/example_xcom.py
[2023-09-07 18:03:07,710] {processor.py:654} INFO - DAG(s) dict_keys(['example_xcom']) retrieved from /home/airflow/.local/lib/python3.7/site-packages/airflow/example_dags/example_xcom.py
[2023-09-07 18:03:07,890] {logging_mixin.py:109} INFO - [2023-09-07 18:03:07,889] {dag.py:2398} INFO - Sync 1 DAGs
[2023-09-07 18:03:07,903] {logging_mixin.py:109} INFO - [2023-09-07 18:03:07,903] {dag.py:2937} INFO - Setting next_dagrun for example_xcom to 2021-01-01T00:00:00+00:00
[2023-09-07 18:03:07,913] {processor.py:171} INFO - Processing /home/airflow/.local/lib/python3.7/site-packages/airflow/example_dags/example_xcom.py took 0.254 seconds
[2023-09-07 18:03:38,056] {processor.py:163} INFO - Started process (PID=513) to work on /home/airflow/.local/lib/python3.7/site-packages/airflow/example_dags/example_xcom.py
[2023-09-07 18:03:38,059] {processor.py:642} INFO - Processing file /home/airflow/.local/lib/python3.7/site-packages/airflow/example_dags/example_xcom.py for tasks to queue
[2023-09-07 18:03:38,062] {logging_mixin.py:109} INFO - [2023-09-07 18:03:38,061] {dagbag.py:500} INFO - Filling up the DagBag from /home/airflow/.local/lib/python3.7/site-packages/airflow/example_dags/example_xcom.py
[2023-09-07 18:03:38,117] {processor.py:654} INFO - DAG(s) dict_keys(['example_xcom']) retrieved from /home/airflow/.local/lib/python3.7/site-packages/airflow/example_dags/example_xcom.py
[2023-09-07 18:03:38,331] {logging_mixin.py:109} INFO - [2023-09-07 18:03:38,331] {dag.py:2398} INFO - Sync 1 DAGs
[2023-09-07 18:03:38,345] {logging_mixin.py:109} INFO - [2023-09-07 18:03:38,345] {dag.py:2937} INFO - Setting next_dagrun for example_xcom to 2021-01-01T00:00:00+00:00
[2023-09-07 18:03:38,356] {processor.py:171} INFO - Processing /home/airflow/.local/lib/python3.7/site-packages/airflow/example_dags/example_xcom.py took 0.309 seconds
[2023-09-07 18:04:08,438] {processor.py:163} INFO - Started process (PID=564) to work on /home/airflow/.local/lib/python3.7/site-packages/airflow/example_dags/example_xcom.py
[2023-09-07 18:04:08,439] {processor.py:642} INFO - Processing file /home/airflow/.local/lib/python3.7/site-packages/airflow/example_dags/example_xcom.py for tasks to queue
[2023-09-07 18:04:08,440] {logging_mixin.py:109} INFO - [2023-09-07 18:04:08,440] {dagbag.py:500} INFO - Filling up the DagBag from /home/airflow/.local/lib/python3.7/site-packages/airflow/example_dags/example_xcom.py
[2023-09-07 18:04:08,480] {processor.py:654} INFO - DAG(s) dict_keys(['example_xcom']) retrieved from /home/airflow/.local/lib/python3.7/site-packages/airflow/example_dags/example_xcom.py
[2023-09-07 18:04:08,697] {logging_mixin.py:109} INFO - [2023-09-07 18:04:08,697] {dag.py:2398} INFO - Sync 1 DAGs
[2023-09-07 18:04:08,710] {logging_mixin.py:109} INFO - [2023-09-07 18:04:08,710] {dag.py:2937} INFO - Setting next_dagrun for example_xcom to 2021-01-01T00:00:00+00:00
[2023-09-07 18:04:08,719] {processor.py:171} INFO - Processing /home/airflow/.local/lib/python3.7/site-packages/airflow/example_dags/example_xcom.py took 0.285 seconds
[2023-09-07 18:04:39,726] {processor.py:163} INFO - Started process (PID=621) to work on /home/airflow/.local/lib/python3.7/site-packages/airflow/example_dags/example_xcom.py
[2023-09-07 18:04:39,729] {processor.py:642} INFO - Processing file /home/airflow/.local/lib/python3.7/site-packages/airflow/example_dags/example_xcom.py for tasks to queue
[2023-09-07 18:04:39,730] {logging_mixin.py:109} INFO - [2023-09-07 18:04:39,730] {dagbag.py:500} INFO - Filling up the DagBag from /home/airflow/.local/lib/python3.7/site-packages/airflow/example_dags/example_xcom.py
[2023-09-07 18:04:39,797] {processor.py:654} INFO - DAG(s) dict_keys(['example_xcom']) retrieved from /home/airflow/.local/lib/python3.7/site-packages/airflow/example_dags/example_xcom.py
[2023-09-07 18:04:40,021] {logging_mixin.py:109} INFO - [2023-09-07 18:04:40,020] {dag.py:2398} INFO - Sync 1 DAGs
[2023-09-07 18:04:40,034] {logging_mixin.py:109} INFO - [2023-09-07 18:04:40,033] {dag.py:2937} INFO - Setting next_dagrun for example_xcom to 2021-01-01T00:00:00+00:00
[2023-09-07 18:04:40,046] {processor.py:171} INFO - Processing /home/airflow/.local/lib/python3.7/site-packages/airflow/example_dags/example_xcom.py took 0.326 seconds
