[2023-09-07 18:01:04,263] {processor.py:163} INFO - Started process (PID=128) to work on /home/airflow/.local/lib/python3.7/site-packages/airflow/example_dags/example_complex.py
[2023-09-07 18:01:04,268] {processor.py:642} INFO - Processing file /home/airflow/.local/lib/python3.7/site-packages/airflow/example_dags/example_complex.py for tasks to queue
[2023-09-07 18:01:04,273] {logging_mixin.py:109} INFO - [2023-09-07 18:01:04,273] {dagbag.py:500} INFO - Filling up the DagBag from /home/airflow/.local/lib/python3.7/site-packages/airflow/example_dags/example_complex.py
[2023-09-07 18:01:04,339] {processor.py:654} INFO - DAG(s) dict_keys(['example_complex']) retrieved from /home/airflow/.local/lib/python3.7/site-packages/airflow/example_dags/example_complex.py
[2023-09-07 18:01:06,624] {logging_mixin.py:109} INFO - [2023-09-07 18:01:06,624] {manager.py:496} INFO - Created Permission View: can edit on DAG:example_complex
[2023-09-07 18:01:06,636] {logging_mixin.py:109} INFO - [2023-09-07 18:01:06,636] {manager.py:496} INFO - Created Permission View: can read on DAG:example_complex
[2023-09-07 18:01:06,638] {logging_mixin.py:109} INFO - [2023-09-07 18:01:06,637] {dag.py:2398} INFO - Sync 1 DAGs
[2023-09-07 18:01:06,646] {logging_mixin.py:109} INFO - [2023-09-07 18:01:06,646] {dag.py:2417} INFO - Creating ORM DAG for example_complex
[2023-09-07 18:01:06,655] {logging_mixin.py:109} INFO - [2023-09-07 18:01:06,655] {dag.py:2937} INFO - Setting next_dagrun for example_complex to None
[2023-09-07 18:01:06,671] {processor.py:171} INFO - Processing /home/airflow/.local/lib/python3.7/site-packages/airflow/example_dags/example_complex.py took 2.416 seconds
[2023-09-07 18:01:37,183] {processor.py:163} INFO - Started process (PID=296) to work on /home/airflow/.local/lib/python3.7/site-packages/airflow/example_dags/example_complex.py
[2023-09-07 18:01:37,186] {processor.py:642} INFO - Processing file /home/airflow/.local/lib/python3.7/site-packages/airflow/example_dags/example_complex.py for tasks to queue
[2023-09-07 18:01:37,187] {logging_mixin.py:109} INFO - [2023-09-07 18:01:37,187] {dagbag.py:500} INFO - Filling up the DagBag from /home/airflow/.local/lib/python3.7/site-packages/airflow/example_dags/example_complex.py
[2023-09-07 18:01:37,232] {processor.py:654} INFO - DAG(s) dict_keys(['example_complex']) retrieved from /home/airflow/.local/lib/python3.7/site-packages/airflow/example_dags/example_complex.py
[2023-09-07 18:01:37,252] {logging_mixin.py:109} INFO - [2023-09-07 18:01:37,252] {dag.py:2398} INFO - Sync 1 DAGs
[2023-09-07 18:01:37,273] {logging_mixin.py:109} INFO - [2023-09-07 18:01:37,273] {dag.py:2937} INFO - Setting next_dagrun for example_complex to None
[2023-09-07 18:01:37,286] {processor.py:171} INFO - Processing /home/airflow/.local/lib/python3.7/site-packages/airflow/example_dags/example_complex.py took 0.108 seconds
[2023-09-07 18:02:07,511] {processor.py:163} INFO - Started process (PID=346) to work on /home/airflow/.local/lib/python3.7/site-packages/airflow/example_dags/example_complex.py
[2023-09-07 18:02:07,514] {processor.py:642} INFO - Processing file /home/airflow/.local/lib/python3.7/site-packages/airflow/example_dags/example_complex.py for tasks to queue
[2023-09-07 18:02:07,519] {logging_mixin.py:109} INFO - [2023-09-07 18:02:07,519] {dagbag.py:500} INFO - Filling up the DagBag from /home/airflow/.local/lib/python3.7/site-packages/airflow/example_dags/example_complex.py
[2023-09-07 18:02:07,579] {processor.py:654} INFO - DAG(s) dict_keys(['example_complex']) retrieved from /home/airflow/.local/lib/python3.7/site-packages/airflow/example_dags/example_complex.py
[2023-09-07 18:02:07,610] {logging_mixin.py:109} INFO - [2023-09-07 18:02:07,610] {dag.py:2398} INFO - Sync 1 DAGs
[2023-09-07 18:02:07,640] {logging_mixin.py:109} INFO - [2023-09-07 18:02:07,640] {dag.py:2937} INFO - Setting next_dagrun for example_complex to None
[2023-09-07 18:02:07,656] {processor.py:171} INFO - Processing /home/airflow/.local/lib/python3.7/site-packages/airflow/example_dags/example_complex.py took 0.151 seconds
[2023-09-07 18:02:37,689] {processor.py:163} INFO - Started process (PID=405) to work on /home/airflow/.local/lib/python3.7/site-packages/airflow/example_dags/example_complex.py
[2023-09-07 18:02:37,691] {processor.py:642} INFO - Processing file /home/airflow/.local/lib/python3.7/site-packages/airflow/example_dags/example_complex.py for tasks to queue
[2023-09-07 18:02:37,693] {logging_mixin.py:109} INFO - [2023-09-07 18:02:37,693] {dagbag.py:500} INFO - Filling up the DagBag from /home/airflow/.local/lib/python3.7/site-packages/airflow/example_dags/example_complex.py
[2023-09-07 18:02:37,735] {processor.py:654} INFO - DAG(s) dict_keys(['example_complex']) retrieved from /home/airflow/.local/lib/python3.7/site-packages/airflow/example_dags/example_complex.py
[2023-09-07 18:02:37,752] {logging_mixin.py:109} INFO - [2023-09-07 18:02:37,752] {dag.py:2398} INFO - Sync 1 DAGs
[2023-09-07 18:02:37,770] {logging_mixin.py:109} INFO - [2023-09-07 18:02:37,770] {dag.py:2937} INFO - Setting next_dagrun for example_complex to None
[2023-09-07 18:02:37,782] {processor.py:171} INFO - Processing /home/airflow/.local/lib/python3.7/site-packages/airflow/example_dags/example_complex.py took 0.097 seconds
[2023-09-07 18:03:07,940] {processor.py:163} INFO - Started process (PID=455) to work on /home/airflow/.local/lib/python3.7/site-packages/airflow/example_dags/example_complex.py
[2023-09-07 18:03:07,942] {processor.py:642} INFO - Processing file /home/airflow/.local/lib/python3.7/site-packages/airflow/example_dags/example_complex.py for tasks to queue
[2023-09-07 18:03:07,943] {logging_mixin.py:109} INFO - [2023-09-07 18:03:07,943] {dagbag.py:500} INFO - Filling up the DagBag from /home/airflow/.local/lib/python3.7/site-packages/airflow/example_dags/example_complex.py
[2023-09-07 18:03:07,984] {processor.py:654} INFO - DAG(s) dict_keys(['example_complex']) retrieved from /home/airflow/.local/lib/python3.7/site-packages/airflow/example_dags/example_complex.py
[2023-09-07 18:03:08,001] {logging_mixin.py:109} INFO - [2023-09-07 18:03:08,001] {dag.py:2398} INFO - Sync 1 DAGs
[2023-09-07 18:03:08,019] {logging_mixin.py:109} INFO - [2023-09-07 18:03:08,019] {dag.py:2937} INFO - Setting next_dagrun for example_complex to None
[2023-09-07 18:03:08,030] {processor.py:171} INFO - Processing /home/airflow/.local/lib/python3.7/site-packages/airflow/example_dags/example_complex.py took 0.095 seconds
[2023-09-07 18:03:38,179] {processor.py:163} INFO - Started process (PID=515) to work on /home/airflow/.local/lib/python3.7/site-packages/airflow/example_dags/example_complex.py
[2023-09-07 18:03:38,181] {processor.py:642} INFO - Processing file /home/airflow/.local/lib/python3.7/site-packages/airflow/example_dags/example_complex.py for tasks to queue
[2023-09-07 18:03:38,182] {logging_mixin.py:109} INFO - [2023-09-07 18:03:38,182] {dagbag.py:500} INFO - Filling up the DagBag from /home/airflow/.local/lib/python3.7/site-packages/airflow/example_dags/example_complex.py
[2023-09-07 18:03:38,218] {processor.py:654} INFO - DAG(s) dict_keys(['example_complex']) retrieved from /home/airflow/.local/lib/python3.7/site-packages/airflow/example_dags/example_complex.py
[2023-09-07 18:03:38,232] {logging_mixin.py:109} INFO - [2023-09-07 18:03:38,232] {dag.py:2398} INFO - Sync 1 DAGs
[2023-09-07 18:03:38,246] {logging_mixin.py:109} INFO - [2023-09-07 18:03:38,246] {dag.py:2937} INFO - Setting next_dagrun for example_complex to None
[2023-09-07 18:03:38,257] {processor.py:171} INFO - Processing /home/airflow/.local/lib/python3.7/site-packages/airflow/example_dags/example_complex.py took 0.082 seconds
