[2023-09-07 18:00:52,222] {processor.py:163} INFO - Started process (PID=76) to work on /home/airflow/.local/lib/python3.7/site-packages/airflow/example_dags/example_external_task_marker_dag.py
[2023-09-07 18:00:52,233] {processor.py:642} INFO - Processing file /home/airflow/.local/lib/python3.7/site-packages/airflow/example_dags/example_external_task_marker_dag.py for tasks to queue
[2023-09-07 18:00:52,237] {logging_mixin.py:109} INFO - [2023-09-07 18:00:52,236] {dagbag.py:500} INFO - Filling up the DagBag from /home/airflow/.local/lib/python3.7/site-packages/airflow/example_dags/example_external_task_marker_dag.py
[2023-09-07 18:00:52,351] {processor.py:654} INFO - DAG(s) dict_keys(['example_external_task_marker_parent', 'example_external_task_marker_child']) retrieved from /home/airflow/.local/lib/python3.7/site-packages/airflow/example_dags/example_external_task_marker_dag.py
[2023-09-07 18:00:56,227] {logging_mixin.py:109} INFO - [2023-09-07 18:00:56,227] {manager.py:496} INFO - Created Permission View: can edit on DAG:example_external_task_marker_parent
[2023-09-07 18:00:56,245] {logging_mixin.py:109} INFO - [2023-09-07 18:00:56,244] {manager.py:496} INFO - Created Permission View: can read on DAG:example_external_task_marker_parent
[2023-09-07 18:00:56,279] {logging_mixin.py:109} INFO - [2023-09-07 18:00:56,279] {manager.py:496} INFO - Created Permission View: can edit on DAG:example_external_task_marker_child
[2023-09-07 18:00:56,294] {logging_mixin.py:109} INFO - [2023-09-07 18:00:56,294] {manager.py:496} INFO - Created Permission View: can read on DAG:example_external_task_marker_child
[2023-09-07 18:00:56,296] {logging_mixin.py:109} INFO - [2023-09-07 18:00:56,296] {dag.py:2398} INFO - Sync 2 DAGs
[2023-09-07 18:00:56,310] {logging_mixin.py:109} INFO - [2023-09-07 18:00:56,310] {dag.py:2417} INFO - Creating ORM DAG for example_external_task_marker_parent
[2023-09-07 18:00:56,312] {logging_mixin.py:109} INFO - [2023-09-07 18:00:56,312] {dag.py:2417} INFO - Creating ORM DAG for example_external_task_marker_child
[2023-09-07 18:00:56,328] {logging_mixin.py:109} INFO - [2023-09-07 18:00:56,328] {dag.py:2937} INFO - Setting next_dagrun for example_external_task_marker_child to None
[2023-09-07 18:00:56,330] {logging_mixin.py:109} INFO - [2023-09-07 18:00:56,330] {dag.py:2937} INFO - Setting next_dagrun for example_external_task_marker_parent to None
[2023-09-07 18:00:56,352] {processor.py:171} INFO - Processing /home/airflow/.local/lib/python3.7/site-packages/airflow/example_dags/example_external_task_marker_dag.py took 4.151 seconds
[2023-09-07 18:01:27,803] {processor.py:163} INFO - Started process (PID=288) to work on /home/airflow/.local/lib/python3.7/site-packages/airflow/example_dags/example_external_task_marker_dag.py
[2023-09-07 18:01:27,807] {processor.py:642} INFO - Processing file /home/airflow/.local/lib/python3.7/site-packages/airflow/example_dags/example_external_task_marker_dag.py for tasks to queue
[2023-09-07 18:01:27,821] {logging_mixin.py:109} INFO - [2023-09-07 18:01:27,821] {dagbag.py:500} INFO - Filling up the DagBag from /home/airflow/.local/lib/python3.7/site-packages/airflow/example_dags/example_external_task_marker_dag.py
[2023-09-07 18:01:27,907] {processor.py:654} INFO - DAG(s) dict_keys(['example_external_task_marker_parent', 'example_external_task_marker_child']) retrieved from /home/airflow/.local/lib/python3.7/site-packages/airflow/example_dags/example_external_task_marker_dag.py
[2023-09-07 18:01:27,967] {logging_mixin.py:109} INFO - [2023-09-07 18:01:27,967] {dag.py:2398} INFO - Sync 2 DAGs
[2023-09-07 18:01:28,005] {logging_mixin.py:109} INFO - [2023-09-07 18:01:28,005] {dag.py:2937} INFO - Setting next_dagrun for example_external_task_marker_child to None
[2023-09-07 18:01:28,007] {logging_mixin.py:109} INFO - [2023-09-07 18:01:28,007] {dag.py:2937} INFO - Setting next_dagrun for example_external_task_marker_parent to None
[2023-09-07 18:01:28,029] {processor.py:171} INFO - Processing /home/airflow/.local/lib/python3.7/site-packages/airflow/example_dags/example_external_task_marker_dag.py took 0.233 seconds
[2023-09-07 18:01:58,511] {processor.py:163} INFO - Started process (PID=340) to work on /home/airflow/.local/lib/python3.7/site-packages/airflow/example_dags/example_external_task_marker_dag.py
[2023-09-07 18:01:58,514] {processor.py:642} INFO - Processing file /home/airflow/.local/lib/python3.7/site-packages/airflow/example_dags/example_external_task_marker_dag.py for tasks to queue
[2023-09-07 18:01:58,517] {logging_mixin.py:109} INFO - [2023-09-07 18:01:58,517] {dagbag.py:500} INFO - Filling up the DagBag from /home/airflow/.local/lib/python3.7/site-packages/airflow/example_dags/example_external_task_marker_dag.py
[2023-09-07 18:01:58,591] {processor.py:654} INFO - DAG(s) dict_keys(['example_external_task_marker_parent', 'example_external_task_marker_child']) retrieved from /home/airflow/.local/lib/python3.7/site-packages/airflow/example_dags/example_external_task_marker_dag.py
[2023-09-07 18:01:58,669] {logging_mixin.py:109} INFO - [2023-09-07 18:01:58,669] {dag.py:2398} INFO - Sync 2 DAGs
[2023-09-07 18:01:58,727] {logging_mixin.py:109} INFO - [2023-09-07 18:01:58,727] {dag.py:2937} INFO - Setting next_dagrun for example_external_task_marker_child to None
[2023-09-07 18:01:58,729] {logging_mixin.py:109} INFO - [2023-09-07 18:01:58,729] {dag.py:2937} INFO - Setting next_dagrun for example_external_task_marker_parent to None
[2023-09-07 18:01:58,753] {processor.py:171} INFO - Processing /home/airflow/.local/lib/python3.7/site-packages/airflow/example_dags/example_external_task_marker_dag.py took 0.250 seconds
[2023-09-07 18:02:29,212] {processor.py:163} INFO - Started process (PID=386) to work on /home/airflow/.local/lib/python3.7/site-packages/airflow/example_dags/example_external_task_marker_dag.py
[2023-09-07 18:02:29,214] {processor.py:642} INFO - Processing file /home/airflow/.local/lib/python3.7/site-packages/airflow/example_dags/example_external_task_marker_dag.py for tasks to queue
[2023-09-07 18:02:29,216] {logging_mixin.py:109} INFO - [2023-09-07 18:02:29,216] {dagbag.py:500} INFO - Filling up the DagBag from /home/airflow/.local/lib/python3.7/site-packages/airflow/example_dags/example_external_task_marker_dag.py
[2023-09-07 18:02:29,254] {processor.py:654} INFO - DAG(s) dict_keys(['example_external_task_marker_parent', 'example_external_task_marker_child']) retrieved from /home/airflow/.local/lib/python3.7/site-packages/airflow/example_dags/example_external_task_marker_dag.py
[2023-09-07 18:02:29,271] {logging_mixin.py:109} INFO - [2023-09-07 18:02:29,271] {dag.py:2398} INFO - Sync 2 DAGs
[2023-09-07 18:02:29,290] {logging_mixin.py:109} INFO - [2023-09-07 18:02:29,290] {dag.py:2937} INFO - Setting next_dagrun for example_external_task_marker_child to None
[2023-09-07 18:02:29,291] {logging_mixin.py:109} INFO - [2023-09-07 18:02:29,291] {dag.py:2937} INFO - Setting next_dagrun for example_external_task_marker_parent to None
[2023-09-07 18:02:29,301] {processor.py:171} INFO - Processing /home/airflow/.local/lib/python3.7/site-packages/airflow/example_dags/example_external_task_marker_dag.py took 0.094 seconds
[2023-09-07 18:03:00,071] {processor.py:163} INFO - Started process (PID=445) to work on /home/airflow/.local/lib/python3.7/site-packages/airflow/example_dags/example_external_task_marker_dag.py
[2023-09-07 18:03:00,073] {processor.py:642} INFO - Processing file /home/airflow/.local/lib/python3.7/site-packages/airflow/example_dags/example_external_task_marker_dag.py for tasks to queue
[2023-09-07 18:03:00,075] {logging_mixin.py:109} INFO - [2023-09-07 18:03:00,075] {dagbag.py:500} INFO - Filling up the DagBag from /home/airflow/.local/lib/python3.7/site-packages/airflow/example_dags/example_external_task_marker_dag.py
[2023-09-07 18:03:00,109] {processor.py:654} INFO - DAG(s) dict_keys(['example_external_task_marker_parent', 'example_external_task_marker_child']) retrieved from /home/airflow/.local/lib/python3.7/site-packages/airflow/example_dags/example_external_task_marker_dag.py
[2023-09-07 18:03:00,124] {logging_mixin.py:109} INFO - [2023-09-07 18:03:00,123] {dag.py:2398} INFO - Sync 2 DAGs
[2023-09-07 18:03:00,140] {logging_mixin.py:109} INFO - [2023-09-07 18:03:00,140] {dag.py:2937} INFO - Setting next_dagrun for example_external_task_marker_child to None
[2023-09-07 18:03:00,141] {logging_mixin.py:109} INFO - [2023-09-07 18:03:00,141] {dag.py:2937} INFO - Setting next_dagrun for example_external_task_marker_parent to None
[2023-09-07 18:03:00,150] {processor.py:171} INFO - Processing /home/airflow/.local/lib/python3.7/site-packages/airflow/example_dags/example_external_task_marker_dag.py took 0.083 seconds
[2023-09-07 18:03:30,521] {processor.py:163} INFO - Started process (PID=495) to work on /home/airflow/.local/lib/python3.7/site-packages/airflow/example_dags/example_external_task_marker_dag.py
[2023-09-07 18:03:30,523] {processor.py:642} INFO - Processing file /home/airflow/.local/lib/python3.7/site-packages/airflow/example_dags/example_external_task_marker_dag.py for tasks to queue
[2023-09-07 18:03:30,524] {logging_mixin.py:109} INFO - [2023-09-07 18:03:30,524] {dagbag.py:500} INFO - Filling up the DagBag from /home/airflow/.local/lib/python3.7/site-packages/airflow/example_dags/example_external_task_marker_dag.py
[2023-09-07 18:03:30,560] {processor.py:654} INFO - DAG(s) dict_keys(['example_external_task_marker_parent', 'example_external_task_marker_child']) retrieved from /home/airflow/.local/lib/python3.7/site-packages/airflow/example_dags/example_external_task_marker_dag.py
[2023-09-07 18:03:30,576] {logging_mixin.py:109} INFO - [2023-09-07 18:03:30,576] {dag.py:2398} INFO - Sync 2 DAGs
[2023-09-07 18:03:30,597] {logging_mixin.py:109} INFO - [2023-09-07 18:03:30,597] {dag.py:2937} INFO - Setting next_dagrun for example_external_task_marker_child to None
[2023-09-07 18:03:30,598] {logging_mixin.py:109} INFO - [2023-09-07 18:03:30,598] {dag.py:2937} INFO - Setting next_dagrun for example_external_task_marker_parent to None
[2023-09-07 18:03:30,610] {processor.py:171} INFO - Processing /home/airflow/.local/lib/python3.7/site-packages/airflow/example_dags/example_external_task_marker_dag.py took 0.093 seconds
[2023-09-07 18:04:01,662] {processor.py:163} INFO - Started process (PID=545) to work on /home/airflow/.local/lib/python3.7/site-packages/airflow/example_dags/example_external_task_marker_dag.py
[2023-09-07 18:04:01,664] {processor.py:642} INFO - Processing file /home/airflow/.local/lib/python3.7/site-packages/airflow/example_dags/example_external_task_marker_dag.py for tasks to queue
[2023-09-07 18:04:01,666] {logging_mixin.py:109} INFO - [2023-09-07 18:04:01,666] {dagbag.py:500} INFO - Filling up the DagBag from /home/airflow/.local/lib/python3.7/site-packages/airflow/example_dags/example_external_task_marker_dag.py
[2023-09-07 18:04:01,700] {processor.py:654} INFO - DAG(s) dict_keys(['example_external_task_marker_parent', 'example_external_task_marker_child']) retrieved from /home/airflow/.local/lib/python3.7/site-packages/airflow/example_dags/example_external_task_marker_dag.py
[2023-09-07 18:04:01,715] {logging_mixin.py:109} INFO - [2023-09-07 18:04:01,715] {dag.py:2398} INFO - Sync 2 DAGs
[2023-09-07 18:04:01,733] {logging_mixin.py:109} INFO - [2023-09-07 18:04:01,733] {dag.py:2937} INFO - Setting next_dagrun for example_external_task_marker_child to None
[2023-09-07 18:04:01,734] {logging_mixin.py:109} INFO - [2023-09-07 18:04:01,734] {dag.py:2937} INFO - Setting next_dagrun for example_external_task_marker_parent to None
[2023-09-07 18:04:01,744] {processor.py:171} INFO - Processing /home/airflow/.local/lib/python3.7/site-packages/airflow/example_dags/example_external_task_marker_dag.py took 0.086 seconds
