[2023-09-07 18:00:56,694] {processor.py:163} INFO - Started process (PID=91) to work on /home/airflow/.local/lib/python3.7/site-packages/airflow/example_dags/example_skip_dag.py
[2023-09-07 18:00:56,697] {processor.py:642} INFO - Processing file /home/airflow/.local/lib/python3.7/site-packages/airflow/example_dags/example_skip_dag.py for tasks to queue
[2023-09-07 18:00:56,699] {logging_mixin.py:109} INFO - [2023-09-07 18:00:56,699] {dagbag.py:500} INFO - Filling up the DagBag from /home/airflow/.local/lib/python3.7/site-packages/airflow/example_dags/example_skip_dag.py
[2023-09-07 18:00:56,768] {processor.py:654} INFO - DAG(s) dict_keys(['example_skip_dag']) retrieved from /home/airflow/.local/lib/python3.7/site-packages/airflow/example_dags/example_skip_dag.py
[2023-09-07 18:01:01,230] {logging_mixin.py:109} INFO - [2023-09-07 18:01:01,230] {manager.py:496} INFO - Created Permission View: can edit on DAG:example_skip_dag
[2023-09-07 18:01:01,244] {logging_mixin.py:109} INFO - [2023-09-07 18:01:01,243] {manager.py:496} INFO - Created Permission View: can read on DAG:example_skip_dag
[2023-09-07 18:01:01,245] {logging_mixin.py:109} INFO - [2023-09-07 18:01:01,245] {dag.py:2398} INFO - Sync 1 DAGs
[2023-09-07 18:01:01,257] {logging_mixin.py:109} INFO - [2023-09-07 18:01:01,257] {dag.py:2417} INFO - Creating ORM DAG for example_skip_dag
[2023-09-07 18:01:01,271] {logging_mixin.py:109} INFO - [2023-09-07 18:01:01,270] {dag.py:2937} INFO - Setting next_dagrun for example_skip_dag to 2023-09-06T18:01:01.270489+00:00
[2023-09-07 18:01:01,292] {processor.py:171} INFO - Processing /home/airflow/.local/lib/python3.7/site-packages/airflow/example_dags/example_skip_dag.py took 4.604 seconds
[2023-09-07 18:01:31,784] {processor.py:163} INFO - Started process (PID=293) to work on /home/airflow/.local/lib/python3.7/site-packages/airflow/example_dags/example_skip_dag.py
[2023-09-07 18:01:31,786] {processor.py:642} INFO - Processing file /home/airflow/.local/lib/python3.7/site-packages/airflow/example_dags/example_skip_dag.py for tasks to queue
[2023-09-07 18:01:31,788] {logging_mixin.py:109} INFO - [2023-09-07 18:01:31,788] {dagbag.py:500} INFO - Filling up the DagBag from /home/airflow/.local/lib/python3.7/site-packages/airflow/example_dags/example_skip_dag.py
[2023-09-07 18:01:31,824] {processor.py:654} INFO - DAG(s) dict_keys(['example_skip_dag']) retrieved from /home/airflow/.local/lib/python3.7/site-packages/airflow/example_dags/example_skip_dag.py
[2023-09-07 18:01:31,839] {logging_mixin.py:109} INFO - [2023-09-07 18:01:31,839] {dag.py:2398} INFO - Sync 1 DAGs
[2023-09-07 18:01:31,861] {logging_mixin.py:109} INFO - [2023-09-07 18:01:31,861] {dag.py:2937} INFO - Setting next_dagrun for example_skip_dag to 2023-09-06T18:01:31.860710+00:00
[2023-09-07 18:01:31,875] {processor.py:171} INFO - Processing /home/airflow/.local/lib/python3.7/site-packages/airflow/example_dags/example_skip_dag.py took 0.094 seconds
[2023-09-07 18:02:02,229] {processor.py:163} INFO - Started process (PID=343) to work on /home/airflow/.local/lib/python3.7/site-packages/airflow/example_dags/example_skip_dag.py
[2023-09-07 18:02:02,231] {processor.py:642} INFO - Processing file /home/airflow/.local/lib/python3.7/site-packages/airflow/example_dags/example_skip_dag.py for tasks to queue
[2023-09-07 18:02:02,232] {logging_mixin.py:109} INFO - [2023-09-07 18:02:02,232] {dagbag.py:500} INFO - Filling up the DagBag from /home/airflow/.local/lib/python3.7/site-packages/airflow/example_dags/example_skip_dag.py
[2023-09-07 18:02:02,264] {processor.py:654} INFO - DAG(s) dict_keys(['example_skip_dag']) retrieved from /home/airflow/.local/lib/python3.7/site-packages/airflow/example_dags/example_skip_dag.py
[2023-09-07 18:02:02,276] {logging_mixin.py:109} INFO - [2023-09-07 18:02:02,276] {dag.py:2398} INFO - Sync 1 DAGs
[2023-09-07 18:02:02,304] {logging_mixin.py:109} INFO - [2023-09-07 18:02:02,304] {dag.py:2937} INFO - Setting next_dagrun for example_skip_dag to 2023-09-06T18:02:02.304427+00:00
[2023-09-07 18:02:02,314] {processor.py:171} INFO - Processing /home/airflow/.local/lib/python3.7/site-packages/airflow/example_dags/example_skip_dag.py took 0.089 seconds
[2023-09-07 18:02:32,468] {processor.py:163} INFO - Started process (PID=393) to work on /home/airflow/.local/lib/python3.7/site-packages/airflow/example_dags/example_skip_dag.py
[2023-09-07 18:02:32,470] {processor.py:642} INFO - Processing file /home/airflow/.local/lib/python3.7/site-packages/airflow/example_dags/example_skip_dag.py for tasks to queue
[2023-09-07 18:02:32,471] {logging_mixin.py:109} INFO - [2023-09-07 18:02:32,471] {dagbag.py:500} INFO - Filling up the DagBag from /home/airflow/.local/lib/python3.7/site-packages/airflow/example_dags/example_skip_dag.py
[2023-09-07 18:02:32,506] {processor.py:654} INFO - DAG(s) dict_keys(['example_skip_dag']) retrieved from /home/airflow/.local/lib/python3.7/site-packages/airflow/example_dags/example_skip_dag.py
[2023-09-07 18:02:32,518] {logging_mixin.py:109} INFO - [2023-09-07 18:02:32,518] {dag.py:2398} INFO - Sync 1 DAGs
[2023-09-07 18:02:32,534] {logging_mixin.py:109} INFO - [2023-09-07 18:02:32,534] {dag.py:2937} INFO - Setting next_dagrun for example_skip_dag to 2023-09-06T18:02:32.534508+00:00
[2023-09-07 18:02:32,544] {processor.py:171} INFO - Processing /home/airflow/.local/lib/python3.7/site-packages/airflow/example_dags/example_skip_dag.py took 0.080 seconds
