[2023-09-07 18:01:06,892] {processor.py:163} INFO - Started process (PID=143) to work on /home/airflow/.local/lib/python3.7/site-packages/airflow/example_dags/tutorial_taskflow_api_etl.py
[2023-09-07 18:01:06,894] {processor.py:642} INFO - Processing file /home/airflow/.local/lib/python3.7/site-packages/airflow/example_dags/tutorial_taskflow_api_etl.py for tasks to queue
[2023-09-07 18:01:06,896] {logging_mixin.py:109} INFO - [2023-09-07 18:01:06,895] {dagbag.py:500} INFO - Filling up the DagBag from /home/airflow/.local/lib/python3.7/site-packages/airflow/example_dags/tutorial_taskflow_api_etl.py
[2023-09-07 18:01:06,952] {processor.py:654} INFO - DAG(s) dict_keys(['tutorial_taskflow_api_etl']) retrieved from /home/airflow/.local/lib/python3.7/site-packages/airflow/example_dags/tutorial_taskflow_api_etl.py
[2023-09-07 18:01:09,657] {logging_mixin.py:109} INFO - [2023-09-07 18:01:09,657] {manager.py:496} INFO - Created Permission View: can edit on DAG:tutorial_taskflow_api_etl
[2023-09-07 18:01:09,668] {logging_mixin.py:109} INFO - [2023-09-07 18:01:09,668] {manager.py:496} INFO - Created Permission View: can read on DAG:tutorial_taskflow_api_etl
[2023-09-07 18:01:09,669] {logging_mixin.py:109} INFO - [2023-09-07 18:01:09,669] {dag.py:2398} INFO - Sync 1 DAGs
[2023-09-07 18:01:09,679] {logging_mixin.py:109} INFO - [2023-09-07 18:01:09,679] {dag.py:2417} INFO - Creating ORM DAG for tutorial_taskflow_api_etl
[2023-09-07 18:01:09,688] {logging_mixin.py:109} INFO - [2023-09-07 18:01:09,688] {dag.py:2937} INFO - Setting next_dagrun for tutorial_taskflow_api_etl to None
[2023-09-07 18:01:09,703] {processor.py:171} INFO - Processing /home/airflow/.local/lib/python3.7/site-packages/airflow/example_dags/tutorial_taskflow_api_etl.py took 2.818 seconds
[2023-09-07 18:01:40,325] {processor.py:163} INFO - Started process (PID=299) to work on /home/airflow/.local/lib/python3.7/site-packages/airflow/example_dags/tutorial_taskflow_api_etl.py
[2023-09-07 18:01:40,326] {processor.py:642} INFO - Processing file /home/airflow/.local/lib/python3.7/site-packages/airflow/example_dags/tutorial_taskflow_api_etl.py for tasks to queue
[2023-09-07 18:01:40,328] {logging_mixin.py:109} INFO - [2023-09-07 18:01:40,327] {dagbag.py:500} INFO - Filling up the DagBag from /home/airflow/.local/lib/python3.7/site-packages/airflow/example_dags/tutorial_taskflow_api_etl.py
[2023-09-07 18:01:40,366] {processor.py:654} INFO - DAG(s) dict_keys(['tutorial_taskflow_api_etl']) retrieved from /home/airflow/.local/lib/python3.7/site-packages/airflow/example_dags/tutorial_taskflow_api_etl.py
[2023-09-07 18:01:40,567] {logging_mixin.py:109} INFO - [2023-09-07 18:01:40,567] {dag.py:2398} INFO - Sync 1 DAGs
[2023-09-07 18:01:40,582] {logging_mixin.py:109} INFO - [2023-09-07 18:01:40,582] {dag.py:2937} INFO - Setting next_dagrun for tutorial_taskflow_api_etl to None
[2023-09-07 18:01:40,594] {processor.py:171} INFO - Processing /home/airflow/.local/lib/python3.7/site-packages/airflow/example_dags/tutorial_taskflow_api_etl.py took 0.273 seconds
[2023-09-07 18:02:10,690] {processor.py:163} INFO - Started process (PID=358) to work on /home/airflow/.local/lib/python3.7/site-packages/airflow/example_dags/tutorial_taskflow_api_etl.py
[2023-09-07 18:02:10,692] {processor.py:642} INFO - Processing file /home/airflow/.local/lib/python3.7/site-packages/airflow/example_dags/tutorial_taskflow_api_etl.py for tasks to queue
[2023-09-07 18:02:10,693] {logging_mixin.py:109} INFO - [2023-09-07 18:02:10,693] {dagbag.py:500} INFO - Filling up the DagBag from /home/airflow/.local/lib/python3.7/site-packages/airflow/example_dags/tutorial_taskflow_api_etl.py
[2023-09-07 18:02:10,734] {processor.py:654} INFO - DAG(s) dict_keys(['tutorial_taskflow_api_etl']) retrieved from /home/airflow/.local/lib/python3.7/site-packages/airflow/example_dags/tutorial_taskflow_api_etl.py
[2023-09-07 18:02:10,923] {logging_mixin.py:109} INFO - [2023-09-07 18:02:10,923] {dag.py:2398} INFO - Sync 1 DAGs
[2023-09-07 18:02:10,937] {logging_mixin.py:109} INFO - [2023-09-07 18:02:10,937] {dag.py:2937} INFO - Setting next_dagrun for tutorial_taskflow_api_etl to None
[2023-09-07 18:02:10,951] {processor.py:171} INFO - Processing /home/airflow/.local/lib/python3.7/site-packages/airflow/example_dags/tutorial_taskflow_api_etl.py took 0.265 seconds
[2023-09-07 18:02:41,828] {processor.py:163} INFO - Started process (PID=408) to work on /home/airflow/.local/lib/python3.7/site-packages/airflow/example_dags/tutorial_taskflow_api_etl.py
[2023-09-07 18:02:41,830] {processor.py:642} INFO - Processing file /home/airflow/.local/lib/python3.7/site-packages/airflow/example_dags/tutorial_taskflow_api_etl.py for tasks to queue
[2023-09-07 18:02:41,831] {logging_mixin.py:109} INFO - [2023-09-07 18:02:41,831] {dagbag.py:500} INFO - Filling up the DagBag from /home/airflow/.local/lib/python3.7/site-packages/airflow/example_dags/tutorial_taskflow_api_etl.py
[2023-09-07 18:02:41,872] {processor.py:654} INFO - DAG(s) dict_keys(['tutorial_taskflow_api_etl']) retrieved from /home/airflow/.local/lib/python3.7/site-packages/airflow/example_dags/tutorial_taskflow_api_etl.py
[2023-09-07 18:02:42,056] {logging_mixin.py:109} INFO - [2023-09-07 18:02:42,056] {dag.py:2398} INFO - Sync 1 DAGs
[2023-09-07 18:02:42,070] {logging_mixin.py:109} INFO - [2023-09-07 18:02:42,070] {dag.py:2937} INFO - Setting next_dagrun for tutorial_taskflow_api_etl to None
[2023-09-07 18:02:42,081] {processor.py:171} INFO - Processing /home/airflow/.local/lib/python3.7/site-packages/airflow/example_dags/tutorial_taskflow_api_etl.py took 0.259 seconds
[2023-09-07 18:03:12,174] {processor.py:163} INFO - Started process (PID=467) to work on /home/airflow/.local/lib/python3.7/site-packages/airflow/example_dags/tutorial_taskflow_api_etl.py
[2023-09-07 18:03:12,176] {processor.py:642} INFO - Processing file /home/airflow/.local/lib/python3.7/site-packages/airflow/example_dags/tutorial_taskflow_api_etl.py for tasks to queue
[2023-09-07 18:03:12,177] {logging_mixin.py:109} INFO - [2023-09-07 18:03:12,177] {dagbag.py:500} INFO - Filling up the DagBag from /home/airflow/.local/lib/python3.7/site-packages/airflow/example_dags/tutorial_taskflow_api_etl.py
[2023-09-07 18:03:12,211] {processor.py:654} INFO - DAG(s) dict_keys(['tutorial_taskflow_api_etl']) retrieved from /home/airflow/.local/lib/python3.7/site-packages/airflow/example_dags/tutorial_taskflow_api_etl.py
[2023-09-07 18:03:12,379] {logging_mixin.py:109} INFO - [2023-09-07 18:03:12,379] {dag.py:2398} INFO - Sync 1 DAGs
[2023-09-07 18:03:12,392] {logging_mixin.py:109} INFO - [2023-09-07 18:03:12,392] {dag.py:2937} INFO - Setting next_dagrun for tutorial_taskflow_api_etl to None
[2023-09-07 18:03:12,401] {processor.py:171} INFO - Processing /home/airflow/.local/lib/python3.7/site-packages/airflow/example_dags/tutorial_taskflow_api_etl.py took 0.231 seconds
[2023-09-07 18:03:43,407] {processor.py:163} INFO - Started process (PID=517) to work on /home/airflow/.local/lib/python3.7/site-packages/airflow/example_dags/tutorial_taskflow_api_etl.py
[2023-09-07 18:03:43,426] {processor.py:642} INFO - Processing file /home/airflow/.local/lib/python3.7/site-packages/airflow/example_dags/tutorial_taskflow_api_etl.py for tasks to queue
[2023-09-07 18:03:43,427] {logging_mixin.py:109} INFO - [2023-09-07 18:03:43,427] {dagbag.py:500} INFO - Filling up the DagBag from /home/airflow/.local/lib/python3.7/site-packages/airflow/example_dags/tutorial_taskflow_api_etl.py
[2023-09-07 18:03:43,465] {processor.py:654} INFO - DAG(s) dict_keys(['tutorial_taskflow_api_etl']) retrieved from /home/airflow/.local/lib/python3.7/site-packages/airflow/example_dags/tutorial_taskflow_api_etl.py
[2023-09-07 18:03:43,709] {logging_mixin.py:109} INFO - [2023-09-07 18:03:43,709] {dag.py:2398} INFO - Sync 1 DAGs
[2023-09-07 18:03:43,723] {logging_mixin.py:109} INFO - [2023-09-07 18:03:43,723] {dag.py:2937} INFO - Setting next_dagrun for tutorial_taskflow_api_etl to None
[2023-09-07 18:03:43,733] {processor.py:171} INFO - Processing /home/airflow/.local/lib/python3.7/site-packages/airflow/example_dags/tutorial_taskflow_api_etl.py took 0.333 seconds
[2023-09-07 18:04:13,808] {processor.py:163} INFO - Started process (PID=568) to work on /home/airflow/.local/lib/python3.7/site-packages/airflow/example_dags/tutorial_taskflow_api_etl.py
[2023-09-07 18:04:13,810] {processor.py:642} INFO - Processing file /home/airflow/.local/lib/python3.7/site-packages/airflow/example_dags/tutorial_taskflow_api_etl.py for tasks to queue
[2023-09-07 18:04:13,812] {logging_mixin.py:109} INFO - [2023-09-07 18:04:13,812] {dagbag.py:500} INFO - Filling up the DagBag from /home/airflow/.local/lib/python3.7/site-packages/airflow/example_dags/tutorial_taskflow_api_etl.py
[2023-09-07 18:04:13,856] {processor.py:654} INFO - DAG(s) dict_keys(['tutorial_taskflow_api_etl']) retrieved from /home/airflow/.local/lib/python3.7/site-packages/airflow/example_dags/tutorial_taskflow_api_etl.py
[2023-09-07 18:04:14,040] {logging_mixin.py:109} INFO - [2023-09-07 18:04:14,040] {dag.py:2398} INFO - Sync 1 DAGs
[2023-09-07 18:04:14,059] {logging_mixin.py:109} INFO - [2023-09-07 18:04:14,059] {dag.py:2937} INFO - Setting next_dagrun for tutorial_taskflow_api_etl to None
[2023-09-07 18:04:14,071] {processor.py:171} INFO - Processing /home/airflow/.local/lib/python3.7/site-packages/airflow/example_dags/tutorial_taskflow_api_etl.py took 0.267 seconds
[2023-09-07 18:04:44,878] {processor.py:163} INFO - Started process (PID=627) to work on /home/airflow/.local/lib/python3.7/site-packages/airflow/example_dags/tutorial_taskflow_api_etl.py
[2023-09-07 18:04:44,880] {processor.py:642} INFO - Processing file /home/airflow/.local/lib/python3.7/site-packages/airflow/example_dags/tutorial_taskflow_api_etl.py for tasks to queue
[2023-09-07 18:04:44,881] {logging_mixin.py:109} INFO - [2023-09-07 18:04:44,881] {dagbag.py:500} INFO - Filling up the DagBag from /home/airflow/.local/lib/python3.7/site-packages/airflow/example_dags/tutorial_taskflow_api_etl.py
[2023-09-07 18:04:44,919] {processor.py:654} INFO - DAG(s) dict_keys(['tutorial_taskflow_api_etl']) retrieved from /home/airflow/.local/lib/python3.7/site-packages/airflow/example_dags/tutorial_taskflow_api_etl.py
[2023-09-07 18:04:45,110] {logging_mixin.py:109} INFO - [2023-09-07 18:04:45,110] {dag.py:2398} INFO - Sync 1 DAGs
[2023-09-07 18:04:45,123] {logging_mixin.py:109} INFO - [2023-09-07 18:04:45,123] {dag.py:2937} INFO - Setting next_dagrun for tutorial_taskflow_api_etl to None
[2023-09-07 18:04:45,134] {processor.py:171} INFO - Processing /home/airflow/.local/lib/python3.7/site-packages/airflow/example_dags/tutorial_taskflow_api_etl.py took 0.261 seconds
