[2023-09-07 18:01:13,627] {processor.py:163} INFO - Started process (PID=184) to work on /home/airflow/.local/lib/python3.7/site-packages/airflow/example_dags/tutorial.py
[2023-09-07 18:01:13,630] {processor.py:642} INFO - Processing file /home/airflow/.local/lib/python3.7/site-packages/airflow/example_dags/tutorial.py for tasks to queue
[2023-09-07 18:01:13,632] {logging_mixin.py:109} INFO - [2023-09-07 18:01:13,632] {dagbag.py:500} INFO - Filling up the DagBag from /home/airflow/.local/lib/python3.7/site-packages/airflow/example_dags/tutorial.py
[2023-09-07 18:01:13,681] {processor.py:654} INFO - DAG(s) dict_keys(['tutorial']) retrieved from /home/airflow/.local/lib/python3.7/site-packages/airflow/example_dags/tutorial.py
[2023-09-07 18:01:15,879] {logging_mixin.py:109} INFO - [2023-09-07 18:01:15,879] {manager.py:496} INFO - Created Permission View: can edit on DAG:tutorial
[2023-09-07 18:01:15,891] {logging_mixin.py:109} INFO - [2023-09-07 18:01:15,891] {manager.py:496} INFO - Created Permission View: can read on DAG:tutorial
[2023-09-07 18:01:15,892] {logging_mixin.py:109} INFO - [2023-09-07 18:01:15,892] {dag.py:2398} INFO - Sync 1 DAGs
[2023-09-07 18:01:15,902] {logging_mixin.py:109} INFO - [2023-09-07 18:01:15,902] {dag.py:2417} INFO - Creating ORM DAG for tutorial
[2023-09-07 18:01:15,912] {logging_mixin.py:109} INFO - [2023-09-07 18:01:15,912] {dag.py:2937} INFO - Setting next_dagrun for tutorial to 2023-09-06T18:01:15.912125+00:00
[2023-09-07 18:01:15,930] {processor.py:171} INFO - Processing /home/airflow/.local/lib/python3.7/site-packages/airflow/example_dags/tutorial.py took 2.307 seconds
[2023-09-07 18:01:46,042] {processor.py:163} INFO - Started process (PID=313) to work on /home/airflow/.local/lib/python3.7/site-packages/airflow/example_dags/tutorial.py
[2023-09-07 18:01:46,044] {processor.py:642} INFO - Processing file /home/airflow/.local/lib/python3.7/site-packages/airflow/example_dags/tutorial.py for tasks to queue
[2023-09-07 18:01:46,046] {logging_mixin.py:109} INFO - [2023-09-07 18:01:46,046] {dagbag.py:500} INFO - Filling up the DagBag from /home/airflow/.local/lib/python3.7/site-packages/airflow/example_dags/tutorial.py
[2023-09-07 18:01:46,085] {processor.py:654} INFO - DAG(s) dict_keys(['tutorial']) retrieved from /home/airflow/.local/lib/python3.7/site-packages/airflow/example_dags/tutorial.py
[2023-09-07 18:01:46,096] {logging_mixin.py:109} INFO - [2023-09-07 18:01:46,096] {dag.py:2398} INFO - Sync 1 DAGs
[2023-09-07 18:01:46,113] {logging_mixin.py:109} INFO - [2023-09-07 18:01:46,113] {dag.py:2937} INFO - Setting next_dagrun for tutorial to 2023-09-06T18:01:46.112797+00:00
[2023-09-07 18:01:46,123] {processor.py:171} INFO - Processing /home/airflow/.local/lib/python3.7/site-packages/airflow/example_dags/tutorial.py took 0.085 seconds
[2023-09-07 18:02:16,194] {processor.py:163} INFO - Started process (PID=363) to work on /home/airflow/.local/lib/python3.7/site-packages/airflow/example_dags/tutorial.py
[2023-09-07 18:02:16,196] {processor.py:642} INFO - Processing file /home/airflow/.local/lib/python3.7/site-packages/airflow/example_dags/tutorial.py for tasks to queue
[2023-09-07 18:02:16,197] {logging_mixin.py:109} INFO - [2023-09-07 18:02:16,197] {dagbag.py:500} INFO - Filling up the DagBag from /home/airflow/.local/lib/python3.7/site-packages/airflow/example_dags/tutorial.py
[2023-09-07 18:02:16,229] {processor.py:654} INFO - DAG(s) dict_keys(['tutorial']) retrieved from /home/airflow/.local/lib/python3.7/site-packages/airflow/example_dags/tutorial.py
[2023-09-07 18:02:16,240] {logging_mixin.py:109} INFO - [2023-09-07 18:02:16,240] {dag.py:2398} INFO - Sync 1 DAGs
[2023-09-07 18:02:16,256] {logging_mixin.py:109} INFO - [2023-09-07 18:02:16,256] {dag.py:2937} INFO - Setting next_dagrun for tutorial to 2023-09-06T18:02:16.255999+00:00
[2023-09-07 18:02:16,266] {processor.py:171} INFO - Processing /home/airflow/.local/lib/python3.7/site-packages/airflow/example_dags/tutorial.py took 0.076 seconds
[2023-09-07 18:02:47,071] {processor.py:163} INFO - Started process (PID=422) to work on /home/airflow/.local/lib/python3.7/site-packages/airflow/example_dags/tutorial.py
[2023-09-07 18:02:47,073] {processor.py:642} INFO - Processing file /home/airflow/.local/lib/python3.7/site-packages/airflow/example_dags/tutorial.py for tasks to queue
[2023-09-07 18:02:47,074] {logging_mixin.py:109} INFO - [2023-09-07 18:02:47,074] {dagbag.py:500} INFO - Filling up the DagBag from /home/airflow/.local/lib/python3.7/site-packages/airflow/example_dags/tutorial.py
[2023-09-07 18:02:47,107] {processor.py:654} INFO - DAG(s) dict_keys(['tutorial']) retrieved from /home/airflow/.local/lib/python3.7/site-packages/airflow/example_dags/tutorial.py
[2023-09-07 18:02:47,120] {logging_mixin.py:109} INFO - [2023-09-07 18:02:47,120] {dag.py:2398} INFO - Sync 1 DAGs
[2023-09-07 18:02:47,139] {logging_mixin.py:109} INFO - [2023-09-07 18:02:47,139] {dag.py:2937} INFO - Setting next_dagrun for tutorial to 2023-09-06T18:02:47.139037+00:00
[2023-09-07 18:02:47,149] {processor.py:171} INFO - Processing /home/airflow/.local/lib/python3.7/site-packages/airflow/example_dags/tutorial.py took 0.082 seconds
[2023-09-07 18:03:17,311] {processor.py:163} INFO - Started process (PID=471) to work on /home/airflow/.local/lib/python3.7/site-packages/airflow/example_dags/tutorial.py
[2023-09-07 18:03:17,313] {processor.py:642} INFO - Processing file /home/airflow/.local/lib/python3.7/site-packages/airflow/example_dags/tutorial.py for tasks to queue
[2023-09-07 18:03:17,315] {logging_mixin.py:109} INFO - [2023-09-07 18:03:17,314] {dagbag.py:500} INFO - Filling up the DagBag from /home/airflow/.local/lib/python3.7/site-packages/airflow/example_dags/tutorial.py
[2023-09-07 18:03:17,354] {processor.py:654} INFO - DAG(s) dict_keys(['tutorial']) retrieved from /home/airflow/.local/lib/python3.7/site-packages/airflow/example_dags/tutorial.py
[2023-09-07 18:03:17,367] {logging_mixin.py:109} INFO - [2023-09-07 18:03:17,367] {dag.py:2398} INFO - Sync 1 DAGs
[2023-09-07 18:03:17,385] {logging_mixin.py:109} INFO - [2023-09-07 18:03:17,385] {dag.py:2937} INFO - Setting next_dagrun for tutorial to 2023-09-06T18:03:17.385193+00:00
[2023-09-07 18:03:17,396] {processor.py:171} INFO - Processing /home/airflow/.local/lib/python3.7/site-packages/airflow/example_dags/tutorial.py took 0.091 seconds
[2023-09-07 18:03:47,746] {processor.py:163} INFO - Started process (PID=521) to work on /home/airflow/.local/lib/python3.7/site-packages/airflow/example_dags/tutorial.py
[2023-09-07 18:03:47,748] {processor.py:642} INFO - Processing file /home/airflow/.local/lib/python3.7/site-packages/airflow/example_dags/tutorial.py for tasks to queue
[2023-09-07 18:03:47,749] {logging_mixin.py:109} INFO - [2023-09-07 18:03:47,749] {dagbag.py:500} INFO - Filling up the DagBag from /home/airflow/.local/lib/python3.7/site-packages/airflow/example_dags/tutorial.py
[2023-09-07 18:03:47,784] {processor.py:654} INFO - DAG(s) dict_keys(['tutorial']) retrieved from /home/airflow/.local/lib/python3.7/site-packages/airflow/example_dags/tutorial.py
[2023-09-07 18:03:47,797] {logging_mixin.py:109} INFO - [2023-09-07 18:03:47,797] {dag.py:2398} INFO - Sync 1 DAGs
[2023-09-07 18:03:47,814] {logging_mixin.py:109} INFO - [2023-09-07 18:03:47,813] {dag.py:2937} INFO - Setting next_dagrun for tutorial to 2023-09-06T18:03:47.813535+00:00
[2023-09-07 18:03:47,822] {processor.py:171} INFO - Processing /home/airflow/.local/lib/python3.7/site-packages/airflow/example_dags/tutorial.py took 0.082 seconds
[2023-09-07 18:04:17,906] {processor.py:163} INFO - Started process (PID=579) to work on /home/airflow/.local/lib/python3.7/site-packages/airflow/example_dags/tutorial.py
[2023-09-07 18:04:17,908] {processor.py:642} INFO - Processing file /home/airflow/.local/lib/python3.7/site-packages/airflow/example_dags/tutorial.py for tasks to queue
[2023-09-07 18:04:17,910] {logging_mixin.py:109} INFO - [2023-09-07 18:04:17,909] {dagbag.py:500} INFO - Filling up the DagBag from /home/airflow/.local/lib/python3.7/site-packages/airflow/example_dags/tutorial.py
[2023-09-07 18:04:17,946] {processor.py:654} INFO - DAG(s) dict_keys(['tutorial']) retrieved from /home/airflow/.local/lib/python3.7/site-packages/airflow/example_dags/tutorial.py
[2023-09-07 18:04:17,959] {logging_mixin.py:109} INFO - [2023-09-07 18:04:17,959] {dag.py:2398} INFO - Sync 1 DAGs
[2023-09-07 18:04:17,977] {logging_mixin.py:109} INFO - [2023-09-07 18:04:17,977] {dag.py:2937} INFO - Setting next_dagrun for tutorial to 2023-09-06T18:04:17.977556+00:00
[2023-09-07 18:04:17,988] {processor.py:171} INFO - Processing /home/airflow/.local/lib/python3.7/site-packages/airflow/example_dags/tutorial.py took 0.086 seconds
[2023-09-07 18:04:48,143] {processor.py:163} INFO - Started process (PID=629) to work on /home/airflow/.local/lib/python3.7/site-packages/airflow/example_dags/tutorial.py
[2023-09-07 18:04:48,147] {processor.py:642} INFO - Processing file /home/airflow/.local/lib/python3.7/site-packages/airflow/example_dags/tutorial.py for tasks to queue
[2023-09-07 18:04:48,148] {logging_mixin.py:109} INFO - [2023-09-07 18:04:48,148] {dagbag.py:500} INFO - Filling up the DagBag from /home/airflow/.local/lib/python3.7/site-packages/airflow/example_dags/tutorial.py
[2023-09-07 18:04:48,184] {processor.py:654} INFO - DAG(s) dict_keys(['tutorial']) retrieved from /home/airflow/.local/lib/python3.7/site-packages/airflow/example_dags/tutorial.py
[2023-09-07 18:04:48,195] {logging_mixin.py:109} INFO - [2023-09-07 18:04:48,195] {dag.py:2398} INFO - Sync 1 DAGs
[2023-09-07 18:04:48,211] {logging_mixin.py:109} INFO - [2023-09-07 18:04:48,211] {dag.py:2937} INFO - Setting next_dagrun for tutorial to 2023-09-06T18:04:48.211419+00:00
[2023-09-07 18:04:48,221] {processor.py:171} INFO - Processing /home/airflow/.local/lib/python3.7/site-packages/airflow/example_dags/tutorial.py took 0.082 seconds
