[2023-09-07 18:01:25,148] {processor.py:163} INFO - Started process (PID=262) to work on /home/airflow/.local/lib/python3.7/site-packages/airflow/example_dags/tutorial_etl_dag.py
[2023-09-07 18:01:25,151] {processor.py:642} INFO - Processing file /home/airflow/.local/lib/python3.7/site-packages/airflow/example_dags/tutorial_etl_dag.py for tasks to queue
[2023-09-07 18:01:25,153] {logging_mixin.py:109} INFO - [2023-09-07 18:01:25,152] {dagbag.py:500} INFO - Filling up the DagBag from /home/airflow/.local/lib/python3.7/site-packages/airflow/example_dags/tutorial_etl_dag.py
[2023-09-07 18:01:25,199] {processor.py:654} INFO - DAG(s) dict_keys(['tutorial_etl_dag']) retrieved from /home/airflow/.local/lib/python3.7/site-packages/airflow/example_dags/tutorial_etl_dag.py
[2023-09-07 18:01:27,207] {logging_mixin.py:109} INFO - [2023-09-07 18:01:27,207] {manager.py:496} INFO - Created Permission View: can edit on DAG:tutorial_etl_dag
[2023-09-07 18:01:27,215] {logging_mixin.py:109} INFO - [2023-09-07 18:01:27,215] {manager.py:496} INFO - Created Permission View: can read on DAG:tutorial_etl_dag
[2023-09-07 18:01:27,217] {logging_mixin.py:109} INFO - [2023-09-07 18:01:27,216] {dag.py:2398} INFO - Sync 1 DAGs
[2023-09-07 18:01:27,225] {logging_mixin.py:109} INFO - [2023-09-07 18:01:27,225] {dag.py:2417} INFO - Creating ORM DAG for tutorial_etl_dag
[2023-09-07 18:01:27,234] {logging_mixin.py:109} INFO - [2023-09-07 18:01:27,234] {dag.py:2937} INFO - Setting next_dagrun for tutorial_etl_dag to None
[2023-09-07 18:01:27,247] {processor.py:171} INFO - Processing /home/airflow/.local/lib/python3.7/site-packages/airflow/example_dags/tutorial_etl_dag.py took 2.104 seconds
[2023-09-07 18:01:58,285] {processor.py:163} INFO - Started process (PID=336) to work on /home/airflow/.local/lib/python3.7/site-packages/airflow/example_dags/tutorial_etl_dag.py
[2023-09-07 18:01:58,288] {processor.py:642} INFO - Processing file /home/airflow/.local/lib/python3.7/site-packages/airflow/example_dags/tutorial_etl_dag.py for tasks to queue
[2023-09-07 18:01:58,289] {logging_mixin.py:109} INFO - [2023-09-07 18:01:58,289] {dagbag.py:500} INFO - Filling up the DagBag from /home/airflow/.local/lib/python3.7/site-packages/airflow/example_dags/tutorial_etl_dag.py
[2023-09-07 18:01:58,333] {processor.py:654} INFO - DAG(s) dict_keys(['tutorial_etl_dag']) retrieved from /home/airflow/.local/lib/python3.7/site-packages/airflow/example_dags/tutorial_etl_dag.py
[2023-09-07 18:01:58,346] {logging_mixin.py:109} INFO - [2023-09-07 18:01:58,346] {dag.py:2398} INFO - Sync 1 DAGs
[2023-09-07 18:01:58,366] {logging_mixin.py:109} INFO - [2023-09-07 18:01:58,365] {dag.py:2937} INFO - Setting next_dagrun for tutorial_etl_dag to None
[2023-09-07 18:01:58,378] {processor.py:171} INFO - Processing /home/airflow/.local/lib/python3.7/site-packages/airflow/example_dags/tutorial_etl_dag.py took 0.097 seconds
[2023-09-07 18:02:29,231] {processor.py:163} INFO - Started process (PID=387) to work on /home/airflow/.local/lib/python3.7/site-packages/airflow/example_dags/tutorial_etl_dag.py
[2023-09-07 18:02:29,233] {processor.py:642} INFO - Processing file /home/airflow/.local/lib/python3.7/site-packages/airflow/example_dags/tutorial_etl_dag.py for tasks to queue
[2023-09-07 18:02:29,234] {logging_mixin.py:109} INFO - [2023-09-07 18:02:29,234] {dagbag.py:500} INFO - Filling up the DagBag from /home/airflow/.local/lib/python3.7/site-packages/airflow/example_dags/tutorial_etl_dag.py
[2023-09-07 18:02:29,272] {processor.py:654} INFO - DAG(s) dict_keys(['tutorial_etl_dag']) retrieved from /home/airflow/.local/lib/python3.7/site-packages/airflow/example_dags/tutorial_etl_dag.py
[2023-09-07 18:02:29,283] {logging_mixin.py:109} INFO - [2023-09-07 18:02:29,283] {dag.py:2398} INFO - Sync 1 DAGs
[2023-09-07 18:02:29,301] {logging_mixin.py:109} INFO - [2023-09-07 18:02:29,301] {dag.py:2937} INFO - Setting next_dagrun for tutorial_etl_dag to None
[2023-09-07 18:02:29,312] {processor.py:171} INFO - Processing /home/airflow/.local/lib/python3.7/site-packages/airflow/example_dags/tutorial_etl_dag.py took 0.085 seconds
[2023-09-07 18:03:00,172] {processor.py:163} INFO - Started process (PID=447) to work on /home/airflow/.local/lib/python3.7/site-packages/airflow/example_dags/tutorial_etl_dag.py
[2023-09-07 18:03:00,174] {processor.py:642} INFO - Processing file /home/airflow/.local/lib/python3.7/site-packages/airflow/example_dags/tutorial_etl_dag.py for tasks to queue
[2023-09-07 18:03:00,175] {logging_mixin.py:109} INFO - [2023-09-07 18:03:00,175] {dagbag.py:500} INFO - Filling up the DagBag from /home/airflow/.local/lib/python3.7/site-packages/airflow/example_dags/tutorial_etl_dag.py
[2023-09-07 18:03:00,209] {processor.py:654} INFO - DAG(s) dict_keys(['tutorial_etl_dag']) retrieved from /home/airflow/.local/lib/python3.7/site-packages/airflow/example_dags/tutorial_etl_dag.py
[2023-09-07 18:03:00,221] {logging_mixin.py:109} INFO - [2023-09-07 18:03:00,220] {dag.py:2398} INFO - Sync 1 DAGs
[2023-09-07 18:03:00,237] {logging_mixin.py:109} INFO - [2023-09-07 18:03:00,237] {dag.py:2937} INFO - Setting next_dagrun for tutorial_etl_dag to None
[2023-09-07 18:03:00,247] {processor.py:171} INFO - Processing /home/airflow/.local/lib/python3.7/site-packages/airflow/example_dags/tutorial_etl_dag.py took 0.078 seconds
[2023-09-07 18:03:30,638] {processor.py:163} INFO - Started process (PID=497) to work on /home/airflow/.local/lib/python3.7/site-packages/airflow/example_dags/tutorial_etl_dag.py
[2023-09-07 18:03:30,640] {processor.py:642} INFO - Processing file /home/airflow/.local/lib/python3.7/site-packages/airflow/example_dags/tutorial_etl_dag.py for tasks to queue
[2023-09-07 18:03:30,641] {logging_mixin.py:109} INFO - [2023-09-07 18:03:30,641] {dagbag.py:500} INFO - Filling up the DagBag from /home/airflow/.local/lib/python3.7/site-packages/airflow/example_dags/tutorial_etl_dag.py
[2023-09-07 18:03:30,696] {processor.py:654} INFO - DAG(s) dict_keys(['tutorial_etl_dag']) retrieved from /home/airflow/.local/lib/python3.7/site-packages/airflow/example_dags/tutorial_etl_dag.py
[2023-09-07 18:03:30,706] {logging_mixin.py:109} INFO - [2023-09-07 18:03:30,706] {dag.py:2398} INFO - Sync 1 DAGs
[2023-09-07 18:03:30,722] {logging_mixin.py:109} INFO - [2023-09-07 18:03:30,722] {dag.py:2937} INFO - Setting next_dagrun for tutorial_etl_dag to None
[2023-09-07 18:03:30,732] {processor.py:171} INFO - Processing /home/airflow/.local/lib/python3.7/site-packages/airflow/example_dags/tutorial_etl_dag.py took 0.099 seconds
[2023-09-07 18:04:01,774] {processor.py:163} INFO - Started process (PID=547) to work on /home/airflow/.local/lib/python3.7/site-packages/airflow/example_dags/tutorial_etl_dag.py
[2023-09-07 18:04:01,775] {processor.py:642} INFO - Processing file /home/airflow/.local/lib/python3.7/site-packages/airflow/example_dags/tutorial_etl_dag.py for tasks to queue
[2023-09-07 18:04:01,777] {logging_mixin.py:109} INFO - [2023-09-07 18:04:01,776] {dagbag.py:500} INFO - Filling up the DagBag from /home/airflow/.local/lib/python3.7/site-packages/airflow/example_dags/tutorial_etl_dag.py
[2023-09-07 18:04:01,812] {processor.py:654} INFO - DAG(s) dict_keys(['tutorial_etl_dag']) retrieved from /home/airflow/.local/lib/python3.7/site-packages/airflow/example_dags/tutorial_etl_dag.py
[2023-09-07 18:04:01,830] {logging_mixin.py:109} INFO - [2023-09-07 18:04:01,830] {dag.py:2398} INFO - Sync 1 DAGs
[2023-09-07 18:04:01,854] {logging_mixin.py:109} INFO - [2023-09-07 18:04:01,854] {dag.py:2937} INFO - Setting next_dagrun for tutorial_etl_dag to None
[2023-09-07 18:04:01,867] {processor.py:171} INFO - Processing /home/airflow/.local/lib/python3.7/site-packages/airflow/example_dags/tutorial_etl_dag.py took 0.098 seconds
[2023-09-07 18:04:32,033] {processor.py:163} INFO - Started process (PID=604) to work on /home/airflow/.local/lib/python3.7/site-packages/airflow/example_dags/tutorial_etl_dag.py
[2023-09-07 18:04:32,036] {processor.py:642} INFO - Processing file /home/airflow/.local/lib/python3.7/site-packages/airflow/example_dags/tutorial_etl_dag.py for tasks to queue
[2023-09-07 18:04:32,038] {logging_mixin.py:109} INFO - [2023-09-07 18:04:32,037] {dagbag.py:500} INFO - Filling up the DagBag from /home/airflow/.local/lib/python3.7/site-packages/airflow/example_dags/tutorial_etl_dag.py
[2023-09-07 18:04:32,078] {processor.py:654} INFO - DAG(s) dict_keys(['tutorial_etl_dag']) retrieved from /home/airflow/.local/lib/python3.7/site-packages/airflow/example_dags/tutorial_etl_dag.py
[2023-09-07 18:04:32,089] {logging_mixin.py:109} INFO - [2023-09-07 18:04:32,089] {dag.py:2398} INFO - Sync 1 DAGs
[2023-09-07 18:04:32,108] {logging_mixin.py:109} INFO - [2023-09-07 18:04:32,108] {dag.py:2937} INFO - Setting next_dagrun for tutorial_etl_dag to None
[2023-09-07 18:04:32,117] {processor.py:171} INFO - Processing /home/airflow/.local/lib/python3.7/site-packages/airflow/example_dags/tutorial_etl_dag.py took 0.088 seconds
